{"numFailedTestSuites":2,"numFailedTests":38,"numPassedTestSuites":3,"numPassedTests":96,"numPendingTestSuites":0,"numPendingTests":0,"numRuntimeErrorTestSuites":0,"numTodoTests":0,"numTotalTestSuites":5,"numTotalTests":134,"openHandles":[],"snapshot":{"added":0,"didUpdate":false,"failure":false,"filesAdded":0,"filesRemoved":0,"filesRemovedList":[],"filesUnmatched":0,"filesUpdated":0,"matched":0,"total":0,"unchecked":0,"uncheckedKeysByFile":[],"unmatched":0,"updated":0},"startTime":1776400087560,"success":false,"testResults":[{"assertionResults":[{"ancestorTitles":["Razorpay Payment Controller","Edge Case 1: Initiate rent payment with valid data"],"duration":10,"failing":false,"failureDetails":[],"failureMessages":[],"fullName":"Razorpay Payment Controller Edge Case 1: Initiate rent payment with valid data should create payment order with valid propertyId and amount","invocations":1,"location":null,"numPassingAsserts":2,"retryReasons":[],"startAt":1776400089432,"status":"passed","title":"should create payment order with valid propertyId and amount"},{"ancestorTitles":["Razorpay Payment Controller","Edge Case 1: Initiate rent payment with valid data"],"duration":4,"failing":false,"failureDetails":[],"failureMessages":[],"fullName":"Razorpay Payment Controller Edge Case 1: Initiate rent payment with valid data should save payment record to database","invocations":1,"location":null,"numPassingAsserts":1,"retryReasons":[],"startAt":1776400089444,"status":"passed","title":"should save payment record to database"},{"ancestorTitles":["Razorpay Payment Controller","Edge Case 1: Initiate rent payment with valid data"],"duration":3,"failing":false,"failureDetails":[],"failureMessages":[],"fullName":"Razorpay Payment Controller Edge Case 1: Initiate rent payment with valid data should return orderId for frontend payment gateway","invocations":1,"location":null,"numPassingAsserts":2,"retryReasons":[],"startAt":1776400089449,"status":"passed","title":"should return orderId for frontend payment gateway"},{"ancestorTitles":["Razorpay Payment Controller","Edge Case 2: Negative and invalid amounts"],"duration":4,"failing":false,"failureDetails":[{}],"failureMessages":["Error: \u001b[2mexpect(\u001b[22m\u001b[31mreceived\u001b[39m\u001b[2m).\u001b[22mtoContain\u001b[2m(\u001b[22m\u001b[32mexpected\u001b[39m\u001b[2m) // indexOf\u001b[22m\n\n\u001b[1mMatcher error\u001b[22m: \u001b[31mreceived\u001b[39m value must not be null nor undefined\n\nReceived has value: \u001b[31mundefined\u001b[39m\n    at Object.toContain (D:\\WBD\\ffsd_repo_react\\server\\__tests__\\controllers\\razorpayPaymentController.test.js:177:35)\n    at processTicksAndRejections (node:internal/process/task_queues:103:5)"],"fullName":"Razorpay Payment Controller Edge Case 2: Negative and invalid amounts should reject negative amount","invocations":1,"location":null,"numPassingAsserts":1,"retryReasons":[],"startAt":1776400089453,"status":"failed","title":"should reject negative amount"},{"ancestorTitles":["Razorpay Payment Controller","Edge Case 2: Negative and invalid amounts"],"duration":2,"failing":false,"failureDetails":[],"failureMessages":[],"fullName":"Razorpay Payment Controller Edge Case 2: Negative and invalid amounts should reject zero amount","invocations":1,"location":null,"numPassingAsserts":1,"retryReasons":[],"startAt":1776400089479,"status":"passed","title":"should reject zero amount"},{"ancestorTitles":["Razorpay Payment Controller","Edge Case 2: Negative and invalid amounts"],"duration":48,"failing":false,"failureDetails":[{"matcherResult":{"message":"\u001b[2mexpect(\u001b[22m\u001b[31mjest.fn()\u001b[39m\u001b[2m).\u001b[22mtoHaveBeenCalledWith\u001b[2m(\u001b[22m\u001b[32m...expected\u001b[39m\u001b[2m)\u001b[22m\n\nExpected: \u001b[32m400\u001b[39m\nReceived: \u001b[31m500\u001b[39m\n\nNumber of calls: \u001b[31m1\u001b[39m","pass":false}}],"failureMessages":["Error: \u001b[2mexpect(\u001b[22m\u001b[31mjest.fn()\u001b[39m\u001b[2m).\u001b[22mtoHaveBeenCalledWith\u001b[2m(\u001b[22m\u001b[32m...expected\u001b[39m\u001b[2m)\u001b[22m\n\nExpected: \u001b[32m400\u001b[39m\nReceived: \u001b[31m500\u001b[39m\n\nNumber of calls: \u001b[31m1\u001b[39m\n    at Object.toHaveBeenCalledWith (D:\\WBD\\ffsd_repo_react\\server\\__tests__\\controllers\\razorpayPaymentController.test.js:199:26)\n    at processTicksAndRejections (node:internal/process/task_queues:103:5)"],"fullName":"Razorpay Payment Controller Edge Case 2: Negative and invalid amounts should reject non-numeric amount","invocations":1,"location":null,"numPassingAsserts":0,"retryReasons":[],"startAt":1776400089482,"status":"failed","title":"should reject non-numeric amount"},{"ancestorTitles":["Razorpay Payment Controller","Edge Case 2: Negative and invalid amounts"],"duration":3,"failing":false,"failureDetails":[{"matcherResult":{"message":"\u001b[2mexpect(\u001b[22m\u001b[31mjest.fn()\u001b[39m\u001b[2m).\u001b[22mtoHaveBeenCalledWith\u001b[2m(\u001b[22m\u001b[32m...expected\u001b[39m\u001b[2m)\u001b[22m\n\nExpected: \u001b[32m200\u001b[39m\nReceived: \u001b[31m500\u001b[39m\n\nNumber of calls: \u001b[31m1\u001b[39m","pass":false}}],"failureMessages":["Error: \u001b[2mexpect(\u001b[22m\u001b[31mjest.fn()\u001b[39m\u001b[2m).\u001b[22mtoHaveBeenCalledWith\u001b[2m(\u001b[22m\u001b[32m...expected\u001b[39m\u001b[2m)\u001b[22m\n\nExpected: \u001b[32m200\u001b[39m\nReceived: \u001b[31m500\u001b[39m\n\nNumber of calls: \u001b[31m1\u001b[39m\n    at Object.toHaveBeenCalledWith (D:\\WBD\\ffsd_repo_react\\server\\__tests__\\controllers\\razorpayPaymentController.test.js:229:26)\n    at processTicksAndRejections (node:internal/process/task_queues:103:5)"],"fullName":"Razorpay Payment Controller Edge Case 2: Negative and invalid amounts should handle decimal amounts","invocations":1,"location":null,"numPassingAsserts":0,"retryReasons":[],"startAt":1776400089531,"status":"failed","title":"should handle decimal amounts"},{"ancestorTitles":["Razorpay Payment Controller","Edge Case 3: Missing required fields"],"duration":3,"failing":false,"failureDetails":[],"failureMessages":[],"fullName":"Razorpay Payment Controller Edge Case 3: Missing required fields should reject when propertyId is missing","invocations":1,"location":null,"numPassingAsserts":1,"retryReasons":[],"startAt":1776400089535,"status":"passed","title":"should reject when propertyId is missing"},{"ancestorTitles":["Razorpay Payment Controller","Edge Case 3: Missing required fields"],"duration":2,"failing":false,"failureDetails":[],"failureMessages":[],"fullName":"Razorpay Payment Controller Edge Case 3: Missing required fields should reject when amount is missing","invocations":1,"location":null,"numPassingAsserts":1,"retryReasons":[],"startAt":1776400089540,"status":"passed","title":"should reject when amount is missing"},{"ancestorTitles":["Razorpay Payment Controller","Edge Case 3: Missing required fields"],"duration":1,"failing":false,"failureDetails":[],"failureMessages":[],"fullName":"Razorpay Payment Controller Edge Case 3: Missing required fields should reject when both fields are missing","invocations":1,"location":null,"numPassingAsserts":1,"retryReasons":[],"startAt":1776400089543,"status":"passed","title":"should reject when both fields are missing"},{"ancestorTitles":["Razorpay Payment Controller","Edge Case 4: Property not found"],"duration":3,"failing":false,"failureDetails":[{"matcherResult":{"message":"\u001b[2mexpect(\u001b[22m\u001b[31mjest.fn()\u001b[39m\u001b[2m).\u001b[22mtoHaveBeenCalledWith\u001b[2m(\u001b[22m\u001b[32m...expected\u001b[39m\u001b[2m)\u001b[22m\n\nExpected: \u001b[32m404\u001b[39m\nReceived: \u001b[31m500\u001b[39m\n\nNumber of calls: \u001b[31m1\u001b[39m","pass":false}}],"failureMessages":["Error: \u001b[2mexpect(\u001b[22m\u001b[31mjest.fn()\u001b[39m\u001b[2m).\u001b[22mtoHaveBeenCalledWith\u001b[2m(\u001b[22m\u001b[32m...expected\u001b[39m\u001b[2m)\u001b[22m\n\nExpected: \u001b[32m404\u001b[39m\nReceived: \u001b[31m500\u001b[39m\n\nNumber of calls: \u001b[31m1\u001b[39m\n    at Object.toHaveBeenCalledWith (D:\\WBD\\ffsd_repo_react\\server\\__tests__\\controllers\\razorpayPaymentController.test.js:284:26)\n    at processTicksAndRejections (node:internal/process/task_queues:103:5)"],"fullName":"Razorpay Payment Controller Edge Case 4: Property not found should return 404 when property not found","invocations":1,"location":null,"numPassingAsserts":0,"retryReasons":[],"startAt":1776400089545,"status":"failed","title":"should return 404 when property not found"},{"ancestorTitles":["Razorpay Payment Controller","Edge Case 4: Property not found"],"duration":2,"failing":false,"failureDetails":[],"failureMessages":[],"fullName":"Razorpay Payment Controller Edge Case 4: Property not found should not call Razorpay API if property not found","invocations":1,"location":null,"numPassingAsserts":1,"retryReasons":[],"startAt":1776400089549,"status":"passed","title":"should not call Razorpay API if property not found"},{"ancestorTitles":["Razorpay Payment Controller","Edge Case 5: Razorpay API fails"],"duration":2,"failing":false,"failureDetails":[],"failureMessages":[],"fullName":"Razorpay Payment Controller Edge Case 5: Razorpay API fails should handle Razorpay API errors","invocations":1,"location":null,"numPassingAsserts":1,"retryReasons":[],"startAt":1776400089552,"status":"passed","title":"should handle Razorpay API errors"},{"ancestorTitles":["Razorpay Payment Controller","Edge Case 5: Razorpay API fails"],"duration":3,"failing":false,"failureDetails":[],"failureMessages":[],"fullName":"Razorpay Payment Controller Edge Case 5: Razorpay API fails should return error when Razorpay server is down","invocations":1,"location":null,"numPassingAsserts":1,"retryReasons":[],"startAt":1776400089555,"status":"passed","title":"should return error when Razorpay server is down"},{"ancestorTitles":["Razorpay Payment Controller","Edge Case 6: Verify payment with valid signature"],"duration":2,"failing":false,"failureDetails":[{"matcherResult":{"message":"\u001b[2mexpect(\u001b[22m\u001b[31mjest.fn()\u001b[39m\u001b[2m).\u001b[22mtoHaveBeenCalledWith\u001b[2m(\u001b[22m\u001b[32m...expected\u001b[39m\u001b[2m)\u001b[22m\n\nExpected: \u001b[32m200\u001b[39m\nReceived: \u001b[31m400\u001b[39m\n\nNumber of calls: \u001b[31m1\u001b[39m","pass":false}}],"failureMessages":["Error: \u001b[2mexpect(\u001b[22m\u001b[31mjest.fn()\u001b[39m\u001b[2m).\u001b[22mtoHaveBeenCalledWith\u001b[2m(\u001b[22m\u001b[32m...expected\u001b[39m\u001b[2m)\u001b[22m\n\nExpected: \u001b[32m200\u001b[39m\nReceived: \u001b[31m400\u001b[39m\n\nNumber of calls: \u001b[31m1\u001b[39m\n    at Object.toHaveBeenCalledWith (D:\\WBD\\ffsd_repo_react\\server\\__tests__\\controllers\\razorpayPaymentController.test.js:406:26)\n    at processTicksAndRejections (node:internal/process/task_queues:103:5)"],"fullName":"Razorpay Payment Controller Edge Case 6: Verify payment with valid signature should verify payment with correct signature","invocations":1,"location":null,"numPassingAsserts":0,"retryReasons":[],"startAt":1776400089559,"status":"failed","title":"should verify payment with correct signature"},{"ancestorTitles":["Razorpay Payment Controller","Edge Case 6: Verify payment with valid signature"],"duration":2,"failing":false,"failureDetails":[{"matcherResult":{"message":"\u001b[2mexpect(\u001b[22m\u001b[31mjest.fn()\u001b[39m\u001b[2m).\u001b[22mtoHaveBeenCalled\u001b[2m()\u001b[22m\n\nExpected number of calls: >= \u001b[32m1\u001b[39m\nReceived number of calls:    \u001b[31m0\u001b[39m","pass":false}}],"failureMessages":["Error: \u001b[2mexpect(\u001b[22m\u001b[31mjest.fn()\u001b[39m\u001b[2m).\u001b[22mtoHaveBeenCalled\u001b[2m()\u001b[22m\n\nExpected number of calls: >= \u001b[32m1\u001b[39m\nReceived number of calls:    \u001b[31m0\u001b[39m\n    at Object.toHaveBeenCalled (D:\\WBD\\ffsd_repo_react\\server\\__tests__\\controllers\\razorpayPaymentController.test.js:434:41)\n    at processTicksAndRejections (node:internal/process/task_queues:103:5)"],"fullName":"Razorpay Payment Controller Edge Case 6: Verify payment with valid signature should update payment status to completed after verification","invocations":1,"location":null,"numPassingAsserts":0,"retryReasons":[],"startAt":1776400089562,"status":"failed","title":"should update payment status to completed after verification"},{"ancestorTitles":["Razorpay Payment Controller","Edge Case 7: Verify payment with invalid signature"],"duration":4,"failing":false,"failureDetails":[{}],"failureMessages":["Error: \u001b[2mexpect(\u001b[22m\u001b[31mreceived\u001b[39m\u001b[2m).\u001b[22mtoContain\u001b[2m(\u001b[22m\u001b[32mexpected\u001b[39m\u001b[2m) // indexOf\u001b[22m\n\n\u001b[1mMatcher error\u001b[22m: \u001b[31mreceived\u001b[39m value must not be null nor undefined\n\nReceived has value: \u001b[31mundefined\u001b[39m\n    at Object.toContain (D:\\WBD\\ffsd_repo_react\\server\\__tests__\\controllers\\razorpayPaymentController.test.js:460:35)\n    at processTicksAndRejections (node:internal/process/task_queues:103:5)"],"fullName":"Razorpay Payment Controller Edge Case 7: Verify payment with invalid signature should reject payment with invalid signature","invocations":1,"location":null,"numPassingAsserts":1,"retryReasons":[],"startAt":1776400089565,"status":"failed","title":"should reject payment with invalid signature"},{"ancestorTitles":["Razorpay Payment Controller","Edge Case 7: Verify payment with invalid signature"],"duration":3,"failing":false,"failureDetails":[],"failureMessages":[],"fullName":"Razorpay Payment Controller Edge Case 7: Verify payment with invalid signature should not update payment with tampered signature","invocations":1,"location":null,"numPassingAsserts":1,"retryReasons":[],"startAt":1776400089570,"status":"passed","title":"should not update payment with tampered signature"},{"ancestorTitles":["Razorpay Payment Controller","Edge Case 8: Amount verification"],"duration":2,"failing":false,"failureDetails":[],"failureMessages":[],"fullName":"Razorpay Payment Controller Edge Case 8: Amount verification should handle amount mismatch detection","invocations":1,"location":null,"numPassingAsserts":1,"retryReasons":[],"startAt":1776400089574,"status":"passed","title":"should handle amount mismatch detection"},{"ancestorTitles":["Razorpay Payment Controller","Edge Case 9: Duplicate payment verification"],"duration":2,"failing":false,"failureDetails":[],"failureMessages":[],"fullName":"Razorpay Payment Controller Edge Case 9: Duplicate payment verification should handle already verified payment","invocations":1,"location":null,"numPassingAsserts":1,"retryReasons":[],"startAt":1776400089577,"status":"passed","title":"should handle already verified payment"},{"ancestorTitles":["Razorpay Payment Controller","Edge Case 10: Worker payment initiation"],"duration":2,"failing":false,"failureDetails":[{"matcherResult":{"message":"\u001b[2mexpect(\u001b[22m\u001b[31mjest.fn()\u001b[39m\u001b[2m).\u001b[22mtoHaveBeenCalledWith\u001b[2m(\u001b[22m\u001b[32m...expected\u001b[39m\u001b[2m)\u001b[22m\n\nExpected: \u001b[32m200\u001b[39m\nReceived: \u001b[31m400\u001b[39m\n\nNumber of calls: \u001b[31m1\u001b[39m","pass":false}}],"failureMessages":["Error: \u001b[2mexpect(\u001b[22m\u001b[31mjest.fn()\u001b[39m\u001b[2m).\u001b[22mtoHaveBeenCalledWith\u001b[2m(\u001b[22m\u001b[32m...expected\u001b[39m\u001b[2m)\u001b[22m\n\nExpected: \u001b[32m200\u001b[39m\nReceived: \u001b[31m400\u001b[39m\n\nNumber of calls: \u001b[31m1\u001b[39m\n    at Object.toHaveBeenCalledWith (D:\\WBD\\ffsd_repo_react\\server\\__tests__\\controllers\\razorpayPaymentController.test.js:570:26)\n    at processTicksAndRejections (node:internal/process/task_queues:103:5)"],"fullName":"Razorpay Payment Controller Edge Case 10: Worker payment initiation should initiate worker payment with valid data","invocations":1,"location":null,"numPassingAsserts":0,"retryReasons":[],"startAt":1776400089580,"status":"failed","title":"should initiate worker payment with valid data"},{"ancestorTitles":["Razorpay Payment Controller","Edge Case 10: Worker payment initiation"],"duration":3,"failing":false,"failureDetails":[],"failureMessages":[],"fullName":"Razorpay Payment Controller Edge Case 10: Worker payment initiation should validate worker payment amount","invocations":1,"location":null,"numPassingAsserts":1,"retryReasons":[],"startAt":1776400089583,"status":"passed","title":"should validate worker payment amount"},{"ancestorTitles":["Razorpay Payment Controller","Edge Case 11: Authentication and authorization"],"duration":2,"failing":false,"failureDetails":[],"failureMessages":[],"fullName":"Razorpay Payment Controller Edge Case 11: Authentication and authorization should use authenticated user context","invocations":1,"location":null,"numPassingAsserts":1,"retryReasons":[],"startAt":1776400089587,"status":"passed","title":"should use authenticated user context"}],"endTime":1776400089663,"message":"\u001b[1m\u001b[31m  \u001b[1m● \u001b[22m\u001b[1mRazorpay Payment Controller › Edge Case 2: Negative and invalid amounts › should reject negative amount\u001b[39m\u001b[22m\n\n    \u001b[2mexpect(\u001b[22m\u001b[31mreceived\u001b[39m\u001b[2m).\u001b[22mtoContain\u001b[2m(\u001b[22m\u001b[32mexpected\u001b[39m\u001b[2m) // indexOf\u001b[22m\n\n    \u001b[1mMatcher error\u001b[22m: \u001b[31mreceived\u001b[39m value must not be null nor undefined\n\n    Received has value: \u001b[31mundefined\u001b[39m\n\u001b[2m\u001b[22m\n\u001b[2m    \u001b[0m \u001b[90m 175 |\u001b[39m       expect(res\u001b[33m.\u001b[39mstatus)\u001b[33m.\u001b[39mtoHaveBeenCalledWith(\u001b[35m400\u001b[39m)\u001b[33m;\u001b[39m\u001b[22m\n\u001b[2m     \u001b[90m 176 |\u001b[39m       \u001b[36mconst\u001b[39m errorResponse \u001b[33m=\u001b[39m res\u001b[33m.\u001b[39mjson\u001b[33m.\u001b[39mmock\u001b[33m.\u001b[39mcalls[\u001b[35m0\u001b[39m][\u001b[35m0\u001b[39m]\u001b[33m;\u001b[39m\u001b[22m\n\u001b[2m    \u001b[31m\u001b[1m>\u001b[22m\u001b[2m\u001b[39m\u001b[90m 177 |\u001b[39m       expect(errorResponse\u001b[33m.\u001b[39merror)\u001b[33m.\u001b[39mtoContain(\u001b[32m'positive'\u001b[39m)\u001b[33m;\u001b[39m\u001b[22m\n\u001b[2m     \u001b[90m     |\u001b[39m                                   \u001b[31m\u001b[1m^\u001b[22m\u001b[2m\u001b[39m\u001b[22m\n\u001b[2m     \u001b[90m 178 |\u001b[39m     })\u001b[33m;\u001b[39m\u001b[22m\n\u001b[2m     \u001b[90m 179 |\u001b[39m\u001b[22m\n\u001b[2m     \u001b[90m 180 |\u001b[39m     test(\u001b[32m'should reject zero amount'\u001b[39m\u001b[33m,\u001b[39m \u001b[36masync\u001b[39m () \u001b[33m=>\u001b[39m {\u001b[0m\u001b[22m\n\u001b[2m\u001b[22m\n\u001b[2m      \u001b[2mat Object.toContain (\u001b[22m\u001b[2m\u001b[0m\u001b[36m__tests__/controllers/razorpayPaymentController.test.js\u001b[39m\u001b[0m\u001b[2m:177:35)\u001b[22m\u001b[2m\u001b[22m\n\n\u001b[1m\u001b[31m  \u001b[1m● \u001b[22m\u001b[1mRazorpay Payment Controller › Edge Case 2: Negative and invalid amounts › should reject non-numeric amount\u001b[39m\u001b[22m\n\n    \u001b[2mexpect(\u001b[22m\u001b[31mjest.fn()\u001b[39m\u001b[2m).\u001b[22mtoHaveBeenCalledWith\u001b[2m(\u001b[22m\u001b[32m...expected\u001b[39m\u001b[2m)\u001b[22m\n\n    Expected: \u001b[32m400\u001b[39m\n    Received: \u001b[31m500\u001b[39m\n\n    Number of calls: \u001b[31m1\u001b[39m\n\u001b[2m\u001b[22m\n\u001b[2m    \u001b[0m \u001b[90m 197 |\u001b[39m       \u001b[36mawait\u001b[39m razorpayPaymentController\u001b[33m.\u001b[39minitiateRentPayment(req\u001b[33m,\u001b[39m res)\u001b[33m;\u001b[39m\u001b[22m\n\u001b[2m     \u001b[90m 198 |\u001b[39m       \u001b[22m\n\u001b[2m    \u001b[31m\u001b[1m>\u001b[22m\u001b[2m\u001b[39m\u001b[90m 199 |\u001b[39m       expect(res\u001b[33m.\u001b[39mstatus)\u001b[33m.\u001b[39mtoHaveBeenCalledWith(\u001b[35m400\u001b[39m)\u001b[33m;\u001b[39m\u001b[22m\n\u001b[2m     \u001b[90m     |\u001b[39m                          \u001b[31m\u001b[1m^\u001b[22m\u001b[2m\u001b[39m\u001b[22m\n\u001b[2m     \u001b[90m 200 |\u001b[39m     })\u001b[33m;\u001b[39m\u001b[22m\n\u001b[2m     \u001b[90m 201 |\u001b[39m\u001b[22m\n\u001b[2m     \u001b[90m 202 |\u001b[39m     test(\u001b[32m'should handle decimal amounts'\u001b[39m\u001b[33m,\u001b[39m \u001b[36masync\u001b[39m () \u001b[33m=>\u001b[39m {\u001b[0m\u001b[22m\n\u001b[2m\u001b[22m\n\u001b[2m      \u001b[2mat Object.toHaveBeenCalledWith (\u001b[22m\u001b[2m\u001b[0m\u001b[36m__tests__/controllers/razorpayPaymentController.test.js\u001b[39m\u001b[0m\u001b[2m:199:26)\u001b[22m\u001b[2m\u001b[22m\n\n\u001b[1m\u001b[31m  \u001b[1m● \u001b[22m\u001b[1mRazorpay Payment Controller › Edge Case 2: Negative and invalid amounts › should handle decimal amounts\u001b[39m\u001b[22m\n\n    \u001b[2mexpect(\u001b[22m\u001b[31mjest.fn()\u001b[39m\u001b[2m).\u001b[22mtoHaveBeenCalledWith\u001b[2m(\u001b[22m\u001b[32m...expected\u001b[39m\u001b[2m)\u001b[22m\n\n    Expected: \u001b[32m200\u001b[39m\n    Received: \u001b[31m500\u001b[39m\n\n    Number of calls: \u001b[31m1\u001b[39m\n\u001b[2m\u001b[22m\n\u001b[2m    \u001b[0m \u001b[90m 227 |\u001b[39m       \u001b[36mawait\u001b[39m razorpayPaymentController\u001b[33m.\u001b[39minitiateRentPayment(req\u001b[33m,\u001b[39m res)\u001b[33m;\u001b[39m\u001b[22m\n\u001b[2m     \u001b[90m 228 |\u001b[39m       \u001b[22m\n\u001b[2m    \u001b[31m\u001b[1m>\u001b[22m\u001b[2m\u001b[39m\u001b[90m 229 |\u001b[39m       expect(res\u001b[33m.\u001b[39mstatus)\u001b[33m.\u001b[39mtoHaveBeenCalledWith(\u001b[35m200\u001b[39m)\u001b[33m;\u001b[39m\u001b[22m\n\u001b[2m     \u001b[90m     |\u001b[39m                          \u001b[31m\u001b[1m^\u001b[22m\u001b[2m\u001b[39m\u001b[22m\n\u001b[2m     \u001b[90m 230 |\u001b[39m     })\u001b[33m;\u001b[39m\u001b[22m\n\u001b[2m     \u001b[90m 231 |\u001b[39m   })\u001b[33m;\u001b[39m\u001b[22m\n\u001b[2m     \u001b[90m 232 |\u001b[39m\u001b[0m\u001b[22m\n\u001b[2m\u001b[22m\n\u001b[2m      \u001b[2mat Object.toHaveBeenCalledWith (\u001b[22m\u001b[2m\u001b[0m\u001b[36m__tests__/controllers/razorpayPaymentController.test.js\u001b[39m\u001b[0m\u001b[2m:229:26)\u001b[22m\u001b[2m\u001b[22m\n\n\u001b[1m\u001b[31m  \u001b[1m● \u001b[22m\u001b[1mRazorpay Payment Controller › Edge Case 4: Property not found › should return 404 when property not found\u001b[39m\u001b[22m\n\n    \u001b[2mexpect(\u001b[22m\u001b[31mjest.fn()\u001b[39m\u001b[2m).\u001b[22mtoHaveBeenCalledWith\u001b[2m(\u001b[22m\u001b[32m...expected\u001b[39m\u001b[2m)\u001b[22m\n\n    Expected: \u001b[32m404\u001b[39m\n    Received: \u001b[31m500\u001b[39m\n\n    Number of calls: \u001b[31m1\u001b[39m\n\u001b[2m\u001b[22m\n\u001b[2m    \u001b[0m \u001b[90m 282 |\u001b[39m       \u001b[36mawait\u001b[39m razorpayPaymentController\u001b[33m.\u001b[39minitiateRentPayment(req\u001b[33m,\u001b[39m res)\u001b[33m;\u001b[39m\u001b[22m\n\u001b[2m     \u001b[90m 283 |\u001b[39m       \u001b[22m\n\u001b[2m    \u001b[31m\u001b[1m>\u001b[22m\u001b[2m\u001b[39m\u001b[90m 284 |\u001b[39m       expect(res\u001b[33m.\u001b[39mstatus)\u001b[33m.\u001b[39mtoHaveBeenCalledWith(\u001b[35m404\u001b[39m)\u001b[33m;\u001b[39m\u001b[22m\n\u001b[2m     \u001b[90m     |\u001b[39m                          \u001b[31m\u001b[1m^\u001b[22m\u001b[2m\u001b[39m\u001b[22m\n\u001b[2m     \u001b[90m 285 |\u001b[39m       expect(res\u001b[33m.\u001b[39mjson)\u001b[33m.\u001b[39mtoHaveBeenCalledWith(\u001b[22m\n\u001b[2m     \u001b[90m 286 |\u001b[39m         expect\u001b[33m.\u001b[39mobjectContaining({\u001b[22m\n\u001b[2m     \u001b[90m 287 |\u001b[39m           error\u001b[33m:\u001b[39m expect\u001b[33m.\u001b[39mstringContaining(\u001b[32m'not found'\u001b[39m)\u001b[0m\u001b[22m\n\u001b[2m\u001b[22m\n\u001b[2m      \u001b[2mat Object.toHaveBeenCalledWith (\u001b[22m\u001b[2m\u001b[0m\u001b[36m__tests__/controllers/razorpayPaymentController.test.js\u001b[39m\u001b[0m\u001b[2m:284:26)\u001b[22m\u001b[2m\u001b[22m\n\n\u001b[1m\u001b[31m  \u001b[1m● \u001b[22m\u001b[1mRazorpay Payment Controller › Edge Case 6: Verify payment with valid signature › should verify payment with correct signature\u001b[39m\u001b[22m\n\n    \u001b[2mexpect(\u001b[22m\u001b[31mjest.fn()\u001b[39m\u001b[2m).\u001b[22mtoHaveBeenCalledWith\u001b[2m(\u001b[22m\u001b[32m...expected\u001b[39m\u001b[2m)\u001b[22m\n\n    Expected: \u001b[32m200\u001b[39m\n    Received: \u001b[31m400\u001b[39m\n\n    Number of calls: \u001b[31m1\u001b[39m\n\u001b[2m\u001b[22m\n\u001b[2m    \u001b[0m \u001b[90m 404 |\u001b[39m       \u001b[36mawait\u001b[39m razorpayPaymentController\u001b[33m.\u001b[39mverifyRentPayment(req\u001b[33m,\u001b[39m res)\u001b[33m;\u001b[39m\u001b[22m\n\u001b[2m     \u001b[90m 405 |\u001b[39m       \u001b[22m\n\u001b[2m    \u001b[31m\u001b[1m>\u001b[22m\u001b[2m\u001b[39m\u001b[90m 406 |\u001b[39m       expect(res\u001b[33m.\u001b[39mstatus)\u001b[33m.\u001b[39mtoHaveBeenCalledWith(\u001b[35m200\u001b[39m)\u001b[33m;\u001b[39m\u001b[22m\n\u001b[2m     \u001b[90m     |\u001b[39m                          \u001b[31m\u001b[1m^\u001b[22m\u001b[2m\u001b[39m\u001b[22m\n\u001b[2m     \u001b[90m 407 |\u001b[39m     })\u001b[33m;\u001b[39m\u001b[22m\n\u001b[2m     \u001b[90m 408 |\u001b[39m\u001b[22m\n\u001b[2m     \u001b[90m 409 |\u001b[39m     test(\u001b[32m'should update payment status to completed after verification'\u001b[39m\u001b[33m,\u001b[39m \u001b[36masync\u001b[39m () \u001b[33m=>\u001b[39m {\u001b[0m\u001b[22m\n\u001b[2m\u001b[22m\n\u001b[2m      \u001b[2mat Object.toHaveBeenCalledWith (\u001b[22m\u001b[2m\u001b[0m\u001b[36m__tests__/controllers/razorpayPaymentController.test.js\u001b[39m\u001b[0m\u001b[2m:406:26)\u001b[22m\u001b[2m\u001b[22m\n\n\u001b[1m\u001b[31m  \u001b[1m● \u001b[22m\u001b[1mRazorpay Payment Controller › Edge Case 6: Verify payment with valid signature › should update payment status to completed after verification\u001b[39m\u001b[22m\n\n    \u001b[2mexpect(\u001b[22m\u001b[31mjest.fn()\u001b[39m\u001b[2m).\u001b[22mtoHaveBeenCalled\u001b[2m()\u001b[22m\n\n    Expected number of calls: >= \u001b[32m1\u001b[39m\n    Received number of calls:    \u001b[31m0\u001b[39m\n\u001b[2m\u001b[22m\n\u001b[2m    \u001b[0m \u001b[90m 432 |\u001b[39m       \u001b[36mawait\u001b[39m razorpayPaymentController\u001b[33m.\u001b[39mverifyRentPayment(req\u001b[33m,\u001b[39m res)\u001b[33m;\u001b[39m\u001b[22m\n\u001b[2m     \u001b[90m 433 |\u001b[39m       \u001b[22m\n\u001b[2m    \u001b[31m\u001b[1m>\u001b[22m\u001b[2m\u001b[39m\u001b[90m 434 |\u001b[39m       expect(\u001b[33mPayment\u001b[39m\u001b[33m.\u001b[39mfindByIdAndUpdate)\u001b[33m.\u001b[39mtoHaveBeenCalled()\u001b[33m;\u001b[39m\u001b[22m\n\u001b[2m     \u001b[90m     |\u001b[39m                                         \u001b[31m\u001b[1m^\u001b[22m\u001b[2m\u001b[39m\u001b[22m\n\u001b[2m     \u001b[90m 435 |\u001b[39m     })\u001b[33m;\u001b[39m\u001b[22m\n\u001b[2m     \u001b[90m 436 |\u001b[39m   })\u001b[33m;\u001b[39m\u001b[22m\n\u001b[2m     \u001b[90m 437 |\u001b[39m\u001b[0m\u001b[22m\n\u001b[2m\u001b[22m\n\u001b[2m      \u001b[2mat Object.toHaveBeenCalled (\u001b[22m\u001b[2m\u001b[0m\u001b[36m__tests__/controllers/razorpayPaymentController.test.js\u001b[39m\u001b[0m\u001b[2m:434:41)\u001b[22m\u001b[2m\u001b[22m\n\n\u001b[1m\u001b[31m  \u001b[1m● \u001b[22m\u001b[1mRazorpay Payment Controller › Edge Case 7: Verify payment with invalid signature › should reject payment with invalid signature\u001b[39m\u001b[22m\n\n    \u001b[2mexpect(\u001b[22m\u001b[31mreceived\u001b[39m\u001b[2m).\u001b[22mtoContain\u001b[2m(\u001b[22m\u001b[32mexpected\u001b[39m\u001b[2m) // indexOf\u001b[22m\n\n    \u001b[1mMatcher error\u001b[22m: \u001b[31mreceived\u001b[39m value must not be null nor undefined\n\n    Received has value: \u001b[31mundefined\u001b[39m\n\u001b[2m\u001b[22m\n\u001b[2m    \u001b[0m \u001b[90m 458 |\u001b[39m       expect(res\u001b[33m.\u001b[39mstatus)\u001b[33m.\u001b[39mtoHaveBeenCalledWith(\u001b[35m400\u001b[39m)\u001b[33m;\u001b[39m\u001b[22m\n\u001b[2m     \u001b[90m 459 |\u001b[39m       \u001b[36mconst\u001b[39m errorResponse \u001b[33m=\u001b[39m res\u001b[33m.\u001b[39mjson\u001b[33m.\u001b[39mmock\u001b[33m.\u001b[39mcalls[\u001b[35m0\u001b[39m][\u001b[35m0\u001b[39m]\u001b[33m;\u001b[39m\u001b[22m\n\u001b[2m    \u001b[31m\u001b[1m>\u001b[22m\u001b[2m\u001b[39m\u001b[90m 460 |\u001b[39m       expect(errorResponse\u001b[33m.\u001b[39merror)\u001b[33m.\u001b[39mtoContain(\u001b[32m'signature'\u001b[39m)\u001b[33m;\u001b[39m\u001b[22m\n\u001b[2m     \u001b[90m     |\u001b[39m                                   \u001b[31m\u001b[1m^\u001b[22m\u001b[2m\u001b[39m\u001b[22m\n\u001b[2m     \u001b[90m 461 |\u001b[39m     })\u001b[33m;\u001b[39m\u001b[22m\n\u001b[2m     \u001b[90m 462 |\u001b[39m\u001b[22m\n\u001b[2m     \u001b[90m 463 |\u001b[39m     test(\u001b[32m'should not update payment with tampered signature'\u001b[39m\u001b[33m,\u001b[39m \u001b[36masync\u001b[39m () \u001b[33m=>\u001b[39m {\u001b[0m\u001b[22m\n\u001b[2m\u001b[22m\n\u001b[2m      \u001b[2mat Object.toContain (\u001b[22m\u001b[2m\u001b[0m\u001b[36m__tests__/controllers/razorpayPaymentController.test.js\u001b[39m\u001b[0m\u001b[2m:460:35)\u001b[22m\u001b[2m\u001b[22m\n\n\u001b[1m\u001b[31m  \u001b[1m● \u001b[22m\u001b[1mRazorpay Payment Controller › Edge Case 10: Worker payment initiation › should initiate worker payment with valid data\u001b[39m\u001b[22m\n\n    \u001b[2mexpect(\u001b[22m\u001b[31mjest.fn()\u001b[39m\u001b[2m).\u001b[22mtoHaveBeenCalledWith\u001b[2m(\u001b[22m\u001b[32m...expected\u001b[39m\u001b[2m)\u001b[22m\n\n    Expected: \u001b[32m200\u001b[39m\n    Received: \u001b[31m400\u001b[39m\n\n    Number of calls: \u001b[31m1\u001b[39m\n\u001b[2m\u001b[22m\n\u001b[2m    \u001b[0m \u001b[90m 568 |\u001b[39m       \u001b[36mawait\u001b[39m razorpayPaymentController\u001b[33m.\u001b[39minitiateWorkerPayment(req\u001b[33m,\u001b[39m res)\u001b[33m;\u001b[39m\u001b[22m\n\u001b[2m     \u001b[90m 569 |\u001b[39m       \u001b[22m\n\u001b[2m    \u001b[31m\u001b[1m>\u001b[22m\u001b[2m\u001b[39m\u001b[90m 570 |\u001b[39m       expect(res\u001b[33m.\u001b[39mstatus)\u001b[33m.\u001b[39mtoHaveBeenCalledWith(\u001b[35m200\u001b[39m)\u001b[33m;\u001b[39m\u001b[22m\n\u001b[2m     \u001b[90m     |\u001b[39m                          \u001b[31m\u001b[1m^\u001b[22m\u001b[2m\u001b[39m\u001b[22m\n\u001b[2m     \u001b[90m 571 |\u001b[39m     })\u001b[33m;\u001b[39m\u001b[22m\n\u001b[2m     \u001b[90m 572 |\u001b[39m\u001b[22m\n\u001b[2m     \u001b[90m 573 |\u001b[39m     test(\u001b[32m'should validate worker payment amount'\u001b[39m\u001b[33m,\u001b[39m \u001b[36masync\u001b[39m () \u001b[33m=>\u001b[39m {\u001b[0m\u001b[22m\n\u001b[2m\u001b[22m\n\u001b[2m      \u001b[2mat Object.toHaveBeenCalledWith (\u001b[22m\u001b[2m\u001b[0m\u001b[36m__tests__/controllers/razorpayPaymentController.test.js\u001b[39m\u001b[0m\u001b[2m:570:26)\u001b[22m\u001b[2m\u001b[22m\n","name":"D:\\WBD\\ffsd_repo_react\\server\\__tests__\\controllers\\razorpayPaymentController.test.js","startTime":1776400087645,"status":"failed","summary":""},{"assertionResults":[{"ancestorTitles":["JWT Authentication","Edge Case 1: signToken with valid payload"],"duration":9,"failing":false,"failureDetails":[{}],"failureMessages":["TypeError: Cannot read properties of undefined (reading 'update')\n    at Object.sign (D:\\WBD\\ffsd_repo_react\\server\\node_modules\\jwa\\index.js:132:21)\n    at Object.jwsSign [as sign] (D:\\WBD\\ffsd_repo_react\\server\\node_modules\\jws\\lib\\sign-stream.js:32:24)\n    at Object.module.exports [as sign] (D:\\WBD\\ffsd_repo_react\\server\\node_modules\\jsonwebtoken\\sign.js:246:25)\n    at sign (D:\\WBD\\ffsd_repo_react\\server\\utils\\jwt.js:16:14)\n    at Object.signToken (D:\\WBD\\ffsd_repo_react\\server\\__tests__\\utils\\jwt.test.js:41:21)\n    at Promise.finally.completed (D:\\WBD\\ffsd_repo_react\\node_modules\\jest-circus\\build\\jestAdapterInit.js:1557:28)\n    at new Promise (<anonymous>)\n    at callAsyncCircusFn (D:\\WBD\\ffsd_repo_react\\node_modules\\jest-circus\\build\\jestAdapterInit.js:1497:10)\n    at _callCircusTest (D:\\WBD\\ffsd_repo_react\\node_modules\\jest-circus\\build\\jestAdapterInit.js:1007:40)\n    at _runTest (D:\\WBD\\ffsd_repo_react\\node_modules\\jest-circus\\build\\jestAdapterInit.js:947:3)\n    at D:\\WBD\\ffsd_repo_react\\node_modules\\jest-circus\\build\\jestAdapterInit.js:849:7\n    at _runTestsForDescribeBlock (D:\\WBD\\ffsd_repo_react\\node_modules\\jest-circus\\build\\jestAdapterInit.js:862:11)\n    at _runTestsForDescribeBlock (D:\\WBD\\ffsd_repo_react\\node_modules\\jest-circus\\build\\jestAdapterInit.js:857:11)\n    at _runTestsForDescribeBlock (D:\\WBD\\ffsd_repo_react\\node_modules\\jest-circus\\build\\jestAdapterInit.js:857:11)\n    at run (D:\\WBD\\ffsd_repo_react\\node_modules\\jest-circus\\build\\jestAdapterInit.js:761:3)\n    at runAndTransformResultsToJestFormat (D:\\WBD\\ffsd_repo_react\\node_modules\\jest-circus\\build\\jestAdapterInit.js:1918:21)\n    at jestAdapter (D:\\WBD\\ffsd_repo_react\\node_modules\\jest-circus\\build\\runner.js:101:19)\n    at runTestInternal (D:\\WBD\\ffsd_repo_react\\node_modules\\jest-runner\\build\\index.js:275:16)\n    at runTest (D:\\WBD\\ffsd_repo_react\\node_modules\\jest-runner\\build\\index.js:343:7)"],"fullName":"JWT Authentication Edge Case 1: signToken with valid payload should create valid token from payload","invocations":1,"location":null,"numPassingAsserts":0,"retryReasons":[],"startAt":1776400089871,"status":"failed","title":"should create valid token from payload"},{"ancestorTitles":["JWT Authentication","Edge Case 1: signToken with valid payload"],"duration":4,"failing":false,"failureDetails":[{}],"failureMessages":["TypeError: Cannot read properties of undefined (reading 'update')\n    at Object.sign (D:\\WBD\\ffsd_repo_react\\server\\node_modules\\jwa\\index.js:132:21)\n    at Object.jwsSign [as sign] (D:\\WBD\\ffsd_repo_react\\server\\node_modules\\jws\\lib\\sign-stream.js:32:24)\n    at Object.module.exports [as sign] (D:\\WBD\\ffsd_repo_react\\server\\node_modules\\jsonwebtoken\\sign.js:246:25)\n    at sign (D:\\WBD\\ffsd_repo_react\\server\\utils\\jwt.js:16:14)\n    at Object.signToken (D:\\WBD\\ffsd_repo_react\\server\\__tests__\\utils\\jwt.test.js:55:21)\n    at Promise.finally.completed (D:\\WBD\\ffsd_repo_react\\node_modules\\jest-circus\\build\\jestAdapterInit.js:1557:28)\n    at new Promise (<anonymous>)\n    at callAsyncCircusFn (D:\\WBD\\ffsd_repo_react\\node_modules\\jest-circus\\build\\jestAdapterInit.js:1497:10)\n    at _callCircusTest (D:\\WBD\\ffsd_repo_react\\node_modules\\jest-circus\\build\\jestAdapterInit.js:1007:40)\n    at _runTest (D:\\WBD\\ffsd_repo_react\\node_modules\\jest-circus\\build\\jestAdapterInit.js:947:3)\n    at D:\\WBD\\ffsd_repo_react\\node_modules\\jest-circus\\build\\jestAdapterInit.js:849:7\n    at _runTestsForDescribeBlock (D:\\WBD\\ffsd_repo_react\\node_modules\\jest-circus\\build\\jestAdapterInit.js:862:11)\n    at _runTestsForDescribeBlock (D:\\WBD\\ffsd_repo_react\\node_modules\\jest-circus\\build\\jestAdapterInit.js:857:11)\n    at _runTestsForDescribeBlock (D:\\WBD\\ffsd_repo_react\\node_modules\\jest-circus\\build\\jestAdapterInit.js:857:11)\n    at run (D:\\WBD\\ffsd_repo_react\\node_modules\\jest-circus\\build\\jestAdapterInit.js:761:3)\n    at runAndTransformResultsToJestFormat (D:\\WBD\\ffsd_repo_react\\node_modules\\jest-circus\\build\\jestAdapterInit.js:1918:21)\n    at jestAdapter (D:\\WBD\\ffsd_repo_react\\node_modules\\jest-circus\\build\\runner.js:101:19)\n    at runTestInternal (D:\\WBD\\ffsd_repo_react\\node_modules\\jest-runner\\build\\index.js:275:16)\n    at runTest (D:\\WBD\\ffsd_repo_react\\node_modules\\jest-runner\\build\\index.js:343:7)"],"fullName":"JWT Authentication Edge Case 1: signToken with valid payload should include payload data in token","invocations":1,"location":null,"numPassingAsserts":0,"retryReasons":[],"startAt":1776400089901,"status":"failed","title":"should include payload data in token"},{"ancestorTitles":["JWT Authentication","Edge Case 1: signToken with valid payload"],"duration":2,"failing":false,"failureDetails":[{}],"failureMessages":["TypeError: Cannot read properties of undefined (reading 'update')\n    at Object.sign (D:\\WBD\\ffsd_repo_react\\server\\node_modules\\jwa\\index.js:132:21)\n    at Object.jwsSign [as sign] (D:\\WBD\\ffsd_repo_react\\server\\node_modules\\jws\\lib\\sign-stream.js:32:24)\n    at Object.module.exports [as sign] (D:\\WBD\\ffsd_repo_react\\server\\node_modules\\jsonwebtoken\\sign.js:246:25)\n    at sign (D:\\WBD\\ffsd_repo_react\\server\\utils\\jwt.js:16:14)\n    at Object.signToken (D:\\WBD\\ffsd_repo_react\\server\\__tests__\\utils\\jwt.test.js:64:21)\n    at Promise.finally.completed (D:\\WBD\\ffsd_repo_react\\node_modules\\jest-circus\\build\\jestAdapterInit.js:1557:28)\n    at new Promise (<anonymous>)\n    at callAsyncCircusFn (D:\\WBD\\ffsd_repo_react\\node_modules\\jest-circus\\build\\jestAdapterInit.js:1497:10)\n    at _callCircusTest (D:\\WBD\\ffsd_repo_react\\node_modules\\jest-circus\\build\\jestAdapterInit.js:1007:40)\n    at _runTest (D:\\WBD\\ffsd_repo_react\\node_modules\\jest-circus\\build\\jestAdapterInit.js:947:3)\n    at D:\\WBD\\ffsd_repo_react\\node_modules\\jest-circus\\build\\jestAdapterInit.js:849:7\n    at _runTestsForDescribeBlock (D:\\WBD\\ffsd_repo_react\\node_modules\\jest-circus\\build\\jestAdapterInit.js:862:11)\n    at _runTestsForDescribeBlock (D:\\WBD\\ffsd_repo_react\\node_modules\\jest-circus\\build\\jestAdapterInit.js:857:11)\n    at _runTestsForDescribeBlock (D:\\WBD\\ffsd_repo_react\\node_modules\\jest-circus\\build\\jestAdapterInit.js:857:11)\n    at run (D:\\WBD\\ffsd_repo_react\\node_modules\\jest-circus\\build\\jestAdapterInit.js:761:3)\n    at runAndTransformResultsToJestFormat (D:\\WBD\\ffsd_repo_react\\node_modules\\jest-circus\\build\\jestAdapterInit.js:1918:21)\n    at jestAdapter (D:\\WBD\\ffsd_repo_react\\node_modules\\jest-circus\\build\\runner.js:101:19)\n    at runTestInternal (D:\\WBD\\ffsd_repo_react\\node_modules\\jest-runner\\build\\index.js:275:16)\n    at runTest (D:\\WBD\\ffsd_repo_react\\node_modules\\jest-runner\\build\\index.js:343:7)"],"fullName":"JWT Authentication Edge Case 1: signToken with valid payload should handle empty payload object","invocations":1,"location":null,"numPassingAsserts":0,"retryReasons":[],"startAt":1776400089906,"status":"failed","title":"should handle empty payload object"},{"ancestorTitles":["JWT Authentication","Edge Case 1: signToken with valid payload"],"duration":20,"failing":false,"failureDetails":[{}],"failureMessages":["TypeError: Cannot read properties of undefined (reading 'update')\n    at Object.sign (D:\\WBD\\ffsd_repo_react\\server\\node_modules\\jwa\\index.js:132:21)\n    at Object.jwsSign [as sign] (D:\\WBD\\ffsd_repo_react\\server\\node_modules\\jws\\lib\\sign-stream.js:32:24)\n    at Object.module.exports [as sign] (D:\\WBD\\ffsd_repo_react\\server\\node_modules\\jsonwebtoken\\sign.js:246:25)\n    at sign (D:\\WBD\\ffsd_repo_react\\server\\utils\\jwt.js:16:14)\n    at Object.signToken (D:\\WBD\\ffsd_repo_react\\server\\__tests__\\utils\\jwt.test.js:78:21)\n    at Promise.finally.completed (D:\\WBD\\ffsd_repo_react\\node_modules\\jest-circus\\build\\jestAdapterInit.js:1557:28)\n    at new Promise (<anonymous>)\n    at callAsyncCircusFn (D:\\WBD\\ffsd_repo_react\\node_modules\\jest-circus\\build\\jestAdapterInit.js:1497:10)\n    at _callCircusTest (D:\\WBD\\ffsd_repo_react\\node_modules\\jest-circus\\build\\jestAdapterInit.js:1007:40)\n    at _runTest (D:\\WBD\\ffsd_repo_react\\node_modules\\jest-circus\\build\\jestAdapterInit.js:947:3)\n    at D:\\WBD\\ffsd_repo_react\\node_modules\\jest-circus\\build\\jestAdapterInit.js:849:7\n    at _runTestsForDescribeBlock (D:\\WBD\\ffsd_repo_react\\node_modules\\jest-circus\\build\\jestAdapterInit.js:862:11)\n    at _runTestsForDescribeBlock (D:\\WBD\\ffsd_repo_react\\node_modules\\jest-circus\\build\\jestAdapterInit.js:857:11)\n    at _runTestsForDescribeBlock (D:\\WBD\\ffsd_repo_react\\node_modules\\jest-circus\\build\\jestAdapterInit.js:857:11)\n    at run (D:\\WBD\\ffsd_repo_react\\node_modules\\jest-circus\\build\\jestAdapterInit.js:761:3)\n    at runAndTransformResultsToJestFormat (D:\\WBD\\ffsd_repo_react\\node_modules\\jest-circus\\build\\jestAdapterInit.js:1918:21)\n    at jestAdapter (D:\\WBD\\ffsd_repo_react\\node_modules\\jest-circus\\build\\runner.js:101:19)\n    at runTestInternal (D:\\WBD\\ffsd_repo_react\\node_modules\\jest-runner\\build\\index.js:275:16)\n    at runTest (D:\\WBD\\ffsd_repo_react\\node_modules\\jest-runner\\build\\index.js:343:7)"],"fullName":"JWT Authentication Edge Case 1: signToken with valid payload should handle payload with special characters","invocations":1,"location":null,"numPassingAsserts":0,"retryReasons":[],"startAt":1776400089910,"status":"failed","title":"should handle payload with special characters"},{"ancestorTitles":["JWT Authentication","Edge Case 2: signToken with custom expiresIn"],"duration":3,"failing":false,"failureDetails":[{}],"failureMessages":["TypeError: Cannot read properties of undefined (reading 'update')\n    at Object.sign (D:\\WBD\\ffsd_repo_react\\server\\node_modules\\jwa\\index.js:132:21)\n    at Object.jwsSign [as sign] (D:\\WBD\\ffsd_repo_react\\server\\node_modules\\jws\\lib\\sign-stream.js:32:24)\n    at Object.module.exports [as sign] (D:\\WBD\\ffsd_repo_react\\server\\node_modules\\jsonwebtoken\\sign.js:246:25)\n    at sign (D:\\WBD\\ffsd_repo_react\\server\\utils\\jwt.js:16:14)\n    at Object.signToken (D:\\WBD\\ffsd_repo_react\\server\\__tests__\\utils\\jwt.test.js:93:23)\n    at Promise.finally.completed (D:\\WBD\\ffsd_repo_react\\node_modules\\jest-circus\\build\\jestAdapterInit.js:1557:28)\n    at new Promise (<anonymous>)\n    at callAsyncCircusFn (D:\\WBD\\ffsd_repo_react\\node_modules\\jest-circus\\build\\jestAdapterInit.js:1497:10)\n    at _callCircusTest (D:\\WBD\\ffsd_repo_react\\node_modules\\jest-circus\\build\\jestAdapterInit.js:1007:40)\n    at _runTest (D:\\WBD\\ffsd_repo_react\\node_modules\\jest-circus\\build\\jestAdapterInit.js:947:3)\n    at D:\\WBD\\ffsd_repo_react\\node_modules\\jest-circus\\build\\jestAdapterInit.js:849:7\n    at _runTestsForDescribeBlock (D:\\WBD\\ffsd_repo_react\\node_modules\\jest-circus\\build\\jestAdapterInit.js:862:11)\n    at _runTestsForDescribeBlock (D:\\WBD\\ffsd_repo_react\\node_modules\\jest-circus\\build\\jestAdapterInit.js:857:11)\n    at _runTestsForDescribeBlock (D:\\WBD\\ffsd_repo_react\\node_modules\\jest-circus\\build\\jestAdapterInit.js:857:11)\n    at run (D:\\WBD\\ffsd_repo_react\\node_modules\\jest-circus\\build\\jestAdapterInit.js:761:3)\n    at runAndTransformResultsToJestFormat (D:\\WBD\\ffsd_repo_react\\node_modules\\jest-circus\\build\\jestAdapterInit.js:1918:21)\n    at jestAdapter (D:\\WBD\\ffsd_repo_react\\node_modules\\jest-circus\\build\\runner.js:101:19)\n    at runTestInternal (D:\\WBD\\ffsd_repo_react\\node_modules\\jest-runner\\build\\index.js:275:16)\n    at runTest (D:\\WBD\\ffsd_repo_react\\node_modules\\jest-runner\\build\\index.js:343:7)"],"fullName":"JWT Authentication Edge Case 2: signToken with custom expiresIn should use custom expiresIn option","invocations":1,"location":null,"numPassingAsserts":0,"retryReasons":[],"startAt":1776400089931,"status":"failed","title":"should use custom expiresIn option"},{"ancestorTitles":["JWT Authentication","Edge Case 2: signToken with custom expiresIn"],"duration":3,"failing":false,"failureDetails":[{}],"failureMessages":["TypeError: Cannot read properties of undefined (reading 'update')\n    at Object.sign (D:\\WBD\\ffsd_repo_react\\server\\node_modules\\jwa\\index.js:132:21)\n    at Object.jwsSign [as sign] (D:\\WBD\\ffsd_repo_react\\server\\node_modules\\jws\\lib\\sign-stream.js:32:24)\n    at Object.module.exports [as sign] (D:\\WBD\\ffsd_repo_react\\server\\node_modules\\jsonwebtoken\\sign.js:246:25)\n    at sign (D:\\WBD\\ffsd_repo_react\\server\\utils\\jwt.js:16:14)\n    at Object.signToken (D:\\WBD\\ffsd_repo_react\\server\\__tests__\\utils\\jwt.test.js:105:21)\n    at Promise.finally.completed (D:\\WBD\\ffsd_repo_react\\node_modules\\jest-circus\\build\\jestAdapterInit.js:1557:28)\n    at new Promise (<anonymous>)\n    at callAsyncCircusFn (D:\\WBD\\ffsd_repo_react\\node_modules\\jest-circus\\build\\jestAdapterInit.js:1497:10)\n    at _callCircusTest (D:\\WBD\\ffsd_repo_react\\node_modules\\jest-circus\\build\\jestAdapterInit.js:1007:40)\n    at _runTest (D:\\WBD\\ffsd_repo_react\\node_modules\\jest-circus\\build\\jestAdapterInit.js:947:3)\n    at D:\\WBD\\ffsd_repo_react\\node_modules\\jest-circus\\build\\jestAdapterInit.js:849:7\n    at _runTestsForDescribeBlock (D:\\WBD\\ffsd_repo_react\\node_modules\\jest-circus\\build\\jestAdapterInit.js:862:11)\n    at _runTestsForDescribeBlock (D:\\WBD\\ffsd_repo_react\\node_modules\\jest-circus\\build\\jestAdapterInit.js:857:11)\n    at _runTestsForDescribeBlock (D:\\WBD\\ffsd_repo_react\\node_modules\\jest-circus\\build\\jestAdapterInit.js:857:11)\n    at run (D:\\WBD\\ffsd_repo_react\\node_modules\\jest-circus\\build\\jestAdapterInit.js:761:3)\n    at runAndTransformResultsToJestFormat (D:\\WBD\\ffsd_repo_react\\node_modules\\jest-circus\\build\\jestAdapterInit.js:1918:21)\n    at jestAdapter (D:\\WBD\\ffsd_repo_react\\node_modules\\jest-circus\\build\\runner.js:101:19)\n    at runTestInternal (D:\\WBD\\ffsd_repo_react\\node_modules\\jest-runner\\build\\index.js:275:16)\n    at runTest (D:\\WBD\\ffsd_repo_react\\node_modules\\jest-runner\\build\\index.js:343:7)"],"fullName":"JWT Authentication Edge Case 2: signToken with custom expiresIn should use default 1h when no expiresIn provided","invocations":1,"location":null,"numPassingAsserts":0,"retryReasons":[],"startAt":1776400089936,"status":"failed","title":"should use default 1h when no expiresIn provided"},{"ancestorTitles":["JWT Authentication","Edge Case 2: signToken with custom expiresIn"],"duration":2,"failing":false,"failureDetails":[{}],"failureMessages":["TypeError: Cannot read properties of undefined (reading 'update')\n    at Object.sign (D:\\WBD\\ffsd_repo_react\\server\\node_modules\\jwa\\index.js:132:21)\n    at Object.jwsSign [as sign] (D:\\WBD\\ffsd_repo_react\\server\\node_modules\\jws\\lib\\sign-stream.js:32:24)\n    at Object.module.exports [as sign] (D:\\WBD\\ffsd_repo_react\\server\\node_modules\\jsonwebtoken\\sign.js:246:25)\n    at sign (D:\\WBD\\ffsd_repo_react\\server\\utils\\jwt.js:16:14)\n    at Object.signToken (D:\\WBD\\ffsd_repo_react\\server\\__tests__\\utils\\jwt.test.js:115:21)\n    at Promise.finally.completed (D:\\WBD\\ffsd_repo_react\\node_modules\\jest-circus\\build\\jestAdapterInit.js:1557:28)\n    at new Promise (<anonymous>)\n    at callAsyncCircusFn (D:\\WBD\\ffsd_repo_react\\node_modules\\jest-circus\\build\\jestAdapterInit.js:1497:10)\n    at _callCircusTest (D:\\WBD\\ffsd_repo_react\\node_modules\\jest-circus\\build\\jestAdapterInit.js:1007:40)\n    at _runTest (D:\\WBD\\ffsd_repo_react\\node_modules\\jest-circus\\build\\jestAdapterInit.js:947:3)\n    at D:\\WBD\\ffsd_repo_react\\node_modules\\jest-circus\\build\\jestAdapterInit.js:849:7\n    at _runTestsForDescribeBlock (D:\\WBD\\ffsd_repo_react\\node_modules\\jest-circus\\build\\jestAdapterInit.js:862:11)\n    at _runTestsForDescribeBlock (D:\\WBD\\ffsd_repo_react\\node_modules\\jest-circus\\build\\jestAdapterInit.js:857:11)\n    at _runTestsForDescribeBlock (D:\\WBD\\ffsd_repo_react\\node_modules\\jest-circus\\build\\jestAdapterInit.js:857:11)\n    at run (D:\\WBD\\ffsd_repo_react\\node_modules\\jest-circus\\build\\jestAdapterInit.js:761:3)\n    at runAndTransformResultsToJestFormat (D:\\WBD\\ffsd_repo_react\\node_modules\\jest-circus\\build\\jestAdapterInit.js:1918:21)\n    at jestAdapter (D:\\WBD\\ffsd_repo_react\\node_modules\\jest-circus\\build\\runner.js:101:19)\n    at runTestInternal (D:\\WBD\\ffsd_repo_react\\node_modules\\jest-runner\\build\\index.js:275:16)\n    at runTest (D:\\WBD\\ffsd_repo_react\\node_modules\\jest-runner\\build\\index.js:343:7)"],"fullName":"JWT Authentication Edge Case 2: signToken with custom expiresIn should handle seconds expiration","invocations":1,"location":null,"numPassingAsserts":0,"retryReasons":[],"startAt":1776400089940,"status":"failed","title":"should handle seconds expiration"},{"ancestorTitles":["JWT Authentication","Edge Case 2: signToken with custom expiresIn"],"duration":3,"failing":false,"failureDetails":[{}],"failureMessages":["TypeError: Cannot read properties of undefined (reading 'update')\n    at Object.sign (D:\\WBD\\ffsd_repo_react\\server\\node_modules\\jwa\\index.js:132:21)\n    at Object.jwsSign [as sign] (D:\\WBD\\ffsd_repo_react\\server\\node_modules\\jws\\lib\\sign-stream.js:32:24)\n    at Object.module.exports [as sign] (D:\\WBD\\ffsd_repo_react\\server\\node_modules\\jsonwebtoken\\sign.js:246:25)\n    at sign (D:\\WBD\\ffsd_repo_react\\server\\utils\\jwt.js:16:14)\n    at Object.signToken (D:\\WBD\\ffsd_repo_react\\server\\__tests__\\utils\\jwt.test.js:123:21)\n    at Promise.finally.completed (D:\\WBD\\ffsd_repo_react\\node_modules\\jest-circus\\build\\jestAdapterInit.js:1557:28)\n    at new Promise (<anonymous>)\n    at callAsyncCircusFn (D:\\WBD\\ffsd_repo_react\\node_modules\\jest-circus\\build\\jestAdapterInit.js:1497:10)\n    at _callCircusTest (D:\\WBD\\ffsd_repo_react\\node_modules\\jest-circus\\build\\jestAdapterInit.js:1007:40)\n    at _runTest (D:\\WBD\\ffsd_repo_react\\node_modules\\jest-circus\\build\\jestAdapterInit.js:947:3)\n    at D:\\WBD\\ffsd_repo_react\\node_modules\\jest-circus\\build\\jestAdapterInit.js:849:7\n    at _runTestsForDescribeBlock (D:\\WBD\\ffsd_repo_react\\node_modules\\jest-circus\\build\\jestAdapterInit.js:862:11)\n    at _runTestsForDescribeBlock (D:\\WBD\\ffsd_repo_react\\node_modules\\jest-circus\\build\\jestAdapterInit.js:857:11)\n    at _runTestsForDescribeBlock (D:\\WBD\\ffsd_repo_react\\node_modules\\jest-circus\\build\\jestAdapterInit.js:857:11)\n    at run (D:\\WBD\\ffsd_repo_react\\node_modules\\jest-circus\\build\\jestAdapterInit.js:761:3)\n    at runAndTransformResultsToJestFormat (D:\\WBD\\ffsd_repo_react\\node_modules\\jest-circus\\build\\jestAdapterInit.js:1918:21)\n    at jestAdapter (D:\\WBD\\ffsd_repo_react\\node_modules\\jest-circus\\build\\runner.js:101:19)\n    at runTestInternal (D:\\WBD\\ffsd_repo_react\\node_modules\\jest-runner\\build\\index.js:275:16)\n    at runTest (D:\\WBD\\ffsd_repo_react\\node_modules\\jest-runner\\build\\index.js:343:7)"],"fullName":"JWT Authentication Edge Case 2: signToken with custom expiresIn should handle very short expiresIn","invocations":1,"location":null,"numPassingAsserts":0,"retryReasons":[],"startAt":1776400089943,"status":"failed","title":"should handle very short expiresIn"},{"ancestorTitles":["JWT Authentication","Edge Case 2: signToken with custom expiresIn"],"duration":2,"failing":false,"failureDetails":[{}],"failureMessages":["TypeError: Cannot read properties of undefined (reading 'update')\n    at Object.sign (D:\\WBD\\ffsd_repo_react\\server\\node_modules\\jwa\\index.js:132:21)\n    at Object.jwsSign [as sign] (D:\\WBD\\ffsd_repo_react\\server\\node_modules\\jws\\lib\\sign-stream.js:32:24)\n    at Object.module.exports [as sign] (D:\\WBD\\ffsd_repo_react\\server\\node_modules\\jsonwebtoken\\sign.js:246:25)\n    at sign (D:\\WBD\\ffsd_repo_react\\server\\utils\\jwt.js:16:14)\n    at Object.signToken (D:\\WBD\\ffsd_repo_react\\server\\__tests__\\utils\\jwt.test.js:131:21)\n    at Promise.finally.completed (D:\\WBD\\ffsd_repo_react\\node_modules\\jest-circus\\build\\jestAdapterInit.js:1557:28)\n    at new Promise (<anonymous>)\n    at callAsyncCircusFn (D:\\WBD\\ffsd_repo_react\\node_modules\\jest-circus\\build\\jestAdapterInit.js:1497:10)\n    at _callCircusTest (D:\\WBD\\ffsd_repo_react\\node_modules\\jest-circus\\build\\jestAdapterInit.js:1007:40)\n    at _runTest (D:\\WBD\\ffsd_repo_react\\node_modules\\jest-circus\\build\\jestAdapterInit.js:947:3)\n    at D:\\WBD\\ffsd_repo_react\\node_modules\\jest-circus\\build\\jestAdapterInit.js:849:7\n    at _runTestsForDescribeBlock (D:\\WBD\\ffsd_repo_react\\node_modules\\jest-circus\\build\\jestAdapterInit.js:862:11)\n    at _runTestsForDescribeBlock (D:\\WBD\\ffsd_repo_react\\node_modules\\jest-circus\\build\\jestAdapterInit.js:857:11)\n    at _runTestsForDescribeBlock (D:\\WBD\\ffsd_repo_react\\node_modules\\jest-circus\\build\\jestAdapterInit.js:857:11)\n    at run (D:\\WBD\\ffsd_repo_react\\node_modules\\jest-circus\\build\\jestAdapterInit.js:761:3)\n    at runAndTransformResultsToJestFormat (D:\\WBD\\ffsd_repo_react\\node_modules\\jest-circus\\build\\jestAdapterInit.js:1918:21)\n    at jestAdapter (D:\\WBD\\ffsd_repo_react\\node_modules\\jest-circus\\build\\runner.js:101:19)\n    at runTestInternal (D:\\WBD\\ffsd_repo_react\\node_modules\\jest-runner\\build\\index.js:275:16)\n    at runTest (D:\\WBD\\ffsd_repo_react\\node_modules\\jest-runner\\build\\index.js:343:7)"],"fullName":"JWT Authentication Edge Case 2: signToken with custom expiresIn should handle very long expiresIn","invocations":1,"location":null,"numPassingAsserts":0,"retryReasons":[],"startAt":1776400089947,"status":"failed","title":"should handle very long expiresIn"},{"ancestorTitles":["JWT Authentication","Edge Case 3: verifyToken with valid token"],"duration":2,"failing":false,"failureDetails":[{}],"failureMessages":["TypeError: Cannot read properties of undefined (reading 'update')\n    at Object.sign (D:\\WBD\\ffsd_repo_react\\server\\node_modules\\jwa\\index.js:132:21)\n    at Object.jwsSign [as sign] (D:\\WBD\\ffsd_repo_react\\server\\node_modules\\jws\\lib\\sign-stream.js:32:24)\n    at Object.module.exports [as sign] (D:\\WBD\\ffsd_repo_react\\server\\node_modules\\jsonwebtoken\\sign.js:246:25)\n    at sign (D:\\WBD\\ffsd_repo_react\\server\\utils\\jwt.js:16:14)\n    at Object.signToken (D:\\WBD\\ffsd_repo_react\\server\\__tests__\\utils\\jwt.test.js:145:21)\n    at Promise.finally.completed (D:\\WBD\\ffsd_repo_react\\node_modules\\jest-circus\\build\\jestAdapterInit.js:1557:28)\n    at new Promise (<anonymous>)\n    at callAsyncCircusFn (D:\\WBD\\ffsd_repo_react\\node_modules\\jest-circus\\build\\jestAdapterInit.js:1497:10)\n    at _callCircusTest (D:\\WBD\\ffsd_repo_react\\node_modules\\jest-circus\\build\\jestAdapterInit.js:1007:40)\n    at _runTest (D:\\WBD\\ffsd_repo_react\\node_modules\\jest-circus\\build\\jestAdapterInit.js:947:3)\n    at D:\\WBD\\ffsd_repo_react\\node_modules\\jest-circus\\build\\jestAdapterInit.js:849:7\n    at _runTestsForDescribeBlock (D:\\WBD\\ffsd_repo_react\\node_modules\\jest-circus\\build\\jestAdapterInit.js:862:11)\n    at _runTestsForDescribeBlock (D:\\WBD\\ffsd_repo_react\\node_modules\\jest-circus\\build\\jestAdapterInit.js:857:11)\n    at _runTestsForDescribeBlock (D:\\WBD\\ffsd_repo_react\\node_modules\\jest-circus\\build\\jestAdapterInit.js:857:11)\n    at run (D:\\WBD\\ffsd_repo_react\\node_modules\\jest-circus\\build\\jestAdapterInit.js:761:3)\n    at runAndTransformResultsToJestFormat (D:\\WBD\\ffsd_repo_react\\node_modules\\jest-circus\\build\\jestAdapterInit.js:1918:21)\n    at jestAdapter (D:\\WBD\\ffsd_repo_react\\node_modules\\jest-circus\\build\\runner.js:101:19)\n    at runTestInternal (D:\\WBD\\ffsd_repo_react\\node_modules\\jest-runner\\build\\index.js:275:16)\n    at runTest (D:\\WBD\\ffsd_repo_react\\node_modules\\jest-runner\\build\\index.js:343:7)"],"fullName":"JWT Authentication Edge Case 3: verifyToken with valid token should verify and decode valid token","invocations":1,"location":null,"numPassingAsserts":0,"retryReasons":[],"startAt":1776400089951,"status":"failed","title":"should verify and decode valid token"},{"ancestorTitles":["JWT Authentication","Edge Case 3: verifyToken with valid token"],"duration":4,"failing":false,"failureDetails":[{}],"failureMessages":["TypeError: Cannot read properties of undefined (reading 'update')\n    at Object.sign (D:\\WBD\\ffsd_repo_react\\server\\node_modules\\jwa\\index.js:132:21)\n    at Object.jwsSign [as sign] (D:\\WBD\\ffsd_repo_react\\server\\node_modules\\jws\\lib\\sign-stream.js:32:24)\n    at Object.module.exports [as sign] (D:\\WBD\\ffsd_repo_react\\server\\node_modules\\jsonwebtoken\\sign.js:246:25)\n    at sign (D:\\WBD\\ffsd_repo_react\\server\\utils\\jwt.js:16:14)\n    at Object.signToken (D:\\WBD\\ffsd_repo_react\\server\\__tests__\\utils\\jwt.test.js:160:21)\n    at Promise.finally.completed (D:\\WBD\\ffsd_repo_react\\node_modules\\jest-circus\\build\\jestAdapterInit.js:1557:28)\n    at new Promise (<anonymous>)\n    at callAsyncCircusFn (D:\\WBD\\ffsd_repo_react\\node_modules\\jest-circus\\build\\jestAdapterInit.js:1497:10)\n    at _callCircusTest (D:\\WBD\\ffsd_repo_react\\node_modules\\jest-circus\\build\\jestAdapterInit.js:1007:40)\n    at _runTest (D:\\WBD\\ffsd_repo_react\\node_modules\\jest-circus\\build\\jestAdapterInit.js:947:3)\n    at D:\\WBD\\ffsd_repo_react\\node_modules\\jest-circus\\build\\jestAdapterInit.js:849:7\n    at _runTestsForDescribeBlock (D:\\WBD\\ffsd_repo_react\\node_modules\\jest-circus\\build\\jestAdapterInit.js:862:11)\n    at _runTestsForDescribeBlock (D:\\WBD\\ffsd_repo_react\\node_modules\\jest-circus\\build\\jestAdapterInit.js:857:11)\n    at _runTestsForDescribeBlock (D:\\WBD\\ffsd_repo_react\\node_modules\\jest-circus\\build\\jestAdapterInit.js:857:11)\n    at run (D:\\WBD\\ffsd_repo_react\\node_modules\\jest-circus\\build\\jestAdapterInit.js:761:3)\n    at runAndTransformResultsToJestFormat (D:\\WBD\\ffsd_repo_react\\node_modules\\jest-circus\\build\\jestAdapterInit.js:1918:21)\n    at jestAdapter (D:\\WBD\\ffsd_repo_react\\node_modules\\jest-circus\\build\\runner.js:101:19)\n    at runTestInternal (D:\\WBD\\ffsd_repo_react\\node_modules\\jest-runner\\build\\index.js:275:16)\n    at runTest (D:\\WBD\\ffsd_repo_react\\node_modules\\jest-runner\\build\\index.js:343:7)"],"fullName":"JWT Authentication Edge Case 3: verifyToken with valid token should extract all payload data","invocations":1,"location":null,"numPassingAsserts":0,"retryReasons":[],"startAt":1776400089955,"status":"failed","title":"should extract all payload data"},{"ancestorTitles":["JWT Authentication","Edge Case 3: verifyToken with valid token"],"duration":2,"failing":false,"failureDetails":[{}],"failureMessages":["TypeError: Cannot read properties of undefined (reading 'update')\n    at Object.sign (D:\\WBD\\ffsd_repo_react\\server\\node_modules\\jwa\\index.js:132:21)\n    at Object.jwsSign [as sign] (D:\\WBD\\ffsd_repo_react\\server\\node_modules\\jws\\lib\\sign-stream.js:32:24)\n    at Object.module.exports [as sign] (D:\\WBD\\ffsd_repo_react\\server\\node_modules\\jsonwebtoken\\sign.js:246:25)\n    at sign (D:\\WBD\\ffsd_repo_react\\server\\utils\\jwt.js:16:14)\n    at Object.signToken (D:\\WBD\\ffsd_repo_react\\server\\__tests__\\utils\\jwt.test.js:172:21)\n    at Promise.finally.completed (D:\\WBD\\ffsd_repo_react\\node_modules\\jest-circus\\build\\jestAdapterInit.js:1557:28)\n    at new Promise (<anonymous>)\n    at callAsyncCircusFn (D:\\WBD\\ffsd_repo_react\\node_modules\\jest-circus\\build\\jestAdapterInit.js:1497:10)\n    at _callCircusTest (D:\\WBD\\ffsd_repo_react\\node_modules\\jest-circus\\build\\jestAdapterInit.js:1007:40)\n    at _runTest (D:\\WBD\\ffsd_repo_react\\node_modules\\jest-circus\\build\\jestAdapterInit.js:947:3)\n    at D:\\WBD\\ffsd_repo_react\\node_modules\\jest-circus\\build\\jestAdapterInit.js:849:7\n    at _runTestsForDescribeBlock (D:\\WBD\\ffsd_repo_react\\node_modules\\jest-circus\\build\\jestAdapterInit.js:862:11)\n    at _runTestsForDescribeBlock (D:\\WBD\\ffsd_repo_react\\node_modules\\jest-circus\\build\\jestAdapterInit.js:857:11)\n    at _runTestsForDescribeBlock (D:\\WBD\\ffsd_repo_react\\node_modules\\jest-circus\\build\\jestAdapterInit.js:857:11)\n    at run (D:\\WBD\\ffsd_repo_react\\node_modules\\jest-circus\\build\\jestAdapterInit.js:761:3)\n    at runAndTransformResultsToJestFormat (D:\\WBD\\ffsd_repo_react\\node_modules\\jest-circus\\build\\jestAdapterInit.js:1918:21)\n    at jestAdapter (D:\\WBD\\ffsd_repo_react\\node_modules\\jest-circus\\build\\runner.js:101:19)\n    at runTestInternal (D:\\WBD\\ffsd_repo_react\\node_modules\\jest-runner\\build\\index.js:275:16)\n    at runTest (D:\\WBD\\ffsd_repo_react\\node_modules\\jest-runner\\build\\index.js:343:7)"],"fullName":"JWT Authentication Edge Case 3: verifyToken with valid token should include iat and exp timestamps","invocations":1,"location":null,"numPassingAsserts":0,"retryReasons":[],"startAt":1776400089961,"status":"failed","title":"should include iat and exp timestamps"},{"ancestorTitles":["JWT Authentication","Edge Case 4: verifyToken with expired token"],"duration":3,"failing":false,"failureDetails":[{}],"failureMessages":["TypeError: Cannot read properties of undefined (reading 'update')\n    at Object.sign (D:\\WBD\\ffsd_repo_react\\server\\node_modules\\jwa\\index.js:132:21)\n    at Object.jwsSign [as sign] (D:\\WBD\\ffsd_repo_react\\server\\node_modules\\jws\\lib\\sign-stream.js:32:24)\n    at Object.module.exports [as sign] (D:\\WBD\\ffsd_repo_react\\server\\node_modules\\jsonwebtoken\\sign.js:246:25)\n    at sign (D:\\WBD\\ffsd_repo_react\\server\\utils\\jwt.js:16:14)\n    at Object.signToken (D:\\WBD\\ffsd_repo_react\\server\\__tests__\\utils\\jwt.test.js:190:21)\n    at Promise.finally.completed (D:\\WBD\\ffsd_repo_react\\node_modules\\jest-circus\\build\\jestAdapterInit.js:1557:28)\n    at new Promise (<anonymous>)\n    at callAsyncCircusFn (D:\\WBD\\ffsd_repo_react\\node_modules\\jest-circus\\build\\jestAdapterInit.js:1497:10)\n    at _callCircusTest (D:\\WBD\\ffsd_repo_react\\node_modules\\jest-circus\\build\\jestAdapterInit.js:1007:40)\n    at _runTest (D:\\WBD\\ffsd_repo_react\\node_modules\\jest-circus\\build\\jestAdapterInit.js:947:3)\n    at D:\\WBD\\ffsd_repo_react\\node_modules\\jest-circus\\build\\jestAdapterInit.js:849:7\n    at _runTestsForDescribeBlock (D:\\WBD\\ffsd_repo_react\\node_modules\\jest-circus\\build\\jestAdapterInit.js:862:11)\n    at _runTestsForDescribeBlock (D:\\WBD\\ffsd_repo_react\\node_modules\\jest-circus\\build\\jestAdapterInit.js:857:11)\n    at _runTestsForDescribeBlock (D:\\WBD\\ffsd_repo_react\\node_modules\\jest-circus\\build\\jestAdapterInit.js:857:11)\n    at run (D:\\WBD\\ffsd_repo_react\\node_modules\\jest-circus\\build\\jestAdapterInit.js:761:3)\n    at runAndTransformResultsToJestFormat (D:\\WBD\\ffsd_repo_react\\node_modules\\jest-circus\\build\\jestAdapterInit.js:1918:21)\n    at jestAdapter (D:\\WBD\\ffsd_repo_react\\node_modules\\jest-circus\\build\\runner.js:101:19)\n    at runTestInternal (D:\\WBD\\ffsd_repo_react\\node_modules\\jest-runner\\build\\index.js:275:16)\n    at runTest (D:\\WBD\\ffsd_repo_react\\node_modules\\jest-runner\\build\\index.js:343:7)"],"fullName":"JWT Authentication Edge Case 4: verifyToken with expired token should reject expired token","invocations":1,"location":null,"numPassingAsserts":0,"retryReasons":[],"startAt":1776400089964,"status":"failed","title":"should reject expired token"},{"ancestorTitles":["JWT Authentication","Edge Case 4: verifyToken with expired token"],"duration":4,"failing":false,"failureDetails":[{}],"failureMessages":["TypeError: Cannot read properties of undefined (reading 'update')\n    at Object.sign (D:\\WBD\\ffsd_repo_react\\server\\node_modules\\jwa\\index.js:132:21)\n    at Object.jwsSign [as sign] (D:\\WBD\\ffsd_repo_react\\server\\node_modules\\jws\\lib\\sign-stream.js:32:24)\n    at Object.module.exports [as sign] (D:\\WBD\\ffsd_repo_react\\server\\node_modules\\jsonwebtoken\\sign.js:246:25)\n    at Object.sign (D:\\WBD\\ffsd_repo_react\\server\\__tests__\\utils\\jwt.test.js:200:32)\n    at Promise.finally.completed (D:\\WBD\\ffsd_repo_react\\node_modules\\jest-circus\\build\\jestAdapterInit.js:1557:28)\n    at new Promise (<anonymous>)\n    at callAsyncCircusFn (D:\\WBD\\ffsd_repo_react\\node_modules\\jest-circus\\build\\jestAdapterInit.js:1497:10)\n    at _callCircusTest (D:\\WBD\\ffsd_repo_react\\node_modules\\jest-circus\\build\\jestAdapterInit.js:1007:40)\n    at _runTest (D:\\WBD\\ffsd_repo_react\\node_modules\\jest-circus\\build\\jestAdapterInit.js:947:3)\n    at D:\\WBD\\ffsd_repo_react\\node_modules\\jest-circus\\build\\jestAdapterInit.js:849:7\n    at _runTestsForDescribeBlock (D:\\WBD\\ffsd_repo_react\\node_modules\\jest-circus\\build\\jestAdapterInit.js:862:11)\n    at _runTestsForDescribeBlock (D:\\WBD\\ffsd_repo_react\\node_modules\\jest-circus\\build\\jestAdapterInit.js:857:11)\n    at _runTestsForDescribeBlock (D:\\WBD\\ffsd_repo_react\\node_modules\\jest-circus\\build\\jestAdapterInit.js:857:11)\n    at run (D:\\WBD\\ffsd_repo_react\\node_modules\\jest-circus\\build\\jestAdapterInit.js:761:3)\n    at runAndTransformResultsToJestFormat (D:\\WBD\\ffsd_repo_react\\node_modules\\jest-circus\\build\\jestAdapterInit.js:1918:21)\n    at jestAdapter (D:\\WBD\\ffsd_repo_react\\node_modules\\jest-circus\\build\\runner.js:101:19)\n    at runTestInternal (D:\\WBD\\ffsd_repo_react\\node_modules\\jest-runner\\build\\index.js:275:16)\n    at runTest (D:\\WBD\\ffsd_repo_react\\node_modules\\jest-runner\\build\\index.js:343:7)"],"fullName":"JWT Authentication Edge Case 4: verifyToken with expired token should throw TokenExpiredError for expired token","invocations":1,"location":null,"numPassingAsserts":0,"retryReasons":[],"startAt":1776400089968,"status":"failed","title":"should throw TokenExpiredError for expired token"},{"ancestorTitles":["JWT Authentication","Edge Case 5: verifyToken with tampered token"],"duration":2,"failing":false,"failureDetails":[{}],"failureMessages":["TypeError: Cannot read properties of undefined (reading 'update')\n    at Object.sign (D:\\WBD\\ffsd_repo_react\\server\\node_modules\\jwa\\index.js:132:21)\n    at Object.jwsSign [as sign] (D:\\WBD\\ffsd_repo_react\\server\\node_modules\\jws\\lib\\sign-stream.js:32:24)\n    at Object.module.exports [as sign] (D:\\WBD\\ffsd_repo_react\\server\\node_modules\\jsonwebtoken\\sign.js:246:25)\n    at sign (D:\\WBD\\ffsd_repo_react\\server\\utils\\jwt.js:16:14)\n    at Object.signToken (D:\\WBD\\ffsd_repo_react\\server\\__tests__\\utils\\jwt.test.js:217:21)\n    at Promise.finally.completed (D:\\WBD\\ffsd_repo_react\\node_modules\\jest-circus\\build\\jestAdapterInit.js:1557:28)\n    at new Promise (<anonymous>)\n    at callAsyncCircusFn (D:\\WBD\\ffsd_repo_react\\node_modules\\jest-circus\\build\\jestAdapterInit.js:1497:10)\n    at _callCircusTest (D:\\WBD\\ffsd_repo_react\\node_modules\\jest-circus\\build\\jestAdapterInit.js:1007:40)\n    at _runTest (D:\\WBD\\ffsd_repo_react\\node_modules\\jest-circus\\build\\jestAdapterInit.js:947:3)\n    at D:\\WBD\\ffsd_repo_react\\node_modules\\jest-circus\\build\\jestAdapterInit.js:849:7\n    at _runTestsForDescribeBlock (D:\\WBD\\ffsd_repo_react\\node_modules\\jest-circus\\build\\jestAdapterInit.js:862:11)\n    at _runTestsForDescribeBlock (D:\\WBD\\ffsd_repo_react\\node_modules\\jest-circus\\build\\jestAdapterInit.js:857:11)\n    at _runTestsForDescribeBlock (D:\\WBD\\ffsd_repo_react\\node_modules\\jest-circus\\build\\jestAdapterInit.js:857:11)\n    at run (D:\\WBD\\ffsd_repo_react\\node_modules\\jest-circus\\build\\jestAdapterInit.js:761:3)\n    at runAndTransformResultsToJestFormat (D:\\WBD\\ffsd_repo_react\\node_modules\\jest-circus\\build\\jestAdapterInit.js:1918:21)\n    at jestAdapter (D:\\WBD\\ffsd_repo_react\\node_modules\\jest-circus\\build\\runner.js:101:19)\n    at runTestInternal (D:\\WBD\\ffsd_repo_react\\node_modules\\jest-runner\\build\\index.js:275:16)\n    at runTest (D:\\WBD\\ffsd_repo_react\\node_modules\\jest-runner\\build\\index.js:343:7)"],"fullName":"JWT Authentication Edge Case 5: verifyToken with tampered token should reject token with modified payload","invocations":1,"location":null,"numPassingAsserts":0,"retryReasons":[],"startAt":1776400089974,"status":"failed","title":"should reject token with modified payload"},{"ancestorTitles":["JWT Authentication","Edge Case 5: verifyToken with tampered token"],"duration":2,"failing":false,"failureDetails":[{}],"failureMessages":["TypeError: Cannot read properties of undefined (reading 'update')\n    at Object.sign (D:\\WBD\\ffsd_repo_react\\server\\node_modules\\jwa\\index.js:132:21)\n    at Object.jwsSign [as sign] (D:\\WBD\\ffsd_repo_react\\server\\node_modules\\jws\\lib\\sign-stream.js:32:24)\n    at Object.module.exports [as sign] (D:\\WBD\\ffsd_repo_react\\server\\node_modules\\jsonwebtoken\\sign.js:246:25)\n    at sign (D:\\WBD\\ffsd_repo_react\\server\\utils\\jwt.js:16:14)\n    at Object.signToken (D:\\WBD\\ffsd_repo_react\\server\\__tests__\\utils\\jwt.test.js:228:21)\n    at Promise.finally.completed (D:\\WBD\\ffsd_repo_react\\node_modules\\jest-circus\\build\\jestAdapterInit.js:1557:28)\n    at new Promise (<anonymous>)\n    at callAsyncCircusFn (D:\\WBD\\ffsd_repo_react\\node_modules\\jest-circus\\build\\jestAdapterInit.js:1497:10)\n    at _callCircusTest (D:\\WBD\\ffsd_repo_react\\node_modules\\jest-circus\\build\\jestAdapterInit.js:1007:40)\n    at _runTest (D:\\WBD\\ffsd_repo_react\\node_modules\\jest-circus\\build\\jestAdapterInit.js:947:3)\n    at D:\\WBD\\ffsd_repo_react\\node_modules\\jest-circus\\build\\jestAdapterInit.js:849:7\n    at _runTestsForDescribeBlock (D:\\WBD\\ffsd_repo_react\\node_modules\\jest-circus\\build\\jestAdapterInit.js:862:11)\n    at _runTestsForDescribeBlock (D:\\WBD\\ffsd_repo_react\\node_modules\\jest-circus\\build\\jestAdapterInit.js:857:11)\n    at _runTestsForDescribeBlock (D:\\WBD\\ffsd_repo_react\\node_modules\\jest-circus\\build\\jestAdapterInit.js:857:11)\n    at run (D:\\WBD\\ffsd_repo_react\\node_modules\\jest-circus\\build\\jestAdapterInit.js:761:3)\n    at runAndTransformResultsToJestFormat (D:\\WBD\\ffsd_repo_react\\node_modules\\jest-circus\\build\\jestAdapterInit.js:1918:21)\n    at jestAdapter (D:\\WBD\\ffsd_repo_react\\node_modules\\jest-circus\\build\\runner.js:101:19)\n    at runTestInternal (D:\\WBD\\ffsd_repo_react\\node_modules\\jest-runner\\build\\index.js:275:16)\n    at runTest (D:\\WBD\\ffsd_repo_react\\node_modules\\jest-runner\\build\\index.js:343:7)"],"fullName":"JWT Authentication Edge Case 5: verifyToken with tampered token should reject token with modified signature","invocations":1,"location":null,"numPassingAsserts":0,"retryReasons":[],"startAt":1776400089977,"status":"failed","title":"should reject token with modified signature"},{"ancestorTitles":["JWT Authentication","Edge Case 5: verifyToken with tampered token"],"duration":2,"failing":false,"failureDetails":[{}],"failureMessages":["TypeError: Cannot read properties of undefined (reading 'update')\n    at Object.sign (D:\\WBD\\ffsd_repo_react\\server\\node_modules\\jwa\\index.js:132:21)\n    at Object.jwsSign [as sign] (D:\\WBD\\ffsd_repo_react\\server\\node_modules\\jws\\lib\\sign-stream.js:32:24)\n    at Object.module.exports [as sign] (D:\\WBD\\ffsd_repo_react\\server\\node_modules\\jsonwebtoken\\sign.js:246:25)\n    at sign (D:\\WBD\\ffsd_repo_react\\server\\utils\\jwt.js:16:14)\n    at Object.signToken (D:\\WBD\\ffsd_repo_react\\server\\__tests__\\utils\\jwt.test.js:240:21)\n    at Promise.finally.completed (D:\\WBD\\ffsd_repo_react\\node_modules\\jest-circus\\build\\jestAdapterInit.js:1557:28)\n    at new Promise (<anonymous>)\n    at callAsyncCircusFn (D:\\WBD\\ffsd_repo_react\\node_modules\\jest-circus\\build\\jestAdapterInit.js:1497:10)\n    at _callCircusTest (D:\\WBD\\ffsd_repo_react\\node_modules\\jest-circus\\build\\jestAdapterInit.js:1007:40)\n    at _runTest (D:\\WBD\\ffsd_repo_react\\node_modules\\jest-circus\\build\\jestAdapterInit.js:947:3)\n    at D:\\WBD\\ffsd_repo_react\\node_modules\\jest-circus\\build\\jestAdapterInit.js:849:7\n    at _runTestsForDescribeBlock (D:\\WBD\\ffsd_repo_react\\node_modules\\jest-circus\\build\\jestAdapterInit.js:862:11)\n    at _runTestsForDescribeBlock (D:\\WBD\\ffsd_repo_react\\node_modules\\jest-circus\\build\\jestAdapterInit.js:857:11)\n    at _runTestsForDescribeBlock (D:\\WBD\\ffsd_repo_react\\node_modules\\jest-circus\\build\\jestAdapterInit.js:857:11)\n    at run (D:\\WBD\\ffsd_repo_react\\node_modules\\jest-circus\\build\\jestAdapterInit.js:761:3)\n    at runAndTransformResultsToJestFormat (D:\\WBD\\ffsd_repo_react\\node_modules\\jest-circus\\build\\jestAdapterInit.js:1918:21)\n    at jestAdapter (D:\\WBD\\ffsd_repo_react\\node_modules\\jest-circus\\build\\runner.js:101:19)\n    at runTestInternal (D:\\WBD\\ffsd_repo_react\\node_modules\\jest-runner\\build\\index.js:275:16)\n    at runTest (D:\\WBD\\ffsd_repo_react\\node_modules\\jest-runner\\build\\index.js:343:7)"],"fullName":"JWT Authentication Edge Case 5: verifyToken with tampered token should reject token with different secret","invocations":1,"location":null,"numPassingAsserts":0,"retryReasons":[],"startAt":1776400089980,"status":"failed","title":"should reject token with different secret"},{"ancestorTitles":["JWT Authentication","Edge Case 6: verifyToken with invalid format"],"duration":7,"failing":false,"failureDetails":[],"failureMessages":[],"fullName":"JWT Authentication Edge Case 6: verifyToken with invalid format should reject null token","invocations":1,"location":null,"numPassingAsserts":1,"retryReasons":[],"startAt":1776400089983,"status":"passed","title":"should reject null token"},{"ancestorTitles":["JWT Authentication","Edge Case 6: verifyToken with invalid format"],"duration":2,"failing":false,"failureDetails":[],"failureMessages":[],"fullName":"JWT Authentication Edge Case 6: verifyToken with invalid format should reject undefined token","invocations":1,"location":null,"numPassingAsserts":1,"retryReasons":[],"startAt":1776400089991,"status":"passed","title":"should reject undefined token"},{"ancestorTitles":["JWT Authentication","Edge Case 6: verifyToken with invalid format"],"duration":3,"failing":false,"failureDetails":[],"failureMessages":[],"fullName":"JWT Authentication Edge Case 6: verifyToken with invalid format should reject empty string token","invocations":1,"location":null,"numPassingAsserts":1,"retryReasons":[],"startAt":1776400089994,"status":"passed","title":"should reject empty string token"},{"ancestorTitles":["JWT Authentication","Edge Case 6: verifyToken with invalid format"],"duration":2,"failing":false,"failureDetails":[],"failureMessages":[],"fullName":"JWT Authentication Edge Case 6: verifyToken with invalid format should reject token with missing parts","invocations":1,"location":null,"numPassingAsserts":1,"retryReasons":[],"startAt":1776400089998,"status":"passed","title":"should reject token with missing parts"},{"ancestorTitles":["JWT Authentication","Edge Case 6: verifyToken with invalid format"],"duration":2,"failing":false,"failureDetails":[],"failureMessages":[],"fullName":"JWT Authentication Edge Case 6: verifyToken with invalid format should reject token with 2 parts instead of 3","invocations":1,"location":null,"numPassingAsserts":1,"retryReasons":[],"startAt":1776400090001,"status":"passed","title":"should reject token with 2 parts instead of 3"},{"ancestorTitles":["JWT Authentication","Edge Case 6: verifyToken with invalid format"],"duration":3,"failing":false,"failureDetails":[],"failureMessages":[],"fullName":"JWT Authentication Edge Case 6: verifyToken with invalid format should reject random string","invocations":1,"location":null,"numPassingAsserts":1,"retryReasons":[],"startAt":1776400090005,"status":"passed","title":"should reject random string"},{"ancestorTitles":["JWT Authentication","Edge Case 6: verifyToken with invalid format"],"duration":3,"failing":false,"failureDetails":[],"failureMessages":[],"fullName":"JWT Authentication Edge Case 6: verifyToken with invalid format should reject token with invalid Base64","invocations":1,"location":null,"numPassingAsserts":1,"retryReasons":[],"startAt":1776400090009,"status":"passed","title":"should reject token with invalid Base64"},{"ancestorTitles":["JWT Authentication","Edge Case 7: Round-trip sign → verify"],"duration":3,"failing":false,"failureDetails":[{}],"failureMessages":["TypeError: Cannot read properties of undefined (reading 'update')\n    at Object.sign (D:\\WBD\\ffsd_repo_react\\server\\node_modules\\jwa\\index.js:132:21)\n    at Object.jwsSign [as sign] (D:\\WBD\\ffsd_repo_react\\server\\node_modules\\jws\\lib\\sign-stream.js:32:24)\n    at Object.module.exports [as sign] (D:\\WBD\\ffsd_repo_react\\server\\node_modules\\jsonwebtoken\\sign.js:246:25)\n    at sign (D:\\WBD\\ffsd_repo_react\\server\\utils\\jwt.js:16:14)\n    at Object.signToken (D:\\WBD\\ffsd_repo_react\\server\\__tests__\\utils\\jwt.test.js:304:21)\n    at Promise.finally.completed (D:\\WBD\\ffsd_repo_react\\node_modules\\jest-circus\\build\\jestAdapterInit.js:1557:28)\n    at new Promise (<anonymous>)\n    at callAsyncCircusFn (D:\\WBD\\ffsd_repo_react\\node_modules\\jest-circus\\build\\jestAdapterInit.js:1497:10)\n    at _callCircusTest (D:\\WBD\\ffsd_repo_react\\node_modules\\jest-circus\\build\\jestAdapterInit.js:1007:40)\n    at _runTest (D:\\WBD\\ffsd_repo_react\\node_modules\\jest-circus\\build\\jestAdapterInit.js:947:3)\n    at D:\\WBD\\ffsd_repo_react\\node_modules\\jest-circus\\build\\jestAdapterInit.js:849:7\n    at _runTestsForDescribeBlock (D:\\WBD\\ffsd_repo_react\\node_modules\\jest-circus\\build\\jestAdapterInit.js:862:11)\n    at _runTestsForDescribeBlock (D:\\WBD\\ffsd_repo_react\\node_modules\\jest-circus\\build\\jestAdapterInit.js:857:11)\n    at _runTestsForDescribeBlock (D:\\WBD\\ffsd_repo_react\\node_modules\\jest-circus\\build\\jestAdapterInit.js:857:11)\n    at run (D:\\WBD\\ffsd_repo_react\\node_modules\\jest-circus\\build\\jestAdapterInit.js:761:3)\n    at runAndTransformResultsToJestFormat (D:\\WBD\\ffsd_repo_react\\node_modules\\jest-circus\\build\\jestAdapterInit.js:1918:21)\n    at jestAdapter (D:\\WBD\\ffsd_repo_react\\node_modules\\jest-circus\\build\\runner.js:101:19)\n    at runTestInternal (D:\\WBD\\ffsd_repo_react\\node_modules\\jest-runner\\build\\index.js:275:16)\n    at runTest (D:\\WBD\\ffsd_repo_react\\node_modules\\jest-runner\\build\\index.js:343:7)"],"fullName":"JWT Authentication Edge Case 7: Round-trip sign → verify should preserve payload through sign → verify cycle","invocations":1,"location":null,"numPassingAsserts":0,"retryReasons":[],"startAt":1776400090013,"status":"failed","title":"should preserve payload through sign → verify cycle"},{"ancestorTitles":["JWT Authentication","Edge Case 7: Round-trip sign → verify"],"duration":3,"failing":false,"failureDetails":[{}],"failureMessages":["TypeError: Cannot read properties of undefined (reading 'update')\n    at Object.sign (D:\\WBD\\ffsd_repo_react\\server\\node_modules\\jwa\\index.js:132:21)\n    at Object.jwsSign [as sign] (D:\\WBD\\ffsd_repo_react\\server\\node_modules\\jws\\lib\\sign-stream.js:32:24)\n    at Object.module.exports [as sign] (D:\\WBD\\ffsd_repo_react\\server\\node_modules\\jsonwebtoken\\sign.js:246:25)\n    at sign (D:\\WBD\\ffsd_repo_react\\server\\utils\\jwt.js:16:14)\n    at Object.signToken (D:\\WBD\\ffsd_repo_react\\server\\__tests__\\utils\\jwt.test.js:323:21)\n    at Promise.finally.completed (D:\\WBD\\ffsd_repo_react\\node_modules\\jest-circus\\build\\jestAdapterInit.js:1557:28)\n    at new Promise (<anonymous>)\n    at callAsyncCircusFn (D:\\WBD\\ffsd_repo_react\\node_modules\\jest-circus\\build\\jestAdapterInit.js:1497:10)\n    at _callCircusTest (D:\\WBD\\ffsd_repo_react\\node_modules\\jest-circus\\build\\jestAdapterInit.js:1007:40)\n    at _runTest (D:\\WBD\\ffsd_repo_react\\node_modules\\jest-circus\\build\\jestAdapterInit.js:947:3)\n    at D:\\WBD\\ffsd_repo_react\\node_modules\\jest-circus\\build\\jestAdapterInit.js:849:7\n    at _runTestsForDescribeBlock (D:\\WBD\\ffsd_repo_react\\node_modules\\jest-circus\\build\\jestAdapterInit.js:862:11)\n    at _runTestsForDescribeBlock (D:\\WBD\\ffsd_repo_react\\node_modules\
[...]
:{"line":913,"column":4},"end":{"line":918,"column":5}},{"start":{},"end":{}}],"line":913},"103":{"loc":{"start":{"line":919,"column":4},"end":{"line":924,"column":5}},"type":"if","locations":[{"start":{"line":919,"column":4},"end":{"line":924,"column":5}},{"start":{},"end":{}}],"line":919},"104":{"loc":{"start":{"line":925,"column":4},"end":{"line":930,"column":5}},"type":"if","locations":[{"start":{"line":925,"column":4},"end":{"line":930,"column":5}},{"start":{},"end":{}}],"line":925},"105":{"loc":{"start":{"line":934,"column":4},"end":{"line":939,"column":5}},"type":"if","locations":[{"start":{"line":934,"column":4},"end":{"line":939,"column":5}},{"start":{},"end":{}}],"line":934},"106":{"loc":{"start":{"line":943,"column":4},"end":{"line":948,"column":5}},"type":"if","locations":[{"start":{"line":943,"column":4},"end":{"line":948,"column":5}},{"start":{},"end":{}}],"line":943},"107":{"loc":{"start":{"line":950,"column":4},"end":{"line":991,"column":5}},"type":"if","locations":[{"start":{"line":950,"column":4},"end":{"line":991,"column":5}},{"start":{"line":974,"column":11},"end":{"line":991,"column":5}}],"line":950},"108":{"loc":{"start":{"line":951,"column":6},"end":{"line":956,"column":7}},"type":"if","locations":[{"start":{"line":951,"column":6},"end":{"line":956,"column":7}},{"start":{},"end":{}}],"line":951},"109":{"loc":{"start":{"line":974,"column":11},"end":{"line":991,"column":5}},"type":"if","locations":[{"start":{"line":974,"column":11},"end":{"line":991,"column":5}},{"start":{},"end":{}}],"line":974},"110":{"loc":{"start":{"line":1007,"column":4},"end":{"line":1012,"column":5}},"type":"if","locations":[{"start":{"line":1007,"column":4},"end":{"line":1012,"column":5}},{"start":{},"end":{}}],"line":1007},"111":{"loc":{"start":{"line":1007,"column":8},"end":{"line":1007,"column":33}},"type":"binary-expr","locations":[{"start":{"line":1007,"column":8},"end":{"line":1007,"column":17}},{"start":{"line":1007,"column":21},"end":{"line":1007,"column":33}}],"line":1007},"112":{"loc":{"start":{"line":1020,"column":4},"end":{"line":1025,"column":5}},"type":"if","locations":[{"start":{"line":1020,"column":4},"end":{"line":1025,"column":5}},{"start":{},"end":{}}],"line":1020},"113":{"loc":{"start":{"line":1026,"column":4},"end":{"line":1031,"column":5}},"type":"if","locations":[{"start":{"line":1026,"column":4},"end":{"line":1031,"column":5}},{"start":{},"end":{}}],"line":1026},"114":{"loc":{"start":{"line":1040,"column":4},"end":{"line":1049,"column":5}},"type":"if","locations":[{"start":{"line":1040,"column":4},"end":{"line":1049,"column":5}},{"start":{},"end":{}}],"line":1040},"115":{"loc":{"start":{"line":1074,"column":4},"end":{"line":1079,"column":5}},"type":"if","locations":[{"start":{"line":1074,"column":4},"end":{"line":1079,"column":5}},{"start":{},"end":{}}],"line":1074},"116":{"loc":{"start":{"line":1074,"column":8},"end":{"line":1074,"column":33}},"type":"binary-expr","locations":[{"start":{"line":1074,"column":8},"end":{"line":1074,"column":17}},{"start":{"line":1074,"column":21},"end":{"line":1074,"column":33}}],"line":1074},"117":{"loc":{"start":{"line":1084,"column":4},"end":{"line":1089,"column":5}},"type":"if","locations":[{"start":{"line":1084,"column":4},"end":{"line":1089,"column":5}},{"start":{},"end":{}}],"line":1084},"118":{"loc":{"start":{"line":1100,"column":4},"end":{"line":1107,"column":5}},"type":"if","locations":[{"start":{"line":1100,"column":4},"end":{"line":1107,"column":5}},{"start":{},"end":{}}],"line":1100},"119":{"loc":{"start":{"line":1125,"column":4},"end":{"line":1130,"column":5}},"type":"if","locations":[{"start":{"line":1125,"column":4},"end":{"line":1130,"column":5}},{"start":{},"end":{}}],"line":1125},"120":{"loc":{"start":{"line":1125,"column":8},"end":{"line":1125,"column":33}},"type":"binary-expr","locations":[{"start":{"line":1125,"column":8},"end":{"line":1125,"column":17}},{"start":{"line":1125,"column":21},"end":{"line":1125,"column":33}}],"line":1125},"121":{"loc":{"start":{"line":1140,"column":4},"end":{"line":1146,"column":5}},"type":"if","locations":[{"start":{"line":1140,"column":4},"end":{"line":1146,"column":5}},{"start":{},"end":{}}],"line":1140},"122":{"loc":{"start":{"line":1140,"column":8},"end":{"line":1140,"column":51}},"type":"binary-expr","locations":[{"start":{"line":1140,"column":8},"end":{"line":1140,"column":15}},{"start":{"line":1140,"column":19},"end":{"line":1140,"column":33}},{"start":{"line":1140,"column":37},"end":{"line":1140,"column":51}}],"line":1140},"123":{"loc":{"start":{"line":1147,"column":4},"end":{"line":1152,"column":5}},"type":"if","locations":[{"start":{"line":1147,"column":4},"end":{"line":1152,"column":5}},{"start":{},"end":{}}],"line":1147},"124":{"loc":{"start":{"line":1147,"column":8},"end":{"line":1147,"column":36}},"type":"binary-expr","locations":[{"start":{"line":1147,"column":8},"end":{"line":1147,"column":21}},{"start":{"line":1147,"column":25},"end":{"line":1147,"column":36}}],"line":1147},"125":{"loc":{"start":{"line":1156,"column":4},"end":{"line":1161,"column":5}},"type":"if","locations":[{"start":{"line":1156,"column":4},"end":{"line":1161,"column":5}},{"start":{},"end":{}}],"line":1156},"126":{"loc":{"start":{"line":1173,"column":4},"end":{"line":1183,"column":5}},"type":"if","locations":[{"start":{"line":1173,"column":4},"end":{"line":1183,"column":5}},{"start":{},"end":{}}],"line":1173},"127":{"loc":{"start":{"line":1189,"column":17},"end":{"line":1189,"column":42}},"type":"binary-expr","locations":[{"start":{"line":1189,"column":17},"end":{"line":1189,"column":36}},{"start":{"line":1189,"column":40},"end":{"line":1189,"column":42}}],"line":1189},"128":{"loc":{"start":{"line":1190,"column":38},"end":{"line":1190,"column":49}},"type":"binary-expr","locations":[{"start":{"line":1190,"column":38},"end":{"line":1190,"column":44}},{"start":{"line":1190,"column":48},"end":{"line":1190,"column":49}}],"line":1190},"129":{"loc":{"start":{"line":1228,"column":4},"end":{"line":1235,"column":5}},"type":"if","locations":[{"start":{"line":1228,"column":4},"end":{"line":1235,"column":5}},{"start":{},"end":{}}],"line":1228},"130":{"loc":{"start":{"line":1260,"column":4},"end":{"line":1265,"column":5}},"type":"if","locations":[{"start":{"line":1260,"column":4},"end":{"line":1265,"column":5}},{"start":{},"end":{}}],"line":1260},"131":{"loc":{"start":{"line":1260,"column":8},"end":{"line":1260,"column":33}},"type":"binary-expr","locations":[{"start":{"line":1260,"column":8},"end":{"line":1260,"column":17}},{"start":{"line":1260,"column":21},"end":{"line":1260,"column":33}}],"line":1260},"132":{"loc":{"start":{"line":1280,"column":4},"end":{"line":1288,"column":5}},"type":"if","locations":[{"start":{"line":1280,"column":4},"end":{"line":1288,"column":5}},{"start":{},"end":{}}],"line":1280},"133":{"loc":{"start":{"line":1290,"column":4},"end":{"line":1298,"column":5}},"type":"if","locations":[{"start":{"line":1290,"column":4},"end":{"line":1298,"column":5}},{"start":{},"end":{}}],"line":1290},"134":{"loc":{"start":{"line":1317,"column":4},"end":{"line":1322,"column":5}},"type":"if","locations":[{"start":{"line":1317,"column":4},"end":{"line":1322,"column":5}},{"start":{},"end":{}}],"line":1317},"135":{"loc":{"start":{"line":1317,"column":8},"end":{"line":1317,"column":33}},"type":"binary-expr","locations":[{"start":{"line":1317,"column":8},"end":{"line":1317,"column":17}},{"start":{"line":1317,"column":21},"end":{"line":1317,"column":33}}],"line":1317},"136":{"loc":{"start":{"line":1328,"column":4},"end":{"line":1333,"column":5}},"type":"if","locations":[{"start":{"line":1328,"column":4},"end":{"line":1333,"column":5}},{"start":{},"end":{}}],"line":1328},"137":{"loc":{"start":{"line":1337,"column":4},"end":{"line":1342,"column":5}},"type":"if","locations":[{"start":{"line":1337,"column":4},"end":{"line":1342,"column":5}},{"start":{},"end":{}}],"line":1337},"138":{"loc":{"start":{"line":1345,"column":4},"end":{"line":1350,"column":5}},"type":"if","locations":[{"start":{"line":1345,"column":4},"end":{"line":1350,"column":5}},{"start":{},"end":{}}],"line":1345},"139":{"loc":{"start":{"line":1354,"column":4},"end":{"line":1360,"column":5}},"type":"if","locations":[{"start":{"line":1354,"column":4},"end":{"line":1360,"column":5}},{"start":{},"end":{}}],"line":1354},"140":{"loc":{"start":{"line":1367,"column":4},"end":{"line":1373,"column":5}},"type":"if","locations":[{"start":{"line":1367,"column":4},"end":{"line":1373,"column":5}},{"start":{},"end":{}}],"line":1367},"141":{"loc":{"start":{"line":1388,"column":4},"end":{"line":1392,"column":5}},"type":"if","locations":[{"start":{"line":1388,"column":4},"end":{"line":1392,"column":5}},{"start":{},"end":{}}],"line":1388},"142":{"loc":{"start":{"line":1427,"column":4},"end":{"line":1431,"column":5}},"type":"if","locations":[{"start":{"line":1427,"column":4},"end":{"line":1431,"column":5}},{"start":{},"end":{}}],"line":1427},"143":{"loc":{"start":{"line":1427,"column":8},"end":{"line":1427,"column":33}},"type":"binary-expr","locations":[{"start":{"line":1427,"column":8},"end":{"line":1427,"column":17}},{"start":{"line":1427,"column":21},"end":{"line":1427,"column":33}}],"line":1427},"144":{"loc":{"start":{"line":1434,"column":4},"end":{"line":1438,"column":5}},"type":"if","locations":[{"start":{"line":1434,"column":4},"end":{"line":1438,"column":5}},{"start":{},"end":{}}],"line":1434},"145":{"loc":{"start":{"line":1434,"column":8},"end":{"line":1434,"column":64}},"type":"binary-expr","locations":[{"start":{"line":1434,"column":8},"end":{"line":1434,"column":17}},{"start":{"line":1434,"column":21},"end":{"line":1434,"column":28}},{"start":{"line":1434,"column":32},"end":{"line":1434,"column":46}},{"start":{"line":1434,"column":50},"end":{"line":1434,"column":64}}],"line":1434},"146":{"loc":{"start":{"line":1439,"column":4},"end":{"line":1443,"column":5}},"type":"if","locations":[{"start":{"line":1439,"column":4},"end":{"line":1443,"column":5}},{"start":{},"end":{}}],"line":1439},"147":{"loc":{"start":{"line":1439,"column":8},"end":{"line":1439,"column":36}},"type":"binary-expr","locations":[{"start":{"line":1439,"column":8},"end":{"line":1439,"column":21}},{"start":{"line":1439,"column":25},"end":{"line":1439,"column":36}}],"line":1439},"148":{"loc":{"start":{"line":1447,"column":4},"end":{"line":1451,"column":5}},"type":"if","locations":[{"start":{"line":1447,"column":4},"end":{"line":1451,"column":5}},{"start":{},"end":{}}],"line":1447},"149":{"loc":{"start":{"line":1479,"column":4},"end":{"line":1483,"column":5}},"type":"if","locations":[{"start":{"line":1479,"column":4},"end":{"line":1483,"column":5}},{"start":{},"end":{}}],"line":1479},"150":{"loc":{"start":{"line":1479,"column":8},"end":{"line":1479,"column":33}},"type":"binary-expr","locations":[{"start":{"line":1479,"column":8},"end":{"line":1479,"column":17}},{"start":{"line":1479,"column":21},"end":{"line":1479,"column":33}}],"line":1479},"151":{"loc":{"start":{"line":1487,"column":4},"end":{"line":1491,"column":5}},"type":"if","locations":[{"start":{"line":1487,"column":4},"end":{"line":1491,"column":5}},{"start":{},"end":{}}],"line":1487},"152":{"loc":{"start":{"line":1501,"column":4},"end":{"line":1507,"column":5}},"type":"if","locations":[{"start":{"line":1501,"column":4},"end":{"line":1507,"column":5}},{"start":{},"end":{}}],"line":1501},"153":{"loc":{"start":{"line":1521,"column":4},"end":{"line":1529,"column":5}},"type":"if","locations":[{"start":{"line":1521,"column":4},"end":{"line":1529,"column":5}},{"start":{},"end":{}}],"line":1521},"154":{"loc":{"start":{"line":1532,"column":4},"end":{"line":1536,"column":5}},"type":"if","locations":[{"start":{"line":1532,"column":4},"end":{"line":1536,"column":5}},{"start":{},"end":{}}],"line":1532},"155":{"loc":{"start":{"line":1538,"column":25},"end":{"line":1538,"column":64}},"type":"binary-expr","locations":[{"start":{"line":1538,"column":25},"end":{"line":1538,"column":40}},{"start":{"line":1538,"column":44},"end":{"line":1538,"column":64}}],"line":1538},"156":{"loc":{"start":{"line":1554,"column":43},"end":{"line":1554,"column":72}},"type":"binary-expr","locations":[{"start":{"line":1554,"column":43},"end":{"line":1554,"column":56}},{"start":{"line":1554,"column":60},"end":{"line":1554,"column":72}}],"line":1554},"157":{"loc":{"start":{"line":1559,"column":20},"end":{"line":1559,"column":42}},"type":"binary-expr","locations":[{"start":{"line":1559,"column":20},"end":{"line":1559,"column":33}},{"start":{"line":1559,"column":37},"end":{"line":1559,"column":42}}],"line":1559},"158":{"loc":{"start":{"line":1606,"column":4},"end":{"line":1609,"column":63}},"type":"if","locations":[{"start":{"line":1606,"column":4},"end":{"line":1609,"column":63}},{"start":{},"end":{}}],"line":1606},"159":{"loc":{"start":{"line":1611,"column":4},"end":{"line":1615,"column":5}},"type":"if","locations":[{"start":{"line":1611,"column":4},"end":{"line":1615,"column":5}},{"start":{},"end":{}}],"line":1611},"160":{"loc":{"start":{"line":1630,"column":4},"end":{"line":1634,"column":5}},"type":"if","locations":[{"start":{"line":1630,"column":4},"end":{"line":1634,"column":5}},{"start":{},"end":{}}],"line":1630}},"s":{"0":0,"1":0,"2":0,"3":0,"4":0,"5":0,"6":0,"7":0,"8":0,"9":0,"10":0,"11":0,"12":0,"13":0,"14":0,"15":0,"16":0,"17":0,"18":0,"19":0,"20":0,"21":0,"22":0,"23":0,"24":0,"25":0,"26":0,"27":0,"28":0,"29":0,"30":0,"31":0,"32":0,"33":0,"34":0,"35":0,"36":0,"37":0,"38":0,"39":0,"40":0,"41":0,"42":0,"43":0,"44":0,"45":0,"46":0,"47":0,"48":0,"49":0,"50":0,"51":0,"52":0,"53":0,"54":0,"55":0,"56":0,"57":0,"58":0,"59":0,"60":0,"61":0,"62":0,"63":0,"64":0,"65":0,"66":0,"67":0,"68":0,"69":0,"70":0,"71":0,"72":0,"73":0,"74":0,"75":0,"76":0,"77":0,"78":0,"79":0,"80":0,"81":0,"82":0,"83":0,"84":0,"85":0,"86":0,"87":0,"88":0,"89":0,"90":0,"91":0,"92":0,"93":0,"94":0,"95":0,"96":0,"97":0,"98":0,"99":0,"100":0,"101":0,"102":0,"103":0,"104":0,"105":0,"106":0,"107":0,"108":0,"109":0,"110":0,"111":0,"112":0,"113":0,"114":0,"115":0,"116":0,"117":0,"118":0,"119":0,"120":0,"121":0,"122":0,"123":0,"124":0,"125":0,"126":0,"127":0,"128":0,"129":0,"130":0,"131":0,"132":0,"133":0,"134":0,"135":0,"136":0,"137":0,"138":0,"139":0,"140":0,"141":0,"142":0,"143":0,"144":0,"145":0,"146":0,"147":0,"148":0,"149":0,"150":0,"151":0,"152":0,"153":0,"154":0,"155":0,"156":0,"157":0,"158":0,"159":0,"160":0,"161":0,"162":0,"163":0,"164":0,"165":0,"166":0,"167":0,"168":0,"169":0,"170":0,"171":0,"172":0,"173":0,"174":0,"175":0,"176":0,"177":0,"178":0,"179":0,"180":0,"181":0,"182":0,"183":0,"184":0,"185":0,"186":0,"187":0,"188":0,"189":0,"190":0,"191":0,"192":0,"193":0,"194":0,"195":0,"196":0,"197":0,"198":0,"199":0,"200":0,"201":0,"202":0,"203":0,"204":0,"205":0,"206":0,"207":0,"208":0,"209":0,"210":0,"211":0,"212":0,"213":0,"214":0,"215":0,"216":0,"217":0,"218":0,"219":0,"220":0,"221":0,"222":0,"223":0,"224":0,"225":0,"226":0,"227":0,"228":0,"229":0,"230":0,"231":0,"232":0,"233":0,"234":0,"235":0,"236":0,"237":0,"238":0,"239":0,"240":0,"241":0,"242":0,"243":0,"244":0,"245":0,"246":0,"247":0,"248":0,"249":0,"250":0,"251":0,"252":0,"253":0,"254":0,"255":0,"256":0,"257":0,"258":0,"259":0,"260":0,"261":0,"262":0,"263":0,"264":0,"265":0,"266":0,"267":0,"268":0,"269":0,"270":0,"271":0,"272":0,"273":0,"274":0,"275":0,"276":0,"277":0,"278":0,"279":0,"280":0,"281":0,"282":0,"283":0,"284":0,"285":0,"286":0,"287":0,"288":0,"289":0,"290":0,"291":0,"292":0,"293":0,"294":0,"295":0,"296":0,"297":0,"298":0,"299":0,"300":0,"301":0,"302":0,"303":0,"304":0,"305":0,"306":0,"307":0,"308":0,"309":0,"310":0,"311":0,"312":0,"313":0,"314":0,"315":0,"316":0,"317":0,"318":0,"319":0,"320":0,"321":0,"322":0,"323":0,"324":0,"325":0,"326":0,"327":0,"328":0,"329":0,"330":0,"331":0,"332":0,"333":0,"334":0,"335":0,"336":0,"337":0,"338":0,"339":0,"340":0,"341":0,"342":0,"343":0,"344":0,"345":0,"346":0,"347":0,"348":0,"349":0,"350":0,"351":0,"352":0,"353":0,"354":0,"355":0,"356":0,"357":0,"358":0,"359":0,"360":0,"361":0,"362":0,"363":0,"364":0,"365":0,"366":0,"367":0,"368":0,"369":0,"370":0,"371":0,"372":0,"373":0,"374":0,"375":0,"376":0,"377":0,"378":0,"379":0,"380":0,"381":0,"382":0,"383":0,"384":0,"385":0,"386":0,"387":0,"388":0,"389":0,"390":0,"391":0,"392":0,"393":0,"394":0,"395":0,"396":0,"397":0,"398":0,"399":0,"400":0,"401":0,"402":0,"403":0,"404":0,"405":0,"406":0,"407":0,"408":0,"409":0,"410":0,"411":0,"412":0,"413":0,"414":0,"415":0,"416":0,"417":0,"418":0,"419":0,"420":0,"421":0,"422":0,"423":0,"424":0,"425":0,"426":0,"427":0,"428":0,"429":0,"430":0,"431":0,"432":0,"433":0,"434":0,"435":0,"436":0,"437":0,"438":0,"439":0,"440":0,"441":0,"442":0,"443":0,"444":0,"445":0,"446":0,"447":0,"448":0,"449":0,"450":0,"451":0,"452":0,"453":0,"454":0,"455":0,"456":0,"457":0,"458":0,"459":0,"460":0,"461":0,"462":0,"463":0,"464":0,"465":0,"466":0,"467":0,"468":0,"469":0,"470":0,"471":0,"472":0,"473":0,"474":0,"475":0,"476":0,"477":0,"478":0,"479":0,"480":0,"481":0,"482":0,"483":0,"484":0,"485":0,"486":0,"487":0,"488":0,"489":0,"490":0,"491":0,"492":0,"493":0,"494":0,"495":0,"496":0,"497":0,"498":0,"499":0,"500":0,"501":0,"502":0,"503":0,"504":0,"505":0,"506":0,"507":0,"508":0,"509":0,"510":0,"511":0,"512":0,"513":0,"514":0,"515":0,"516":0,"517":0,"518":0,"519":0,"520":0,"521":0,"522":0,"523":0,"524":0,"525":0,"526":0,"527":0,"528":0,"529":0,"530":0,"531":0,"532":0,"533":0,"534":0,"535":0,"536":0,"537":0,"538":0,"539":0,"540":0,"541":0,"542":0,"543":0,"544":0,"545":0,"546":0,"547":0,"548":0,"549":0,"550":0,"551":0,"552":0,"553":0,"554":0,"555":0,"556":0,"557":0,"558":0,"559":0,"560":0,"561":0,"562":0,"563":0,"564":0,"565":0,"566":0,"567":0,"568":0,"569":0,"570":0,"571":0,"572":0,"573":0,"574":0,"575":0,"576":0,"577":0,"578":0,"579":0,"580":0,"581":0,"582":0,"583":0,"584":0,"585":0,"586":0,"587":0,"588":0,"589":0,"590":0,"591":0,"592":0,"593":0,"594":0,"595":0,"596":0,"597":0,"598":0,"599":0,"600":0,"601":0},"f":{"0":0,"1":0,"2":0,"3":0,"4":0,"5":0,"6":0,"7":0,"8":0,"9":0,"10":0,"11":0,"12":0,"13":0,"14":0,"15":0,"16":0,"17":0,"18":0,"19":0,"20":0,"21":0,"22":0,"23":0,"24":0,"25":0,"26":0,"27":0,"28":0,"29":0,"30":0,"31":0,"32":0,"33":0,"34":0,"35":0,"36":0,"37":0,"38":0},"b":{"0":[0,0],"1":[0,0],"2":[0,0],"3":[0,0],"4":[0,0],"5":[0,0],"6":[0,0],"7":[0,0],"8":[0,0],"9":[0,0],"10":[0,0],"11":[0,0],"12":[0,0],"13":[0,0],"14":[0,0],"15":[0,0],"16":[0,0],"17":[0,0],"18":[0,0],"19":[0,0],"20":[0,0],"21":[0,0],"22":[0,0],"23":[0,0],"24":[0,0],"25":[0,0],"26":[0,0],"27":[0,0],"28":[0,0],"29":[0,0],"30":[0,0],"31":[0,0],"32":[0,0,0],"33":[0,0],"34":[0,0],"35":[0,0],"36":[0,0],"37":[0,0],"38":[0,0],"39":[0,0],"40":[0,0],"41":[0,0],"42":[0,0],"43":[0,0],"44":[0,0],"45":[0,0],"46":[0,0],"47":[0,0],"48":[0,0],"49":[0,0],"50":[0,0],"51":[0,0],"52":[0,0],"53":[0,0],"54":[0,0],"55":[0,0],"56":[0,0],"57":[0,0],"58":[0,0],"59":[0,0],"60":[0,0],"61":[0,0],"62":[0,0],"63":[0,0],"64":[0,0],"65":[0,0],"66":[0,0],"67":[0,0],"68":[0,0,0],"69":[0,0],"70":[0,0],"71":[0,0],"72":[0,0],"73":[0,0],"74":[0,0],"75":[0,0],"76":[0,0],"77":[0,0],"78":[0,0],"79":[0,0],"80":[0,0],"81":[0,0],"82":[0,0],"83":[0,0],"84":[0,0],"85":[0,0],"86":[0,0],"87":[0,0],"88":[0,0],"89":[0,0],"90":[0,0],"91":[0,0],"92":[0,0],"93":[0,0],"94":[0,0],"95":[0,0],"96":[0,0],"97":[0,0],"98":[0,0],"99":[0,0],"100":[0,0],"101":[0,0],"102":[0,0],"103":[0,0],"104":[0,0],"105":[0,0],"106":[0,0],"107":[0,0],"108":[0,0],"109":[0,0],"110":[0,0],"111":[0,0],"112":[0,0],"113":[0,0],"114":[0,0],"115":[0,0],"116":[0,0],"117":[0,0],"118":[0,0],"119":[0,0],"120":[0,0],"121":[0,0],"122":[0,0,0],"123":[0,0],"124":[0,0],"125":[0,0],"126":[0,0],"127":[0,0],"128":[0,0],"129":[0,0],"130":[0,0],"131":[0,0],"132":[0,0],"133":[0,0],"134":[0,0],"135":[0,0],"136":[0,0],"137":[0,0],"138":[0,0],"139":[0,0],"140":[0,0],"141":[0,0],"142":[0,0],"143":[0,0],"144":[0,0],"145":[0,0,0,0],"146":[0,0],"147":[0,0],"148":[0,0],"149":[0,0],"150":[0,0],"151":[0,0],"152":[0,0],"153":[0,0],"154":[0,0],"155":[0,0],"156":[0,0],"157":[0,0],"158":[0,0],"159":[0,0],"160":[0,0]}}}}
