TN:
SF:config\cloudinary.js
FNF:0
FNH:0
DA:1,0
DA:4,0
DA:8,0
LF:3
LH:0
BRF:0
BRH:0
end_of_record
TN:
SF:config\indexes.js
FN:355,(anonymous_0)
FN:358,(anonymous_1)
FN:369,(anonymous_2)
FN:370,(anonymous_3)
FN:379,(anonymous_4)
FN:386,(anonymous_5)
FNF:6
FNH:0
FNDA:0,(anonymous_0)
FNDA:0,(anonymous_1)
FNDA:0,(anonymous_2)
FNDA:0,(anonymous_3)
FNDA:0,(anonymous_4)
FNDA:0,(anonymous_5)
DA:11,0
DA:355,0
DA:356,0
DA:357,0
DA:358,0
DA:359,0
DA:360,0
DA:363,0
DA:369,0
DA:370,0
DA:379,0
DA:380,0
DA:381,0
DA:382,0
DA:383,0
DA:385,0
DA:386,0
DA:387,0
DA:388,0
DA:389,0
DA:390,0
DA:394,0
DA:407,0
LF:23
LH:0
BRDA:359,0,0,0
BRDA:359,0,1,0
BRDA:370,1,0,0
BRDA:370,1,1,0
BRDA:388,2,0,0
BRDA:388,2,1,0
BRDA:389,3,0,0
BRDA:389,3,1,0
BRDA:390,4,0,0
BRDA:390,4,1,0
BRF:10
BRH:0
end_of_record
TN:
SF:config\redis.js
FN:19,initializeRedis
FN:26,(anonymous_1)
FN:32,(anonymous_2)
FN:37,(anonymous_3)
FN:42,(anonymous_4)
FN:62,getRedisClient
FN:69,isRedisConnected
FN:80,cacheSet
FN:98,cacheGet
FN:116,cacheDel
FN:133,cacheDelPattern
FN:152,cacheFlushAll
FN:169,getCacheStats
FN:192,closeRedis
FNF:14
FNH:0
FNDA:0,initializeRedis
FNDA:0,(anonymous_1)
FNDA:0,(anonymous_2)
FNDA:0,(anonymous_3)
FNDA:0,(anonymous_4)
FNDA:0,getRedisClient
FNDA:0,isRedisConnected
FNDA:0,cacheSet
FNDA:0,cacheGet
FNDA:0,cacheDel
FNDA:0,cacheDelPattern
FNDA:0,cacheFlushAll
FNDA:0,getCacheStats
FNDA:0,closeRedis
DA:9,0
DA:11,0
DA:12,0
DA:20,0
DA:21,0
DA:23,0
DA:26,0
DA:32,0
DA:33,0
DA:34,0
DA:37,0
DA:38,0
DA:39,0
DA:42,0
DA:43,0
DA:46,0
DA:47,0
DA:48,0
DA:49,0
DA:51,0
DA:52,0
DA:53,0
DA:54,0
DA:63,0
DA:70,0
DA:81,0
DA:83,0
DA:84,0
DA:85,0
DA:86,0
DA:88,0
DA:89,0
DA:99,0
DA:101,0
DA:102,0
DA:103,0
DA:104,0
DA:106,0
DA:107,0
DA:117,0
DA:119,0
DA:120,0
DA:121,0
DA:123,0
DA:124,0
DA:134,0
DA:136,0
DA:137,0
DA:138,0
DA:140,0
DA:141,0
DA:143,0
DA:144,0
DA:153,0
DA:155,0
DA:156,0
DA:157,0
DA:158,0
DA:160,0
DA:161,0
DA:170,0
DA:171,0
DA:174,0
DA:175,0
DA:176,0
DA:178,0
DA:184,0
DA:185,0
DA:193,0
DA:194,0
DA:195,0
DA:196,0
DA:197,0
DA:199,0
DA:204,0
LF:75
LH:0
BRDA:21,0,0,0
BRDA:21,0,1,0
BRDA:63,1,0,0
BRDA:63,1,1,0
BRDA:80,2,0,0
BRDA:81,3,0,0
BRDA:81,3,1,0
BRDA:81,4,0,0
BRDA:81,4,1,0
BRDA:99,5,0,0
BRDA:99,5,1,0
BRDA:99,6,0,0
BRDA:99,6,1,0
BRDA:103,7,0,0
BRDA:103,7,1,0
BRDA:117,8,0,0
BRDA:117,8,1,0
BRDA:117,9,0,0
BRDA:117,9,1,0
BRDA:134,10,0,0
BRDA:134,10,1,0
BRDA:134,11,0,0
BRDA:134,11,1,0
BRDA:138,12,0,0
BRDA:138,12,1,0
BRDA:153,13,0,0
BRDA:153,13,1,0
BRDA:153,14,0,0
BRDA:153,14,1,0
BRDA:170,15,0,0
BRDA:170,15,1,0
BRDA:170,16,0,0
BRDA:170,16,1,0
BRDA:193,17,0,0
BRDA:193,17,1,0
BRDA:193,18,0,0
BRDA:193,18,1,0
BRF:37
BRH:0
end_of_record
TN:
SF:config\solr.js
FN:26,initializeSolr
FN:27,(anonymous_1)
FN:55,(anonymous_2)
FN:70,(anonymous_3)
FN:92,getSolrClient
FN:100,isSolrConnected
FN:109,indexProperty
FN:110,(anonymous_7)
FN:145,(anonymous_8)
FN:151,(anonymous_9)
FN:173,indexPropertiesBatch
FN:204,(anonymous_11)
FN:217,(anonymous_12)
FN:219,(anonymous_13)
FN:220,(anonymous_14)
FN:231,(anonymous_15)
FN:236,(anonymous_16)
FN:259,deleteProperty
FN:260,(anonymous_18)
FN:267,(anonymous_19)
FN:272,(anonymous_20)
FN:293,clearIndex
FN:294,(anonymous_22)
FN:301,(anonymous_23)
FN:306,(anonymous_24)
FN:328,getIndexStats
FN:329,(anonymous_26)
FN:339,(anonymous_27)
FN:341,(anonymous_28)
FN:342,(anonymous_29)
FN:357,(anonymous_30)
FN:376,executeSolrQuery
FN:377,(anonymous_32)
FN:413,(anonymous_33)
FN:415,(anonymous_34)
FN:416,(anonymous_35)
FN:434,(anonymous_36)
FN:450,closeSolr
FNF:38
FNH:0
FNDA:0,initializeSolr
FNDA:0,(anonymous_1)
FNDA:0,(anonymous_2)
FNDA:0,(anonymous_3)
FNDA:0,getSolrClient
FNDA:0,isSolrConnected
FNDA:0,indexProperty
FNDA:0,(anonymous_7)
FNDA:0,(anonymous_8)
FNDA:0,(anonymous_9)
FNDA:0,indexPropertiesBatch
FNDA:0,(anonymous_11)
FNDA:0,(anonymous_12)
FNDA:0,(anonymous_13)
FNDA:0,(anonymous_14)
FNDA:0,(anonymous_15)
FNDA:0,(anonymous_16)
FNDA:0,deleteProperty
FNDA:0,(anonymous_18)
FNDA:0,(anonymous_19)
FNDA:0,(anonymous_20)
FNDA:0,clearIndex
FNDA:0,(anonymous_22)
FNDA:0,(anonymous_23)
FNDA:0,(anonymous_24)
FNDA:0,getIndexStats
FNDA:0,(anonymous_26)
FNDA:0,(anonymous_27)
FNDA:0,(anonymous_28)
FNDA:0,(anonymous_29)
FNDA:0,(anonymous_30)
FNDA:0,executeSolrQuery
FNDA:0,(anonymous_32)
FNDA:0,(anonymous_33)
FNDA:0,(anonymous_34)
FNDA:0,(anonymous_35)
FNDA:0,(anonymous_36)
FNDA:0,closeSolr
DA:8,1
DA:9,1
DA:11,0
DA:12,0
DA:14,1
DA:16,1
DA:17,1
DA:18,1
DA:19,1
DA:20,1
DA:27,0
DA:28,0
DA:30,0
DA:31,0
DA:32,0
DA:33,0
DA:34,0
DA:38,0
DA:44,0
DA:47,0
DA:55,0
DA:56,0
DA:57,0
DA:58,0
DA:59,0
DA:60,0
DA:61,0
DA:63,0
DA:64,0
DA:65,0
DA:70,0
DA:71,0
DA:72,0
DA:73,0
DA:74,0
DA:75,0
DA:79,0
DA:81,0
DA:82,0
DA:83,0
DA:93,0
DA:101,0
DA:110,0
DA:111,0
DA:112,0
DA:113,0
DA:116,0
DA:117,0
DA:145,0
DA:146,0
DA:147,0
DA:148,0
DA:151,0
DA:152,0
DA:153,0
DA:154,0
DA:156,0
DA:162,0
DA:163,0
DA:174,0
DA:175,0
DA:178,0
DA:181,0
DA:182,0
DA:183,0
DA:201,0
DA:204,0
DA:205,0
DA:217,0
DA:218,0
DA:219,0
DA:220,0
DA:221,0
DA:222,0
DA:223,0
DA:225,0
DA:226,0
DA:231,0
DA:232,0
DA:233,0
DA:236,0
DA:237,0
DA:238,0
DA:239,0
DA:242,0
DA:243,0
DA:246,0
DA:250,0
DA:251,0
DA:260,0
DA:261,0
DA:262,0
DA:263,0
DA:266,0
DA:267,0
DA:268,0
DA:269,0
DA:270,0
DA:272,0
DA:273,0
DA:274,0
DA:275,0
DA:277,0
DA:283,0
DA:284,0
DA:294,0
DA:295,0
DA:296,0
DA:297,0
DA:300,0
DA:301,0
DA:302,0
DA:303,0
DA:304,0
DA:306,0
DA:307,0
DA:308,0
DA:309,0
DA:311,0
DA:312,0
DA:318,0
DA:319,0
DA:329,0
DA:330,0
DA:331,0
DA:339,0
DA:340,0
DA:341,0
DA:342,0
DA:343,0
DA:344,0
DA:345,0
DA:351,0
DA:352,0
DA:357,0
DA:358,0
DA:359,0
DA:362,0
DA:364,0
DA:365,0
DA:377,0
DA:378,0
DA:379,0
DA:380,0
DA:383,0
DA:384,0
DA:387,0
DA:396,0
DA:397,0
DA:398,0
DA:399,0
DA:402,0
DA:403,0
DA:405,0
DA:413,0
DA:414,0
DA:415,0
DA:416,0
DA:417,0
DA:418,0
DA:419,0
DA:420,0
DA:428,0
DA:429,0
DA:434,0
DA:435,0
DA:436,0
DA:439,0
DA:441,0
DA:442,0
DA:451,0
DA:452,0
DA:453,0
DA:454,0
DA:455,0
DA:457,0
DA:462,1
LF:177
LH:9
BRDA:18,0,0,1
BRDA:18,0,1,1
BRDA:19,1,0,1
BRDA:19,1,1,1
BRDA:20,2,0,1
BRDA:20,2,1,1
BRDA:30,3,0,0
BRDA:30,3,1,0
BRDA:56,4,0,0
BRDA:56,4,1,0
BRDA:58,5,0,0
BRDA:58,5,1,0
BRDA:71,6,0,0
BRDA:71,6,1,0
BRDA:93,7,0,0
BRDA:93,7,1,0
BRDA:111,8,0,0
BRDA:111,8,1,0
BRDA:111,9,0,0
BRDA:111,9,1,0
BRDA:119,10,0,0
BRDA:119,10,1,0
BRDA:120,11,0,0
BRDA:120,11,1,0
BRDA:121,12,0,0
BRDA:121,12,1,0
BRDA:122,13,0,0
BRDA:122,13,1,0
BRDA:123,14,0,0
BRDA:123,14,1,0
BRDA:124,15,0,0
BRDA:124,15,1,0
BRDA:125,16,0,0
BRDA:125,16,1,0
BRDA:126,17,0,0
BRDA:126,17,1,0
BRDA:127,18,0,0
BRDA:127,18,1,0
BRDA:128,19,0,0
BRDA:128,19,1,0
BRDA:129,20,0,0
BRDA:129,20,1,0
BRDA:130,21,0,0
BRDA:130,21,1,0
BRDA:131,22,0,0
BRDA:131,22,1,0
BRDA:132,23,0,0
BRDA:132,23,1,0
BRDA:133,24,0,0
BRDA:133,24,1,0
BRDA:141,25,0,0
BRDA:141,25,1,0
BRDA:146,26,0,0
BRDA:146,26,1,0
BRDA:152,27,0,0
BRDA:152,27,1,0
BRDA:174,28,0,0
BRDA:174,28,1,0
BRDA:174,29,0,0
BRDA:174,29,1,0
BRDA:185,30,0,0
BRDA:185,30,1,0
BRDA:186,31,0,0
BRDA:186,31,1,0
BRDA:187,32,0,0
BRDA:187,32,1,0
BRDA:188,33,0,0
BRDA:188,33,1,0
BRDA:189,34,0,0
BRDA:189,34,1,0
BRDA:190,35,0,0
BRDA:190,35,1,0
BRDA:191,36,0,0
BRDA:191,36,1,0
BRDA:192,37,0,0
BRDA:192,37,1,0
BRDA:192,37,2,0
BRDA:193,38,0,0
BRDA:193,38,1,0
BRDA:193,38,2,0
BRDA:194,39,0,0
BRDA:194,39,1,0
BRDA:195,40,0,0
BRDA:195,40,1,0
BRDA:196,41,0,0
BRDA:196,41,1,0
BRDA:197,42,0,0
BRDA:197,42,1,0
BRDA:198,43,0,0
BRDA:198,43,1,0
BRDA:221,44,0,0
BRDA:221,44,1,0
BRDA:261,45,0,0
BRDA:261,45,1,0
BRDA:261,46,0,0
BRDA:261,46,1,0
BRDA:268,47,0,0
BRDA:268,47,1,0
BRDA:273,48,0,0
BRDA:273,48,1,0
BRDA:295,49,0,0
BRDA:295,49,1,0
BRDA:295,50,0,0
BRDA:295,50,1,0
BRDA:302,51,0,0
BRDA:302,51,1,0
BRDA:307,52,0,0
BRDA:307,52,1,0
BRDA:346,53,0,0
BRDA:346,53,1,0
BRDA:376,54,0,0
BRDA:378,55,0,0
BRDA:378,55,1,0
BRDA:378,56,0,0
BRDA:378,56,1,0
BRDA:384,57,0,0
BRDA:384,58,0,0
BRDA:384,59,0,0
BRDA:396,60,0,0
BRDA:396,60,1,0
BRDA:396,61,0,0
BRDA:396,61,1,0
BRDA:396,61,2,0
BRDA:396,61,3,0
BRDA:422,62,0,0
BRDA:422,62,1,0
BRDA:423,63,0,0
BRDA:423,63,1,0
BRDA:451,64,0,0
BRDA:451,64,1,0
BRF:130
BRH:6
end_of_record
TN:
SF:controllers\adminBookingController.js
FN:11,(anonymous_0)
FN:84,(anonymous_1)
FN:131,(anonymous_2)
FN:154,(anonymous_3)
FN:210,(anonymous_4)
FN:251,(anonymous_5)
FN:275,(anonymous_6)
FN:280,(anonymous_7)
FN:288,(anonymous_8)
FN:296,(anonymous_9)
FN:312,(anonymous_10)
FN:343,(anonymous_11)
FN:394,(anonymous_12)
FN:415,(anonymous_13)
FNF:14
FNH:0
FNDA:0,(anonymous_0)
FNDA:0,(anonymous_1)
FNDA:0,(anonymous_2)
FNDA:0,(anonymous_3)
FNDA:0,(anonymous_4)
FNDA:0,(anonymous_5)
FNDA:0,(anonymous_6)
FNDA:0,(anonymous_7)
FNDA:0,(anonymous_8)
FNDA:0,(anonymous_9)
FNDA:0,(anonymous_10)
FNDA:0,(anonymous_11)
FNDA:0,(anonymous_12)
FNDA:0,(anonymous_13)
DA:2,0
DA:3,0
DA:4,0
DA:5,0
DA:6,0
DA:7,0
DA:11,0
DA:12,0
DA:13,0
DA:15,0
DA:21,0
DA:22,0
DA:25,0
DA:26,0
DA:27,0
DA:30,0
DA:77,0
DA:79,0
DA:80,0
DA:84,0
DA:85,0
DA:86,0
DA:88,0
DA:94,0
DA:95,0
DA:99,0
DA:100,0
DA:101,0
DA:102,0
DA:104,0
DA:114,0
DA:117,0
DA:118,0
DA:124,0
DA:126,0
DA:127,0
DA:131,0
DA:132,0
DA:133,0
DA:135,0
DA:141,0
DA:142,0
DA:145,0
DA:147,0
DA:148,0
DA:154,0
DA:155,0
DA:166,0
DA:169,0
DA:170,0
DA:173,0
DA:174,0
DA:175,0
DA:179,0
DA:180,0
DA:181,0
DA:182,0
DA:184,0
DA:185,0
DA:186,0
DA:187,0
DA:189,0
DA:190,0
DA:194,0
DA:202,0
DA:209,0
DA:212,0
DA:213,0
DA:214,0
DA:218,0
DA:219,0
DA:228,0
DA:251,0
DA:272,0
DA:275,0
DA:278,0
DA:279,0
DA:280,0
DA:281,0
DA:286,0
DA:287,0
DA:288,0
DA:289,0
DA:290,0
DA:295,0
DA:296,0
DA:297,0
DA:298,0
DA:299,0
DA:300,0
DA:304,0
DA:307,0
DA:308,0
DA:309,0
DA:312,0
DA:329,0
DA:338,0
DA:339,0
DA:343,0
DA:344,0
DA:345,0
DA:347,0
DA:352,0
DA:353,0
DA:356,0
DA:387,0
DA:389,0
DA:390,0
DA:394,0
DA:395,0
DA:396,0
DA:398,0
DA:404,0
DA:405,0
DA:408,0
DA:410,0
DA:411,0
DA:415,0
DA:416,0
DA:417,0
DA:419,0
DA:425,0
DA:426,0
DA:429,0
DA:431,0
DA:432,0
DA:436,0
LF:127
LH:0
BRDA:21,0,0,0
BRDA:21,0,1,0
BRDA:25,1,0,0
BRDA:25,1,1,0
BRDA:39,2,0,0
BRDA:39,2,1,0
BRDA:49,3,0,0
BRDA:49,3,1,0
BRDA:56,4,0,0
BRDA:56,4,1,0
BRDA:65,5,0,0
BRDA:65,5,1,0
BRDA:66,6,0,0
BRDA:66,6,1,0
BRDA:66,6,2,0
BRDA:67,7,0,0
BRDA:67,7,1,0
BRDA:94,8,0,0
BRDA:94,8,1,0
BRDA:101,9,0,0
BRDA:101,9,1,0
BRDA:102,10,0,0
BRDA:102,10,1,0
BRDA:117,11,0,0
BRDA:117,11,1,0
BRDA:141,12,0,0
BRDA:141,12,1,0
BRDA:164,13,0,0
BRDA:165,14,0,0
BRDA:173,15,0,0
BRDA:173,15,1,0
BRDA:179,16,0,0
BRDA:179,16,1,0
BRDA:179,17,0,0
BRDA:179,17,1,0
BRDA:181,18,0,0
BRDA:181,18,1,0
BRDA:184,19,0,0
BRDA:184,19,1,0
BRDA:213,20,0,0
BRDA:213,20,1,0
BRDA:218,21,0,0
BRDA:218,21,1,0
BRDA:218,22,0,0
BRDA:218,22,1,0
BRDA:231,23,0,0
BRDA:231,23,1,0
BRDA:232,24,0,0
BRDA:232,24,1,0
BRDA:234,25,0,0
BRDA:234,25,1,0
BRDA:235,26,0,0
BRDA:235,26,1,0
BRDA:236,27,0,0
BRDA:236,27,1,0
BRDA:236,27,2,0
BRDA:237,28,0,0
BRDA:237,28,1,0
BRDA:238,29,0,0
BRDA:238,29,1,0
BRDA:241,30,0,0
BRDA:241,30,1,0
BRDA:243,31,0,0
BRDA:243,31,1,0
BRDA:244,32,0,0
BRDA:244,32,1,0
BRDA:244,32,2,0
BRDA:245,33,0,0
BRDA:245,33,1,0
BRDA:254,34,0,0
BRDA:254,34,1,0
BRDA:255,35,0,0
BRDA:255,35,1,0
BRDA:257,36,0,0
BRDA:257,36,1,0
BRDA:260,37,0,0
BRDA:260,37,1,0
BRDA:261,38,0,0
BRDA:261,38,1,0
BRDA:264,39,0,0
BRDA:264,39,1,0
BRDA:268,40,0,0
BRDA:268,40,1,0
BRDA:278,41,0,0
BRDA:278,41,1,0
BRDA:286,42,0,0
BRDA:286,42,1,0
BRDA:289,43,0,0
BRDA:289,43,1,0
BRDA:289,44,0,0
BRDA:289,44,1,0
BRDA:295,45,0,0
BRDA:295,45,1,0
BRDA:295,46,0,0
BRDA:295,46,1,0
BRDA:298,47,0,0
BRDA:298,47,1,0
BRDA:298,48,0,0
BRDA:298,48,1,0
BRDA:299,49,0,0
BRDA:299,49,1,0
BRDA:299,50,0,0
BRDA:299,50,1,0
BRDA:352,51,0,0
BRDA:352,51,1,0
BRDA:362,52,0,0
BRDA:362,52,1,0
BRDA:372,53,0,0
BRDA:372,53,1,0
BRDA:404,54,0,0
BRDA:404,54,1,0
BRDA:425,55,0,0
BRDA:425,55,1,0
BRF:113
BRH:0
end_of_record
TN:
SF:controllers\adminContactUsController.js
FN:4,(anonymous_0)
FN:27,(anonymous_1)
FN:55,(anonymous_2)
FNF:3
FNH:0
FNDA:0,(anonymous_0)
FNDA:0,(anonymous_1)
FNDA:0,(anonymous_2)
DA:2,0
DA:4,0
DA:5,0
DA:6,0
DA:8,0
DA:9,0
DA:10,0
DA:11,0
DA:12,0
DA:13,0
DA:14,0
DA:15,0
DA:19,0
DA:21,0
DA:27,0
DA:48,0
DA:50,0
DA:51,0
DA:55,0
DA:56,0
DA:57,0
DA:58,0
DA:60,0
DA:82,0
DA:83,0
LF:25
LH:0
BRDA:6,0,0,0
BRDA:6,1,0,0
BRDA:9,2,0,0
BRDA:9,2,1,0
BRDA:9,3,0,0
BRDA:9,3,1,0
BRDA:11,4,0,0
BRDA:11,4,1,0
BRDA:12,5,0,0
BRDA:12,5,1,0
BRDA:29,6,0,0
BRDA:29,6,1,0
BRDA:30,7,0,0
BRDA:30,7,1,0
BRDA:31,8,0,0
BRDA:31,8,1,0
BRDA:32,9,0,0
BRDA:32,9,1,0
BRDA:33,10,0,0
BRDA:33,10,1,0
BRDA:33,11,0,0
BRDA:33,11,1,0
BRDA:35,12,0,0
BRDA:35,12,1,0
BRDA:58,13,0,0
BRDA:58,13,1,0
BRDA:62,14,0,0
BRDA:62,14,1,0
BRDA:63,15,0,0
BRDA:63,15,1,0
BRDA:64,16,0,0
BRDA:64,16,1,0
BRDA:65,17,0,0
BRDA:65,17,1,0
BRDA:66,18,0,0
BRDA:66,18,1,0
BRDA:69,19,0,0
BRDA:69,19,1,0
BRF:38
BRH:0
end_of_record
TN:
SF:controllers\adminMaintenanceController.js
FN:12,(anonymous_0)
FN:102,(anonymous_1)
FN:133,(anonymous_2)
FN:144,(anonymous_3)
FNF:4
FNH:0
FNDA:0,(anonymous_0)
FNDA:0,(anonymous_1)
FNDA:0,(anonymous_2)
FNDA:0,(anonymous_3)
DA:2,0
DA:3,0
DA:4,0
DA:5,0
DA:6,0
DA:7,0
DA:8,0
DA:9,0
DA:12,0
DA:13,0
DA:14,0
DA:17,0
DA:18,0
DA:22,0
DA:34,0
DA:35,0
DA:39,0
DA:40,0
DA:41,0
DA:42,0
DA:46,0
DA:51,0
DA:94,0
DA:96,0
DA:97,0
DA:102,0
DA:103,0
DA:104,0
DA:106,0
DA:115,0
DA:116,0
DA:119,0
DA:121,0
DA:122,0
DA:133,0
DA:134,0
DA:135,0
DA:138,0
DA:139,0
DA:142,0
DA:146,0
DA:149,0
DA:150,0
DA:151,0
DA:152,0
DA:153,0
DA:154,0
DA:155,0
DA:156,0
DA:157,0
DA:158,0
DA:163,0
DA:221,0
DA:222,0
DA:223,0
DA:224,0
DA:226,0
DA:228,0
DA:238,0
DA:239,0
DA:242,0
DA:258,0
DA:259,0
LF:63
LH:0
BRDA:17,0,0,0
BRDA:17,0,1,0
BRDA:17,1,0,0
BRDA:17,1,1,0
BRDA:34,2,0,0
BRDA:34,2,1,0
BRDA:40,3,0,0
BRDA:40,3,1,0
BRDA:53,4,0,0
BRDA:53,4,1,0
BRDA:54,5,0,0
BRDA:54,5,1,0
BRDA:55,6,0,0
BRDA:55,6,1,0
BRDA:56,7,0,0
BRDA:56,7,1,0
BRDA:57,8,0,0
BRDA:57,8,1,0
BRDA:58,9,0,0
BRDA:58,9,1,0
BRDA:59,10,0,0
BRDA:59,10,1,0
BRDA:62,11,0,0
BRDA:62,11,1,0
BRDA:64,12,0,0
BRDA:64,12,1,0
BRDA:65,13,0,0
BRDA:65,13,1,0
BRDA:66,14,0,0
BRDA:66,14,1,0
BRDA:67,15,0,0
BRDA:67,15,1,0
BRDA:71,16,0,0
BRDA:71,16,1,0
BRDA:72,17,0,0
BRDA:72,17,1,0
BRDA:77,18,0,0
BRDA:77,18,1,0
BRDA:81,19,0,0
BRDA:81,19,1,0
BRDA:82,20,0,0
BRDA:82,20,1,0
BRDA:86,21,0,0
BRDA:86,21,1,0
BRDA:90,22,0,0
BRDA:90,22,1,0
BRDA:115,23,0,0
BRDA:115,23,1,0
BRDA:135,24,0,0
BRDA:135,25,0,0
BRDA:138,26,0,0
BRDA:138,26,1,0
BRDA:138,27,0,0
BRDA:138,27,1,0
BRDA:138,28,0,0
BRDA:138,28,1,0
BRDA:138,29,0,0
BRDA:138,29,1,0
BRDA:150,30,0,0
BRDA:150,30,1,0
BRDA:151,31,0,0
BRDA:151,31,1,0
BRDA:152,32,0,0
BRDA:152,32,1,0
BRDA:152,33,0,0
BRDA:152,33,1,0
BRDA:154,34,0,0
BRDA:154,34,1,0
BRDA:155,35,0,0
BRDA:155,35,1,0
BRDA:223,36,0,0
BRDA:223,36,1,0
BRDA:238,37,0,0
BRDA:238,37,1,0
BRDA:250,38,0,0
BRDA:250,38,1,0
BRF:76
BRH:0
end_of_record
TN:
SF:controllers\adminNotificationController.js
FN:7,(anonymous_0)
FN:61,(anonymous_1)
FN:82,(anonymous_2)
FN:114,(anonymous_3)
FNF:4
FNH:0
FNDA:0,(anonymous_0)
FNDA:0,(anonymous_1)
FNDA:0,(anonymous_2)
FNDA:0,(anonymous_3)
DA:2,0
DA:3,0
DA:4,0
DA:5,0
DA:7,0
DA:8,0
DA:9,0
DA:11,0
DA:16,0
DA:17,0
DA:20,0
DA:54,0
DA:56,0
DA:57,0
DA:61,0
DA:62,0
DA:63,0
DA:65,0
DA:71,0
DA:72,0
DA:75,0
DA:77,0
DA:78,0
DA:82,0
DA:83,0
DA:84,0
DA:86,0
DA:89,0
DA:91,0
DA:92,0
DA:93,0
DA:94,0
DA:95,0
DA:96,0
DA:97,0
DA:98,0
DA:102,0
DA:103,0
DA:105,0
DA:114,0
DA:137,0
DA:139,0
DA:140,0
LF:43
LH:0
BRDA:16,0,0,0
BRDA:16,0,1,0
BRDA:23,1,0,0
BRDA:23,1,1,0
BRDA:29,2,0,0
BRDA:29,2,1,0
BRDA:35,3,0,0
BRDA:35,3,1,0
BRDA:41,4,0,0
BRDA:41,4,1,0
BRDA:71,5,0,0
BRDA:71,5,1,0
BRDA:84,6,0,0
BRDA:84,7,0,0
BRDA:91,8,0,0
BRDA:91,8,1,0
BRDA:92,9,0,0
BRDA:92,9,1,0
BRDA:92,10,0,0
BRDA:92,10,1,0
BRDA:94,11,0,0
BRDA:94,11,1,0
BRDA:95,12,0,0
BRDA:95,12,1,0
BRDA:117,13,0,0
BRDA:117,13,1,0
BRDA:119,14,0,0
BRDA:119,14,1,0
BRDA:120,15,0,0
BRDA:120,15,1,0
BRDA:121,16,0,0
BRDA:121,16,1,0
BRDA:122,17,0,0
BRDA:122,17,1,0
BRDA:123,18,0,0
BRDA:123,18,1,0
BRDA:124,19,0,0
BRDA:124,19,1,0
BRDA:126,20,0,0
BRDA:126,20,1,0
BRDA:127,21,0,0
BRDA:127,21,1,0
BRDA:128,22,0,0
BRDA:128,22,1,0
BRDA:130,23,0,0
BRDA:130,23,1,0
BRDA:133,24,0,0
BRDA:133,24,1,0
BRF:48
BRH:0
end_of_record
TN:
SF:controllers\adminPaymentController.js
FN:8,(anonymous_0)
FN:106,(anonymous_1)
FN:127,(anonymous_2)
FN:149,(anonymous_3)
FN:187,(anonymous_4)
FNF:5
FNH:0
FNDA:0,(anonymous_0)
FNDA:0,(anonymous_1)
FNDA:0,(anonymous_2)
FNDA:0,(anonymous_3)
FNDA:0,(anonymous_4)
DA:2,0
DA:3,0
DA:4,0
DA:5,0
DA:6,0
DA:8,0
DA:9,0
DA:10,0
DA:12,0
DA:25,0
DA:26,0
DA:29,0
DA:30,0
DA:33,0
DA:34,0
DA:38,0
DA:99,0
DA:101,0
DA:102,0
DA:106,0
DA:107,0
DA:108,0
DA:110,0
DA:116,0
DA:117,0
DA:120,0
DA:122,0
DA:123,0
DA:127,0
DA:128,0
DA:129,0
DA:131,0
DA:137,0
DA:138,0
DA:141,0
DA:143,0
DA:144,0
DA:149,0
DA:150,0
DA:154,0
DA:156,0
DA:157,0
DA:158,0
DA:159,0
DA:160,0
DA:161,0
DA:162,0
DA:163,0
DA:165,0
DA:166,0
DA:167,0
DA:168,0
DA:169,0
DA:170,0
DA:171,0
DA:175,0
DA:176,0
DA:178,0
DA:187,0
DA:204,0
DA:209,0
DA:210,0
LF:62
LH:0
BRDA:25,0,0,0
BRDA:25,0,1,0
BRDA:30,1,0,0
BRDA:30,1,1,0
BRDA:34,2,0,0
BRDA:34,2,1,0
BRDA:34,3,0,0
BRDA:34,3,1,0
BRDA:36,4,0,0
BRDA:36,4,1,0
BRDA:50,5,0,0
BRDA:50,5,1,0
BRDA:52,6,0,0
BRDA:52,6,1,0
BRDA:54,7,0,0
BRDA:54,7,1,0
BRDA:65,8,0,0
BRDA:65,8,1,0
BRDA:74,9,0,0
BRDA:74,9,1,0
BRDA:81,10,0,0
BRDA:81,10,1,0
BRDA:87,11,0,0
BRDA:87,11,1,0
BRDA:96,12,0,0
BRDA:96,12,1,0
BRDA:96,12,2,0
BRDA:116,13,0,0
BRDA:116,13,1,0
BRDA:137,14,0,0
BRDA:137,14,1,0
BRDA:153,15,0,0
BRDA:153,16,0,0
BRDA:157,17,0,0
BRDA:157,17,1,0
BRDA:158,18,0,0
BRDA:158,18,1,0
BRDA:159,19,0,0
BRDA:159,19,1,0
BRDA:160,20,0,0
BRDA:160,20,1,0
BRDA:160,21,0,0
BRDA:160,21,1,0
BRDA:162,22,0,0
BRDA:162,22,1,0
BRDA:163,23,0,0
BRDA:163,23,1,0
BRDA:165,24,0,0
BRDA:165,24,1,0
BRDA:165,25,0,0
BRDA:165,25,1,0
BRDA:167,26,0,0
BRDA:167,26,1,0
BRDA:168,27,0,0
BRDA:168,27,1,0
BRDA:190,28,0,0
BRDA:190,28,1,0
BRDA:192,29,0,0
BRDA:192,29,1,0
BRDA:195,30,0,0
BRDA:195,30,1,0
BRDA:196,31,0,0
BRDA:196,31,1,0
BRDA:197,32,0,0
BRDA:197,32,1,0
BRDA:200,33,0,0
BRDA:200,33,1,0
BRF:67
BRH:0
end_of_record
TN:
SF:controllers\adminPropertyController.js
FN:6,(anonymous_0)
FN:72,(anonymous_1)
FN:103,(anonymous_2)
FN:127,(anonymous_3)
FN:161,(anonymous_4)
FN:207,(anonymous_5)
FN:226,(anonymous_6)
FNF:7
FNH:0
FNDA:0,(anonymous_0)
FNDA:0,(anonymous_1)
FNDA:0,(anonymous_2)
FNDA:0,(anonymous_3)
FNDA:0,(anonymous_4)
FNDA:0,(anonymous_5)
FNDA:0,(anonymous_6)
DA:2,0
DA:3,0
DA:4,0
DA:6,0
DA:7,0
DA:21,0
DA:23,0
DA:24,0
DA:25,0
DA:27,0
DA:29,0
DA:30,0
DA:31,0
DA:32,0
DA:33,0
DA:35,0
DA:36,0
DA:37,0
DA:38,0
DA:41,0
DA:42,0
DA:43,0
DA:44,0
DA:45,0
DA:46,0
DA:47,0
DA:51,0
DA:52,0
DA:53,0
DA:54,0
DA:62,0
DA:63,0
DA:64,0
DA:72,0
DA:73,0
DA:74,0
DA:76,0
DA:82,0
DA:84,0
DA:90,0
DA:93,0
DA:100,0
DA:103,0
DA:119,0
DA:122,0
DA:123,0
DA:127,0
DA:128,0
DA:129,0
DA:135,0
DA:136,0
DA:139,0
DA:161,0
DA:200,0
DA:202,0
DA:203,0
DA:207,0
DA:208,0
DA:209,0
DA:210,0
DA:211,0
DA:212,0
DA:213,0
DA:214,0
DA:217,0
DA:218,0
DA:219,0
DA:221,0
DA:222,0
DA:226,0
DA:227,0
DA:228,0
DA:229,0
DA:230,0
DA:231,0
DA:232,0
DA:233,0
DA:235,0
DA:236,0
DA:237,0
DA:238,0
DA:240,0
DA:241,0
DA:246,0
DA:247,0
DA:249,0
DA:250,0
LF:87
LH:0
BRDA:9,0,0,0
BRDA:10,1,0,0
BRDA:11,2,0,0
BRDA:12,3,0,0
BRDA:13,4,0,0
BRDA:14,5,0,0
BRDA:15,6,0,0
BRDA:16,7,0,0
BRDA:17,8,0,0
BRDA:18,9,0,0
BRDA:19,10,0,0
BRDA:20,11,0,0
BRDA:27,12,0,0
BRDA:27,12,1,0
BRDA:27,12,2,0
BRDA:27,12,3,0
BRDA:27,12,4,0
BRDA:27,12,5,0
BRDA:27,12,6,0
BRDA:27,12,7,0
BRDA:27,12,8,0
BRDA:27,12,9,0
BRDA:30,13,0,0
BRDA:30,13,1,0
BRDA:31,14,0,0
BRDA:31,14,1,0
BRDA:32,15,0,0
BRDA:32,15,1,0
BRDA:33,16,0,0
BRDA:33,16,1,0
BRDA:35,17,0,0
BRDA:35,17,1,0
BRDA:35,18,0,0
BRDA:35,18,1,0
BRDA:37,19,0,0
BRDA:37,19,1,0
BRDA:38,20,0,0
BRDA:38,20,1,0
BRDA:41,21,0,0
BRDA:41,21,1,0
BRDA:41,22,0,0
BRDA:41,22,1,0
BRDA:43,23,0,0
BRDA:43,23,1,0
BRDA:44,24,0,0
BRDA:44,24,1,0
BRDA:52,25,0,0
BRDA:52,25,1,0
BRDA:63,26,0,0
BRDA:63,26,1,0
BRDA:73,27,0,0
BRDA:73,27,1,0
BRDA:82,28,0,0
BRDA:82,28,1,0
BRDA:106,29,0,0
BRDA:106,29,1,0
BRDA:108,30,0,0
BRDA:108,30,1,0
BRDA:111,31,0,0
BRDA:111,31,1,0
BRDA:115,32,0,0
BRDA:115,32,1,0
BRDA:135,33,0,0
BRDA:135,33,1,0
BRDA:143,34,0,0
BRDA:143,34,1,0
BRDA:149,35,0,0
BRDA:149,35,1,0
BRDA:152,36,0,0
BRDA:152,36,1,0
BRDA:158,37,0,0
BRDA:158,37,1,0
BRDA:161,38,0,0
BRDA:161,38,1,0
BRDA:165,39,0,0
BRDA:165,39,1,0
BRDA:191,40,0,0
BRDA:191,40,1,0
BRDA:212,41,0,0
BRDA:212,41,1,0
BRDA:231,42,0,0
BRDA:231,42,1,0
BRDA:236,43,0,0
BRDA:236,43,1,0
BRDA:240,44,0,0
BRDA:240,44,1,0
BRF:86
BRH:0
end_of_record
TN:
SF:controllers\adminUserController.js
FN:12,(anonymous_0)
FN:71,(anonymous_1)
FN:71,(anonymous_2)
FN:72,(anonymous_3)
FN:72,(anonymous_4)
FN:75,(anonymous_5)
FN:76,(anonymous_6)
FN:79,(anonymous_7)
FN:79,(anonymous_8)
FN:93,(anonymous_9)
FN:104,(anonymous_10)
FN:113,(anonymous_11)
FN:113,(anonymous_12)
FN:114,(anonymous_13)
FN:114,(anonymous_14)
FN:116,(anonymous_15)
FN:116,(anonymous_16)
FN:193,(anonymous_17)
FN:213,(anonymous_18)
FN:227,(anonymous_19)
FN:238,(anonymous_20)
FN:247,(anonymous_21)
FN:257,(anonymous_22)
FN:275,(anonymous_23)
FN:316,(anonymous_24)
FN:365,(anonymous_25)
FN:380,(anonymous_26)
FN:423,(anonymous_27)
FN:426,(anonymous_28)
FN:429,(anonymous_29)
FN:431,(anonymous_30)
FN:454,(anonymous_31)
FN:465,(anonymous_32)
FN:470,(anonymous_33)
FN:473,(anonymous_34)
FN:475,(anonymous_35)
FNF:36
FNH:0
FNDA:0,(anonymous_0)
FNDA:0,(anonymous_1)
FNDA:0,(anonymous_2)
FNDA:0,(anonymous_3)
FNDA:0,(anonymous_4)
FNDA:0,(anonymous_5)
FNDA:0,(anonymous_6)
FNDA:0,(anonymous_7)
FNDA:0,(anonymous_8)
FNDA:0,(anonymous_9)
FNDA:0,(anonymous_10)
FNDA:0,(anonymous_11)
FNDA:0,(anonymous_12)
FNDA:0,(anonymous_13)
FNDA:0,(anonymous_14)
FNDA:0,(anonymous_15)
FNDA:0,(anonymous_16)
FNDA:0,(anonymous_17)
FNDA:0,(anonymous_18)
FNDA:0,(anonymous_19)
FNDA:0,(anonymous_20)
FNDA:0,(anonymous_21)
FNDA:0,(anonymous_22)
FNDA:0,(anonymous_23)
FNDA:0,(anonymous_24)
FNDA:0,(anonymous_25)
FNDA:0,(anonymous_26)
FNDA:0,(anonymous_27)
FNDA:0,(anonymous_28)
FNDA:0,(anonymous_29)
FNDA:0,(anonymous_30)
FNDA:0,(anonymous_31)
FNDA:0,(anonymous_32)
FNDA:0,(anonymous_33)
FNDA:0,(anonymous_34)
FNDA:0,(anonymous_35)
DA:2,0
DA:3,0
DA:4,0
DA:5,0
DA:6,0
DA:7,0
DA:8,0
DA:9,0
DA:10,0
DA:12,0
DA:13,0
DA:14,0
DA:17,0
DA:19,0
DA:20,0
DA:22,0
DA:25,0
DA:27,0
DA:28,0
DA:30,0
DA:33,0
DA:34,0
DA:37,0
DA:38,0
DA:39,0
DA:40,0
DA:41,0
DA:42,0
DA:43,0
DA:46,0
DA:47,0
DA:48,0
DA:49,0
DA:50,0
DA:51,0
DA:53,0
DA:54,0
DA:57,0
DA:61,0
DA:66,0
DA:67,0
DA:68,0
DA:69,0
DA:71,0
DA:72,0
DA:73,0
DA:74,0
DA:75,0
DA:76,0
DA:77,0
DA:78,0
DA:79,0
DA:80,0
DA:81,0
DA:85,0
DA:90,0
DA:91,0
DA:92,0
DA:93,0
DA:96,0
DA:97,0
DA:98,0
DA:99,0
DA:100,0
DA:101,0
DA:104,0
DA:105,0
DA:106,0
DA:113,0
DA:114,0
DA:115,0
DA:116,0
DA:118,0
DA:119,0
DA:120,0
DA:121,0
DA:124,0
DA:193,0
DA:213,0
DA:227,0
DA:238,0
DA:247,0
DA:257,0
DA:268,0
DA:270,0
DA:271,0
DA:275,0
DA:276,0
DA:277,0
DA:278,0
DA:279,0
DA:281,0
DA:282,0
DA:283,0
DA:287,0
DA:289,0
DA:290,0
DA:292,0
DA:293,0
DA:295,0
DA:296,0
DA:298,0
DA:299,0
DA:302,0
DA:303,0
DA:304,0
DA:305,0
DA:308,0
DA:309,0
DA:311,0
DA:312,0
DA:316,0
DA:317,0
DA:318,0
DA:319,0
DA:322,0
DA:324,0
DA:325,0
DA:326,0
DA:328,0
DA:329,0
DA:333,0
DA:335,0
DA:336,0
DA:340,0
DA:344,0
DA:346,0
DA:347,0
DA:350,0
DA:351,0
DA:352,0
DA:353,0
DA:356,0
DA:357,0
DA:359,0
DA:360,0
DA:365,0
DA:366,0
DA:371,0
DA:373,0
DA:374,0
DA:375,0
DA:377,0
DA:380,0
DA:381,0
DA:383,0
DA:384,0
DA:386,0
DA:387,0
DA:388,0
DA:395,0
DA:396,0
DA:397,0
DA:399,0
DA:400,0
DA:401,0
DA:402,0
DA:403,0
DA:404,0
DA:405,0
DA:409,0
DA:412,0
DA:415,0
DA:416,0
DA:422,0
DA:423,0
DA:426,0
DA:427,0
DA:428,0
DA:429,0
DA:431,0
DA:444,0
DA:448,0
DA:454,0
DA:455,0
DA:456,0
DA:461,0
DA:462,0
DA:465,0
DA:467,0
DA:468,0
DA:470,0
DA:471,0
DA:472,0
DA:473,0
DA:475,0
DA:488,0
DA:491,0
DA:492,0
LF:189
LH:0
BRDA:17,0,0,0
BRDA:17,0,1,0
BRDA:17,0,2,0
BRDA:17,0,3,0
BRDA:33,1,0,0
BRDA:33,1,1,0
BRDA:53,2,0,0
BRDA:53,2,1,0
BRDA:67,3,0,0
BRDA:67,3,1,0
BRDA:68,4,0,0
BRDA:68,4,1,0
BRDA:69,5,0,0
BRDA:69,5,1,0
BRDA:71,6,0,0
BRDA:71,6,1,0
BRDA:72,7,0,0
BRDA:72,7,1,0
BRDA:77,8,0,0
BRDA:77,8,1,0
BRDA:79,9,0,0
BRDA:79,9,1,0
BRDA:80,10,0,0
BRDA:80,10,1,0
BRDA:91,11,0,0
BRDA:91,11,1,0
BRDA:93,12,0,0
BRDA:93,12,1,0
BRDA:97,13,0,0
BRDA:97,13,1,0
BRDA:98,14,0,0
BRDA:98,14,1,0
BRDA:99,15,0,0
BRDA:99,15,1,0
BRDA:100,16,0,0
BRDA:100,16,1,0
BRDA:105,17,0,0
BRDA:105,17,1,0
BRDA:113,18,0,0
BRDA:113,18,1,0
BRDA:115,19,0,0
BRDA:115,19,1,0
BRDA:116,20,0,0
BRDA:116,20,1,0
BRDA:116,21,0,0
BRDA:116,21,1,0
BRDA:119,22,0,0
BRDA:119,22,1,0
BRDA:120,23,0,0
BRDA:120,23,1,0
BRDA:121,24,0,0
BRDA:121,24,1,0
BRDA:141,25,0,0
BRDA:141,25,1,0
BRDA:142,26,0,0
BRDA:142,26,1,0
BRDA:143,27,0,0
BRDA:143,27,1,0
BRDA:144,28,0,0
BRDA:144,28,1,0
BRDA:145,29,0,0
BRDA:145,29,1,0
BRDA:147,30,0,0
BRDA:147,30,1,0
BRDA:148,31,0,0
BRDA:148,31,1,0
BRDA:150,32,0,0
BRDA:150,32,1,0
BRDA:151,33,0,0
BRDA:151,33,1,0
BRDA:155,34,0,0
BRDA:155,34,1,0
BRDA:156,35,0,0
BRDA:156,35,1,0
BRDA:157,36,0,0
BRDA:157,36,1,0
BRDA:159,37,0,0
BRDA:159,37,1,0
BRDA:160,38,0,0
BRDA:160,38,1,0
BRDA:176,39,0,0
BRDA:176,39,1,0
BRDA:183,40,0,0
BRDA:183,40,1,0
BRDA:195,41,0,0
BRDA:195,41,1,0
BRDA:203,42,0,0
BRDA:203,42,1,0
BRDA:218,43,0,0
BRDA:218,43,1,0
BRDA:233,44,0,0
BRDA:233,44,1,0
BRDA:234,45,0,0
BRDA:234,45,1,0
BRDA:235,46,0,0
BRDA:235,46,1,0
BRDA:235,47,0,0
BRDA:235,47,1,0
BRDA:236,48,0,0
BRDA:236,48,1,0
BRDA:244,49,0,0
BRDA:244,49,1,0
BRDA:245,50,0,0
BRDA:245,50,1,0
BRDA:253,51,0,0
BRDA:253,51,1,0
BRDA:253,52,0,0
BRDA:253,52,1,0
BRDA:254,53,0,0
BRDA:254,53,1,0
BRDA:255,54,0,0
BRDA:255,54,1,0
BRDA:263,55,0,0
BRDA:263,55,1,0
BRDA:263,56,0,0
BRDA:263,56,1,0
BRDA:264,57,0,0
BRDA:264,57,1,0
BRDA:281,58,0,0
BRDA:281,58,1,0
BRDA:287,59,0,0
BRDA:287,59,1,0
BRDA:287,59,2,0
BRDA:287,59,3,0
BRDA:303,60,0,0
BRDA:303,60,1,0
BRDA:309,61,0,0
BRDA:309,61,1,0
BRDA:322,62,0,0
BRDA:322,62,1,0
BRDA:322,62,2,0
BRDA:322,62,3,0
BRDA:351,63,0,0
BRDA:351,63,1,0
BRDA:368,64,0,0
BRDA:368,65,0,0
BRDA:368,66,0,0
BRDA:368,67,0,0
BRDA:368,68,0,0
BRDA:369,69,0,0
BRDA:369,70,0,0
BRDA:369,71,0,0
BRDA:370,72,0,0
BRDA:370,73,0,0
BRDA:377,74,0,0
BRDA:377,74,1,0
BRDA:377,74,2,0
BRDA:377,74,3,0
BRDA:377,74,4,0
BRDA:377,74,5,0
BRDA:377,74,6,0
BRDA:377,74,7,0
BRDA:383,75,0,0
BRDA:383,75,1,0
BRDA:384,76,0,0
BRDA:384,76,1,0
BRDA:386,77,0,0
BRDA:386,77,1,0
BRDA:395,78,0,0
BRDA:395,78,1,0
BRDA:396,79,0,0
BRDA:396,79,1,0
BRDA:397,80,0,0
BRDA:397,80,1,0
BRDA:399,81,0,0
BRDA:399,81,1,0
BRDA:399,82,0,0
BRDA:399,82,1,0
BRDA:401,83,0,0
BRDA:401,83,1,0
BRDA:402,84,0,0
BRDA:402,84,1,0
BRDA:415,85,0,0
BRDA:415,85,1,0
BRDA:435,86,0,0
BRDA:435,86,1,0
BRDA:437,87,0,0
BRDA:437,87,1,0
BRDA:438,88,0,0
BRDA:438,88,1,0
BRDA:439,89,0,0
BRDA:439,89,1,0
BRDA:441,90,0,0
BRDA:441,90,1,0
BRDA:455,91,0,0
BRDA:455,91,1,0
BRDA:455,92,0,0
BRDA:455,92,1,0
BRDA:481,93,0,0
BRDA:481,93,1,0
BRDA:482,94,0,0
BRDA:482,94,1,0
BRDA:483,95,0,0
BRDA:483,95,1,0
BRDA:485,96,0,0
BRDA:485,96,1,0
BRF:196
BRH:0
end_of_record
TN:
SF:controllers\adminUserVerificationController.js
FN:10,(anonymous_0)
FN:11,(anonymous_1)
FN:24,(anonymous_2)
FN:42,(anonymous_3)
FN:78,(anonymous_4)
FN:123,(anonymous_5)
FNF:6
FNH:0
FNDA:0,(anonymous_0)
FNDA:0,(anonymous_1)
FNDA:0,(anonymous_2)
FNDA:0,(anonymous_3)
FNDA:0,(anonymous_4)
FNDA:0,(anonymous_5)
DA:1,0
DA:2,0
DA:3,0
DA:4,0
DA:7,0
DA:10,0
DA:11,0
DA:12,0
DA:13,0
DA:14,0
DA:15,0
DA:19,0
DA:24,0
DA:25,0
DA:26,0
DA:27,0
DA:29,0
DA:30,0
DA:31,0
DA:36,0
DA:37,0
DA:42,0
DA:43,0
DA:44,0
DA:45,0
DA:47,0
DA:48,0
DA:50,0
DA:51,0
DA:54,0
DA:55,0
DA:56,0
DA:59,0
DA:60,0
DA:61,0
DA:62,0
DA:64,0
DA:66,0
DA:72,0
DA:73,0
DA:78,0
DA:79,0
DA:80,0
DA:81,0
DA:83,0
DA:84,0
DA:86,0
DA:87,0
DA:90,0
DA:91,0
DA:94,0
DA:95,0
DA:96,0
DA:99,0
DA:100,0
DA:103,0
DA:104,0
DA:105,0
DA:106,0
DA:108,0
DA:109,0
DA:111,0
DA:117,0
DA:118,0
DA:123,0
DA:124,0
DA:125,0
DA:126,0
DA:128,0
DA:130,0
DA:131,0
DA:132,0
DA:134,0
DA:139,0
DA:140,0
DA:142,0
DA:150,0
DA:151,0
LF:78
LH:0
BRDA:14,0,0,0
BRDA:14,0,1,0
BRDA:26,1,0,0
BRDA:26,1,1,0
BRDA:26,2,0,0
BRDA:26,2,1,0
BRDA:44,3,0,0
BRDA:44,3,1,0
BRDA:44,4,0,0
BRDA:44,4,1,0
BRDA:50,5,0,0
BRDA:50,5,1,0
BRDA:55,6,0,0
BRDA:55,6,1,0
BRDA:61,7,0,0
BRDA:61,7,1,0
BRDA:80,8,0,0
BRDA:80,8,1,0
BRDA:80,9,0,0
BRDA:80,9,1,0
BRDA:86,10,0,0
BRDA:86,10,1,0
BRDA:90,11,0,0
BRDA:90,11,1,0
BRDA:95,12,0,0
BRDA:95,12,1,0
BRDA:99,13,0,0
BRDA:99,13,1,0
BRDA:105,14,0,0
BRDA:105,14,1,0
BRDA:125,15,0,0
BRDA:125,15,1,0
BRDA:125,16,0,0
BRDA:125,16,1,0
BRDA:128,17,0,0
BRDA:128,18,0,0
BRDA:131,19,0,0
BRDA:131,19,1,0
BRDA:132,20,0,0
BRDA:132,20,1,0
BRF:40
BRH:0
end_of_record
TN:
SF:controllers\adminWorkerPaymentController.js
FN:7,(anonymous_0)
FN:78,(anonymous_1)
FN:111,(anonymous_2)
FNF:3
FNH:0
FNDA:0,(anonymous_0)
FNDA:0,(anonymous_1)
FNDA:0,(anonymous_2)
DA:2,0
DA:3,0
DA:4,0
DA:5,0
DA:7,0
DA:8,0
DA:9,0
DA:11,0
DA:16,0
DA:17,0
DA:21,0
DA:22,0
DA:23,0
DA:24,0
DA:29,0
DA:69,0
DA:71,0
DA:72,0
DA:78,0
DA:79,0
DA:83,0
DA:85,0
DA:86,0
DA:87,0
DA:88,0
DA:89,0
DA:90,0
DA:91,0
DA:92,0
DA:93,0
DA:94,0
DA:95,0
DA:99,0
DA:100,0
DA:102,0
DA:111,0
DA:129,0
DA:134,0
DA:135,0
LF:39
LH:0
BRDA:16,0,0,0
BRDA:16,0,1,0
BRDA:22,1,0,0
BRDA:22,1,1,0
BRDA:24,2,0,0
BRDA:24,2,1,0
BRDA:25,3,0,0
BRDA:25,3,1,0
BRDA:25,3,2,0
BRDA:26,4,0,0
BRDA:26,4,1,0
BRDA:38,5,0,0
BRDA:38,5,1,0
BRDA:40,6,0,0
BRDA:40,6,1,0
BRDA:41,7,0,0
BRDA:41,7,1,0
BRDA:46,8,0,0
BRDA:46,8,1,0
BRDA:57,9,0,0
BRDA:57,9,1,0
BRDA:82,10,0,0
BRDA:82,11,0,0
BRDA:86,12,0,0
BRDA:86,12,1,0
BRDA:87,13,0,0
BRDA:87,13,1,0
BRDA:88,14,0,0
BRDA:88,14,1,0
BRDA:89,15,0,0
BRDA:89,15,1,0
BRDA:89,16,0,0
BRDA:89,16,1,0
BRDA:91,17,0,0
BRDA:91,17,1,0
BRDA:92,18,0,0
BRDA:92,18,1,0
BRDA:114,19,0,0
BRDA:114,19,1,0
BRDA:116,20,0,0
BRDA:116,20,1,0
BRDA:118,21,0,0
BRDA:118,21,1,0
BRDA:122,22,0,0
BRDA:122,22,1,0
BRDA:124,23,0,0
BRDA:124,23,1,0
BRDA:125,24,0,0
BRDA:125,24,1,0
BRF:49
BRH:0
end_of_record
TN:
SF:controllers\bookingController.js
FN:9,(anonymous_0)
FN:34,(anonymous_1)
FN:48,(anonymous_2)
FN:151,(anonymous_3)
FNF:4
FNH:0
FNDA:0,(anonymous_0)
FNDA:0,(anonymous_1)
FNDA:0,(anonymous_2)
FNDA:0,(anonymous_3)
DA:1,0
DA:2,0
DA:3,0
DA:4,0
DA:5,0
DA:6,0
DA:9,0
DA:10,0
DA:11,0
DA:12,0
DA:13,0
DA:14,0
DA:17,0
DA:18,0
DA:19,0
DA:20,0
DA:24,0
DA:25,0
DA:26,0
DA:27,0
DA:30,0
DA:31,0
DA:35,0
DA:36,0
DA:37,0
DA:39,0
DA:42,0
DA:43,0
DA:48,0
DA:49,0
DA:50,0
DA:51,0
DA:52,0
DA:53,0
DA:56,0
DA:59,0
DA:60,0
DA:61,0
DA:63,0
DA:64,0
DA:65,0
DA:69,0
DA:70,0
DA:71,0
DA:72,0
DA:76,0
DA:77,0
DA:78,0
DA:79,0
DA:82,0
DA:83,0
DA:84,0
DA:86,0
DA:87,0
DA:88,0
DA:89,0
DA:91,0
DA:92,0
DA:96,0
DA:109,0
DA:110,0
DA:113,0
DA:114,0
DA:115,0
DA:116,0
DA:120,0
DA:132,0
DA:133,0
DA:136,0
DA:137,0
DA:142,0
DA:143,0
DA:145,0
DA:146,0
DA:151,0
DA:152,0
DA:153,0
DA:156,0
DA:157,0
DA:158,0
DA:160,0
DA:161,0
DA:162,0
DA:166,0
DA:167,0
DA:168,0
DA:172,0
DA:173,0
DA:174,0
DA:175,0
DA:179,0
DA:180,0
DA:181,0
DA:182,0
DA:186,0
DA:187,0
DA:188,0
DA:189,0
DA:192,0
DA:194,0
DA:195,0
DA:198,0
DA:204,0
DA:213,0
DA:214,0
DA:217,0
DA:228,0
DA:229,0
DA:235,0
DA:236,0
DA:239,0
DA:245,0
DA:246,0
DA:249,0
DA:260,0
DA:261,0
DA:267,0
DA:269,0
DA:270,0
LF:119
LH:0
BRDA:11,0,0,0
BRDA:11,0,1,0
BRDA:12,1,0,0
BRDA:12,1,1,0
BRDA:12,2,0,0
BRDA:12,2,1,0
BRDA:13,3,0,0
BRDA:13,3,1,0
BRDA:18,4,0,0
BRDA:18,4,1,0
BRDA:20,5,0,0
BRDA:20,5,1,0
BRDA:25,6,0,0
BRDA:25,6,1,0
BRDA:35,7,0,0
BRDA:35,7,1,0
BRDA:42,8,0,0
BRDA:42,8,1,0
BRDA:42,9,0,0
BRDA:42,9,1,0
BRDA:43,10,0,0
BRDA:43,10,1,0
BRDA:51,11,0,0
BRDA:51,11,1,0
BRDA:51,12,0,0
BRDA:51,12,1,0
BRDA:52,13,0,0
BRDA:52,13,1,0
BRDA:59,14,0,0
BRDA:59,14,1,0
BRDA:59,15,0,0
BRDA:59,15,1,0
BRDA:63,16,0,0
BRDA:63,16,1,0
BRDA:63,17,0,0
BRDA:63,17,1,0
BRDA:70,18,0,0
BRDA:70,18,1,0
BRDA:77,19,0,0
BRDA:77,19,1,0
BRDA:83,20,0,0
BRDA:83,20,1,0
BRDA:83,21,0,0
BRDA:83,21,1,0
BRDA:87,22,0,0
BRDA:87,22,1,0
BRDA:98,23,0,0
BRDA:98,23,1,0
BRDA:98,24,0,0
BRDA:98,24,1,0
BRDA:98,25,0,0
BRDA:98,25,1,0
BRDA:100,26,0,0
BRDA:100,26,1,0
BRDA:106,27,0,0
BRDA:106,27,1,0
BRDA:114,28,0,0
BRDA:114,28,1,0
BRDA:124,29,0,0
BRDA:124,29,1,0
BRDA:124,30,0,0
BRDA:124,30,1,0
BRDA:124,31,0,0
BRDA:124,31,1,0
BRDA:124,32,0,0
BRDA:124,32,1,0
BRDA:126,33,0,0
BRDA:126,33,1,0
BRDA:127,34,0,0
BRDA:127,34,1,0
BRDA:127,35,0,0
BRDA:127,35,1,0
BRDA:127,36,0,0
BRDA:127,36,1,0
BRDA:145,37,0,0
BRDA:145,37,1,0
BRDA:145,38,0,0
BRDA:145,38,1,0
BRDA:156,39,0,0
BRDA:156,39,1,0
BRDA:160,40,0,0
BRDA:160,40,1,0
BRDA:166,41,0,0
BRDA:166,41,1,0
BRDA:166,42,0,0
BRDA:166,42,1,0
BRDA:167,43,0,0
BRDA:167,43,1,0
BRDA:173,44,0,0
BRDA:173,44,1,0
BRDA:173,45,0,0
BRDA:173,45,1,0
BRDA:180,46,0,0
BRDA:180,46,1,0
BRDA:187,47,0,0
BRDA:187,47,1,0
BRDA:192,48,0,0
BRDA:192,48,1,0
BRDA:253,49,0,0
BRDA:253,49,1,0
BRDA:269,50,0,0
BRDA:269,50,1,0
BRDA:269,51,0,0
BRDA:269,51,1,0
BRF:104
BRH:0
end_of_record
TN:
SF:controllers\contactUsController.js
FN:4,(anonymous_0)
FN:44,(anonymous_1)
FNF:2
FNH:0
FNDA:0,(anonymous_0)
FNDA:0,(anonymous_1)
DA:1,0
DA:4,0
DA:5,0
DA:6,0
DA:9,0
DA:10,0
DA:14,0
DA:15,0
DA:16,0
DA:20,0
DA:21,0
DA:25,0
DA:34,0
DA:36,0
DA:38,0
DA:39,0
DA:44,0
DA:45,0
DA:46,0
DA:47,0
DA:49,0
DA:50,0
LF:22
LH:0
BRDA:9,0,0,0
BRDA:9,0,1,0
BRDA:9,1,0,0
BRDA:9,1,1,0
BRDA:9,1,2,0
BRDA:9,1,3,0
BRDA:15,2,0,0
BRDA:15,2,1,0
BRDA:20,3,0,0
BRDA:20,3,1,0
BRDA:20,4,0,0
BRDA:20,4,1,0
BRDA:28,5,0,0
BRDA:28,5,1,0
BRF:14
BRH:0
end_of_record
TN:
SF:controllers\ownerController.js
FN:23,(anonymous_0)
FN:87,(anonymous_1)
FN:89,(anonymous_2)
FN:103,(anonymous_3)
FN:104,(anonymous_4)
FN:105,(anonymous_5)
FN:115,(anonymous_6)
FN:116,(anonymous_7)
FN:117,(anonymous_8)
FN:127,(anonymous_9)
FN:128,(anonymous_10)
FN:129,(anonymous_11)
FN:143,(anonymous_12)
FN:147,(anonymous_13)
FN:167,(anonymous_14)
FN:168,(anonymous_15)
FN:176,(anonymous_16)
FN:223,(anonymous_17)
FN:269,(anonymous_18)
FN:297,(anonymous_19)
FN:327,(anonymous_20)
FN:377,(anonymous_21)
FN:427,(anonymous_22)
FN:464,(anonymous_23)
FN:512,(anonymous_24)
FN:566,(anonymous_25)
FN:613,(anonymous_26)
FN:707,(anonymous_27)
FN:846,(anonymous_28)
FNF:29
FNH:0
FNDA:0,(anonymous_0)
FNDA:0,(anonymous_1)
FNDA:0,(anonymous_2)
FNDA:0,(anonymous_3)
FNDA:0,(anonymous_4)
FNDA:0,(anonymous_5)
FNDA:0,(anonymous_6)
FNDA:0,(anonymous_7)
FNDA:0,(anonymous_8)
FNDA:0,(anonymous_9)
FNDA:0,(anonymous_10)
FNDA:0,(anonymous_11)
FNDA:0,(anonymous_12)
FNDA:0,(anonymous_13)
FNDA:0,(anonymous_14)
FNDA:0,(anonymous_15)
FNDA:0,(anonymous_16)
FNDA:0,(anonymous_17)
FNDA:0,(anonymous_18)
FNDA:0,(anonymous_19)
FNDA:0,(anonymous_20)
FNDA:0,(anonymous_21)
FNDA:0,(anonymous_22)
FNDA:0,(anonymous_23)
FNDA:0,(anonymous_24)
FNDA:0,(anonymous_25)
FNDA:0,(anonymous_26)
FNDA:0,(anonymous_27)
FNDA:0,(anonymous_28)
DA:1,0
DA:2,0
DA:3,0
DA:4,0
DA:5,0
DA:6,0
DA:7,0
DA:8,0
DA:9,0
DA:10,0
DA:11,0
DA:14,0
DA:23,0
DA:24,0
DA:25,0
DA:26,0
DA:29,0
DA:32,0
DA:33,0
DA:34,0
DA:40,0
DA:41,0
DA:42,0
DA:46,0
DA:49,0
DA:50,0
DA:51,0
DA:52,0
DA:56,0
DA:57,0
DA:60,0
DA:61,0
DA:63,0
DA:64,0
DA:67,0
DA:68,0
DA:69,0
DA:70,0
DA:71,0
DA:72,0
DA:73,0
DA:74,0
DA:76,0
DA:87,0
DA:88,0
DA:90,0
DA:92,0
DA:103,0
DA:104,0
DA:105,0
DA:107,0
DA:115,0
DA:116,0
DA:117,0
DA:119,0
DA:127,0
DA:128,0
DA:129,0
DA:131,0
DA:143,0
DA:144,0
DA:147,0
DA:164,0
DA:167,0
DA:168,0
DA:175,0
DA:176,0
DA:180,0
DA:181,0
DA:217,0
DA:218,0
DA:223,0
DA:224,0
DA:225,0
DA:228,0
DA:229,0
DA:235,0
DA:237,0
DA:238,0
DA:244,0
DA:245,0
DA:252,0
DA:254,0
DA:259,0
DA:260,0
DA:269,0
DA:270,0
DA:272,0
DA:273,0
DA:276,0
DA:277,0
DA:278,0
DA:284,0
DA:289,0
DA:291,0
DA:292,0
DA:297,0
DA:298,0
DA:299,0
DA:301,0
DA:302,0
DA:307,0
DA:313,0
DA:314,0
DA:319,0
DA:321,0
DA:322,0
DA:327,0
DA:328,0
DA:329,0
DA:331,0
DA:332,0
DA:338,0
DA:339,0
DA:340,0
DA:346,0
DA:347,0
DA:348,0
DA:349,0
DA:350,0
DA:351,0
DA:355,0
DA:356,0
DA:357,0
DA:358,0
DA:359,0
DA:363,0
DA:369,0
DA:371,0
DA:372,0
DA:377,0
DA:378,0
DA:379,0
DA:381,0
DA:382,0
DA:388,0
DA:389,0
DA:390,0
DA:396,0
DA:397,0
DA:398,0
DA:399,0
DA:400,0
DA:401,0
DA:405,0
DA:406,0
DA:407,0
DA:408,0
DA:409,0
DA:413,0
DA:419,0
DA:421,0
DA:422,0
DA:427,0
DA:428,0
DA:429,0
DA:430,0
DA:432,0
DA:433,0
DA:438,0
DA:439,0
DA:444,0
DA:450,0
DA:451,0
DA:456,0
DA:458,0
DA:459,0
DA:464,0
DA:465,0
DA:466,0
DA:469,0
DA:470,0
DA:476,0
DA:477,0
DA:478,0
DA:484,0
DA:485,0
DA:486,0
DA:492,0
DA:493,0
DA:496,0
DA:502,0
DA:503,0
DA:512,0
DA:513,0
DA:514,0
DA:515,0
DA:518,0
DA:519,0
DA:525,0
DA:526,0
DA:527,0
DA:533,0
DA:534,0
DA:540,0
DA:541,0
DA:547,0
DA:552,0
DA:553,0
DA:560,0
DA:565,0
DA:566,0
DA:570,0
DA:571,0
DA:579,0
DA:580,0
DA:586,0
DA:589,0
DA:590,0
DA:596,0
DA:599,0
DA:604,0
DA:605,0
DA:613,0
DA:614,0
DA:615,0
DA:633,0
DA:636,0
DA:637,0
DA:643,0
DA:644,0
DA:645,0
DA:651,0
DA:652,0
DA:653,0
DA:654,0
DA:655,0
DA:656,0
DA:657,0
DA:658,0
DA:661,0
DA:670,0
DA:672,0
DA:673,0
DA:678,0
DA:679,0
DA:684,0
DA:688,0
DA:692,0
DA:697,0
DA:698,0
DA:707,0
DA:708,0
DA:709,0
DA:710,0
DA:712,0
DA:713,0
DA:717,0
DA:718,0
DA:723,0
DA:724,0
DA:725,0
DA:729,0
DA:730,0
DA:732,0
DA:733,0
DA:735,0
DA:737,0
DA:738,0
DA:741,0
DA:742,0
DA:744,0
DA:756,0
DA:758,0
DA:759,0
DA:762,0
DA:769,0
DA:770,0
DA:771,0
DA:772,0
DA:773,0
DA:774,0
DA:775,0
DA:778,0
DA:783,0
DA:787,0
DA:788,0
DA:789,0
DA:791,0
DA:792,0
DA:799,0
DA:809,0
DA:817,0
DA:818,0
DA:819,0
DA:820,0
DA:821,0
DA:822,0
DA:828,0
DA:832,0
DA:837,0
DA:838,0
DA:846,0
DA:847,0
DA:848,0
DA:849,0
DA:850,0
DA:851,0
DA:855,0
DA:856,0
DA:862,0
DA:864,0
LF:302
LH:0
BRDA:32,0,0,0
BRDA:32,0,1,0
BRDA:40,1,0,0
BRDA:40,1,1,0
BRDA:50,2,0,0
BRDA:50,2,1,0
BRDA:63,3,0,0
BRDA:63,3,1,0
BRDA:63,4,0,0
BRDA:63,4,1,0
BRDA:68,5,0,0
BRDA:68,5,1,0
BRDA:69,6,0,0
BRDA:69,6,1,0
BRDA:70,7,0,0
BRDA:70,7,1,0
BRDA:71,8,0,0
BRDA:71,8,1,0
BRDA:72,9,0,0
BRDA:72,9,1,0
BRDA:73,10,0,0
BRDA:73,10,1,0
BRDA:74,11,0,0
BRDA:74,11,1,0
BRDA:90,12,0,0
BRDA:90,12,1,0
BRDA:94,13,0,0
BRDA:94,13,1,0
BRDA:95,14,0,0
BRDA:95,14,1,0
BRDA:96,15,0,0
BRDA:96,15,1,0
BRDA:97,16,0,0
BRDA:97,16,1,0
BRDA:98,17,0,0
BRDA:98,17,1,0
BRDA:109,18,0,0
BRDA:109,18,1,0
BRDA:109,19,0,0
BRDA:109,19,1,0
BRDA:110,20,0,0
BRDA:110,20,1,0
BRDA:121,21,0,0
BRDA:121,21,1,0
BRDA:122,22,0,0
BRDA:122,22,1,0
BRDA:133,23,0,0
BRDA:133,23,1,0
BRDA:134,24,0,0
BRDA:134,24,1,0
BRDA:135,25,0,0
BRDA:135,25,1,0
BRDA:137,26,0,0
BRDA:137,26,1,0
BRDA:138,27,0,0
BRDA:138,27,1,0
BRDA:143,28,0,0
BRDA:143,28,1,0
BRDA:146,29,0,0
BRDA:146,29,1,0
BRDA:168,30,0,0
BRDA:168,30,1,0
BRDA:198,31,0,0
BRDA:198,31,1,0
BRDA:206,32,0,0
BRDA:206,32,1,0
BRDA:207,33,0,0
BRDA:207,33,1,0
BRDA:208,34,0,0
BRDA:208,34,1,0
BRDA:209,35,0,0
BRDA:209,35,1,0
BRDA:210,36,0,0
BRDA:210,36,1,0
BRDA:211,37,0,0
BRDA:211,37,1,0
BRDA:212,38,0,0
BRDA:212,38,1,0
BRDA:213,39,0,0
BRDA:213,39,1,0
BRDA:214,40,0,0
BRDA:214,40,1,0
BRDA:228,41,0,0
BRDA:228,41,1,0
BRDA:237,42,0,0
BRDA:237,42,1,0
BRDA:244,43,0,0
BRDA:244,43,1,0
BRDA:272,44,0,0
BRDA:272,44,1,0
BRDA:272,45,0,0
BRDA:272,45,1,0
BRDA:277,46,0,0
BRDA:277,46,1,0
BRDA:301,47,0,0
BRDA:301,47,1,0
BRDA:313,48,0,0
BRDA:313,48,1,0
BRDA:331,49,0,0
BRDA:331,49,1,0
BRDA:339,50,0,0
BRDA:339,50,1,0
BRDA:346,51,0,0
BRDA:346,51,1,0
BRDA:346,52,0,0
BRDA:346,52,1,0
BRDA:347,53,0,0
BRDA:347,53,1,0
BRDA:350,54,0,0
BRDA:350,54,1,0
BRDA:355,55,0,0
BRDA:355,55,1,0
BRDA:355,56,0,0
BRDA:355,56,1,0
BRDA:356,57,0,0
BRDA:356,57,1,0
BRDA:381,58,0,0
BRDA:381,58,1,0
BRDA:389,59,0,0
BRDA:389,59,1,0
BRDA:396,60,0,0
BRDA:396,60,1,0
BRDA:396,61,0,0
BRDA:396,61,1,0
BRDA:397,62,0,0
BRDA:397,62,1,0
BRDA:400,63,0,0
BRDA:400,63,1,0
BRDA:405,64,0,0
BRDA:405,64,1,0
BRDA:405,65,0,0
BRDA:405,65,1,0
BRDA:406,66,0,0
BRDA:406,66,1,0
BRDA:432,67,0,0
BRDA:432,67,1,0
BRDA:438,68,0,0
BRDA:438,68,1,0
BRDA:450,69,0,0
BRDA:450,69,1,0
BRDA:469,70,0,0
BRDA:469,70,1,0
BRDA:477,71,0,0
BRDA:477,71,1,0
BRDA:485,72,0,0
BRDA:485,72,1,0
BRDA:518,73,0,0
BRDA:518,73,1,0
BRDA:518,74,0,0
BRDA:518,74,1,0
BRDA:526,75,0,0
BRDA:526,75,1,0
BRDA:533,76,0,0
BRDA:533,76,1,0
BRDA:540,77,0,0
BRDA:540,77,1,0
BRDA:552,78,0,0
BRDA:552,78,1,0
BRDA:570,79,0,0
BRDA:570,79,1,0
BRDA:579,80,0,0
BRDA:579,80,1,0
BRDA:636,81,0,0
BRDA:636,81,1,0
BRDA:636,82,0,0
BRDA:636,82,1,0
BRDA:644,83,0,0
BRDA:644,83,1,0
BRDA:651,84,0,0
BRDA:651,84,1,0
BRDA:652,85,0,0
BRDA:652,85,1,0
BRDA:653,86,0,0
BRDA:653,86,1,0
BRDA:654,87,0,0
BRDA:654,87,1,0
BRDA:655,88,0,0
BRDA:655,88,1,0
BRDA:656,89,0,0
BRDA:656,89,1,0
BRDA:657,90,0,0
BRDA:657,90,1,0
BRDA:658,91,0,0
BRDA:658,91,1,0
BRDA:670,92,0,0
BRDA:670,92,1,0
BRDA:670,93,0,0
BRDA:670,93,1,0
BRDA:670,93,2,0
BRDA:672,94,0,0
BRDA:672,94,1,0
BRDA:678,95,0,0
BRDA:678,95,1,0
BRDA:712,96,0,0
BRDA:712,96,1,0
BRDA:712,97,0,0
BRDA:712,97,1,0
BRDA:717,98,0,0
BRDA:717,98,1,0
BRDA:724,99,0,0
BRDA:724,99,1,0
BRDA:729,100,0,0
BRDA:729,100,1,0
BRDA:735,101,0,0
BRDA:735,101,1,0
BRDA:748,102,0,0
BRDA:748,102,1,0
BRDA:750,103,0,0
BRDA:750,103,1,0
BRDA:750,104,0,0
BRDA:750,104,1,0
BRDA:751,105,0,0
BRDA:751,105,1,0
BRDA:753,106,0,0
BRDA:753,106,1,0
BRDA:756,107,0,0
BRDA:756,107,1,0
BRDA:769,108,0,0
BRDA:769,108,1,0
BRDA:791,109,0,0
BRDA:791,109,1,0
BRDA:817,110,0,0
BRDA:817,110,1,0
BRDA:821,111,0,0
BRDA:821,111,1,0
BRDA:850,112,0,0
BRDA:850,112,1,0
BRDA:855,113,0,0
BRDA:855,113,1,0
BRF:229
BRH:0
end_of_record
TN:
SF:controllers\propertyController.js
FN:6,(anonymous_0)
FN:79,(anonymous_1)
FN:91,(anonymous_2)
FN:173,(anonymous_3)
FNF:4
FNH:0
FNDA:0,(anonymous_0)
FNDA:0,(anonymous_1)
FNDA:0,(anonymous_2)
FNDA:0,(anonymous_3)
DA:1,0
DA:2,0
DA:3,0
DA:4,0
DA:6,0
DA:7,0
DA:8,0
DA:9,0
DA:38,0
DA:41,0
DA:43,0
DA:44,0
DA:45,0
DA:47,0
DA:55,0
DA:60,0
DA:63,0
DA:69,0
DA:70,0
DA:71,0
DA:72,0
DA:73,0
DA:74,0
DA:75,0
DA:76,0
DA:79,0
DA:80,0
DA:81,0
DA:82,0
DA:83,0
DA:86,0
DA:87,0
DA:88,0
DA:91,0
DA:97,0
DA:98,0
DA:99,0
DA:107,0
DA:108,0
DA:109,0
DA:110,0
DA:113,0
DA:153,0
DA:156,0
DA:161,0
DA:166,0
DA:167,0
DA:173,0
DA:174,0
DA:175,0
DA:178,0
DA:179,0
DA:185,0
DA:187,0
DA:188,0
DA:194,0
DA:195,0
DA:202,0
DA:203,0
DA:204,0
DA:205,0
DA:206,0
DA:207,0
DA:209,0
DA:219,0
DA:222,0
DA:227,0
DA:232,0
DA:233,0
LF:69
LH:0
BRDA:8,0,0,0
BRDA:8,0,1,0
BRDA:8,1,0,0
BRDA:8,1,1,0
BRDA:32,2,0,0
BRDA:43,3,0,0
BRDA:43,3,1,0
BRDA:47,4,0,0
BRDA:47,4,1,0
BRDA:48,5,0,0
BRDA:48,5,1,0
BRDA:48,5,2,0
BRDA:48,5,3,0
BRDA:48,5,4,0
BRDA:48,5,5,0
BRDA:71,6,0,0
BRDA:71,6,1,0
BRDA:73,7,0,0
BRDA:73,7,1,0
BRDA:75,8,0,0
BRDA:75,8,1,0
BRDA:79,9,0,0
BRDA:79,9,1,0
BRDA:80,10,0,0
BRDA:80,10,1,0
BRDA:80,11,0,0
BRDA:80,11,1,0
BRDA:82,12,0,0
BRDA:82,12,1,0
BRDA:86,13,0,0
BRDA:86,13,1,0
BRDA:86,14,0,0
BRDA:86,14,1,0
BRDA:92,15,0,0
BRDA:92,15,1,0
BRDA:92,15,2,0
BRDA:92,15,3,0
BRDA:92,15,4,0
BRDA:93,16,0,0
BRDA:93,16,1,0
BRDA:93,16,2,0
BRDA:93,16,3,0
BRDA:93,16,4,0
BRDA:98,17,0,0
BRDA:98,17,1,0
BRDA:100,18,0,0
BRDA:100,18,1,0
BRDA:100,18,2,0
BRDA:100,18,3,0
BRDA:100,18,4,0
BRDA:101,19,0,0
BRDA:101,19,1,0
BRDA:101,19,2,0
BRDA:101,19,3,0
BRDA:101,19,4,0
BRDA:102,20,0,0
BRDA:102,20,1,0
BRDA:108,21,0,0
BRDA:108,21,1,0
BRDA:121,22,0,0
BRDA:121,22,1,0
BRDA:122,23,0,0
BRDA:122,23,1,0
BRDA:123,24,0,0
BRDA:123,24,1,0
BRDA:127,25,0,0
BRDA:127,25,1,0
BRDA:129,26,0,0
BRDA:129,26,1,0
BRDA:132,27,0,0
BRDA:132,27,1,0
BRDA:134,28,0,0
BRDA:134,28,1,0
BRDA:140,29,0,0
BRDA:140,29,1,0
BRDA:141,30,0,0
BRDA:141,30,1,0
BRDA:142,31,0,0
BRDA:142,31,1,0
BRDA:168,32,0,0
BRDA:168,32,1,0
BRDA:178,33,0,0
BRDA:178,33,1,0
BRDA:187,34,0,0
BRDA:187,34,1,0
BRDA:194,35,0,0
BRDA:194,35,1,0
BRDA:202,36,0,0
BRDA:202,36,1,0
BRDA:202,37,0,0
BRDA:202,37,1,0
BRDA:204,38,0,0
BRDA:204,38,1,0
BRF:93
BRH:0
end_of_record
TN:
SF:controllers\razorpayPaymentController.js
FN:23,(anonymous_0)
FN:156,(anonymous_1)
FN:284,(anonymous_2)
FN:394,(anonymous_3)
FN:522,(anonymous_4)
FN:553,(anonymous_5)
FN:583,(anonymous_6)
FN:647,(anonymous_7)
FN:710,(anonymous_8)
FN:774,(anonymous_9)
FN:837,(anonymous_10)
FN:917,(anonymous_11)
FN:1011,(anonymous_12)
FN:1106,(anonymous_13)
FNF:14
FNH:3
FNDA:15,(anonymous_0)
FNDA:6,(anonymous_1)
FNDA:1,(anonymous_2)
FNDA:0,(anonymous_3)
FNDA:0,(anonymous_4)
FNDA:0,(anonymous_5)
FNDA:0,(anonymous_6)
FNDA:0,(anonymous_7)
FNDA:0,(anonymous_8)
FNDA:0,(anonymous_9)
FNDA:0,(anonymous_10)
FNDA:0,(anonymous_11)
FNDA:0,(anonymous_12)
FNDA:0,(anonymous_13)
DA:2,1
DA:3,1
DA:4,1
DA:5,1
DA:6,1
DA:7,1
DA:8,1
DA:9,1
DA:16,1
DA:17,1
DA:23,1
DA:24,15
DA:25,15
DA:26,0
DA:29,15
DA:30,15
DA:32,15
DA:35,15
DA:36,5
DA:43,10
DA:44,10
DA:48,5
DA:50,5
DA:51,1
DA:57,4
DA:58,4
DA:61,4
DA:62,4
DA:63,4
DA:66,4
DA:68,4
DA:71,4
DA:72,4
DA:74,4
DA:82,4
DA:83,4
DA:86,4
DA:87,4
DA:91,4
DA:92,4
DA:93,4
DA:94,4
DA:95,4
DA:97,0
DA:101,4
DA:116,4
DA:117,4
DA:119,4
DA:126,4
DA:139,5
DA:144,5
DA:156,1
DA:157,6
DA:158,6
DA:160,6
DA:161,0
DA:162,0
DA:165,6
DA:167,6
DA:169,6
DA:170,0
DA:171,0
DA:178,6
DA:179,6
DA:181,6
DA:183,6
DA:184,4
DA:185,4
DA:192,2
DA:193,2
DA:195,2
DA:197,2
DA:198,0
DA:199,0
DA:205,2
DA:207,2
DA:208,0
DA:209,0
DA:216,2
DA:217,2
DA:218,2
DA:219,2
DA:220,2
DA:222,2
DA:223,2
DA:226,0
DA:227,0
DA:228,0
DA:229,0
DA:239,0
DA:244,0
DA:253,0
DA:255,0
DA:267,2
DA:272,2
DA:284,1
DA:285,1
DA:286,1
DA:287,0
DA:290,1
DA:291,1
DA:294,1
DA:295,1
DA:302,0
DA:303,0
DA:304,0
DA:311,0
DA:312,0
DA:313,0
DA:320,0
DA:321,0
DA:322,0
DA:325,0
DA:328,0
DA:329,0
DA:338,0
DA:341,0
DA:356,0
DA:358,0
DA:366,0
DA:381,0
DA:382,0
DA:394,1
DA:395,0
DA:396,0
DA:398,0
DA:399,0
DA:400,0
DA:403,0
DA:405,0
DA:407,0
DA:408,0
DA:409,0
DA:416,0
DA:417,0
DA:419,0
DA:421,0
DA:422,0
DA:423,0
DA:430,0
DA:431,0
DA:433,0
DA:435,0
DA:436,0
DA:437,0
DA:443,0
DA:445,0
DA:446,0
DA:447,0
DA:454,0
DA:455,0
DA:456,0
DA:457,0
DA:458,0
DA:460,0
DA:461,0
DA:464,0
DA:465,0
DA:466,0
DA:467,0
DA:477,0
DA:482,0
DA:491,0
DA:493,0
DA:506,0
DA:511,0
DA:522,1
DA:523,0
DA:524,0
DA:526,0
DA:532,0
DA:533,0
DA:536,0
DA:541,0
DA:542,0
DA:553,1
DA:554,0
DA:555,0
DA:557,0
DA:562,0
DA:563,0
DA:566,0
DA:571,0
DA:572,0
DA:583,1
DA:584,0
DA:585,0
DA:586,0
DA:589,0
DA:590,0
DA:591,0
DA:592,0
DA:593,0
DA:596,0
DA:604,0
DA:607,0
DA:608,0
DA:611,0
DA:612,0
DA:613,0
DA:618,0
DA:626,0
DA:635,0
DA:636,0
DA:647,1
DA:648,0
DA:649,0
DA:650,0
DA:653,0
DA:654,0
DA:655,0
DA:656,0
DA:657,0
DA:660,0
DA:667,0
DA:670,0
DA:671,0
DA:674,0
DA:675,0
DA:676,0
DA:681,0
DA:689,0
DA:698,0
DA:699,0
DA:710,1
DA:711,0
DA:712,0
DA:713,0
DA:716,0
DA:717,0
DA:718,0
DA:719,0
DA:720,0
DA:723,0
DA:731,0
DA:734,0
DA:735,0
DA:738,0
DA:739,0
DA:740,0
DA:745,0
DA:753,0
DA:762,0
DA:763,0
DA:774,1
DA:775,0
DA:776,0
DA:777,0
DA:780,0
DA:781,0
DA:782,0
DA:783,0
DA:784,0
DA:787,0
DA:794,0
DA:797,0
DA:798,0
DA:801,0
DA:802,0
DA:803,0
DA:808,0
DA:816,0
DA:825,0
DA:826,0
DA:837,1
DA:838,0
DA:840,0
DA:841,0
DA:844,0
DA:846,0
DA:847,0
DA:848,0
DA:849,0
DA:850,0
DA:851,0
DA:854,0
DA:863,0
DA:873,0
DA:876,0
DA:881,0
DA:886,0
DA:895,0
DA:904,0
DA:905,0
DA:917,1
DA:918,0
DA:919,0
DA:920,0
DA:923,0
DA:924,0
DA:926,0
DA:927,0
DA:933,0
DA:936,0
DA:938,0
DA:939,0
DA:946,0
DA:947,0
DA:954,0
DA:955,0
DA:962,0
DA:963,0
DA:965,0
DA:972,0
DA:981,0
DA:983,0
DA:995,0
DA:999,0
DA:1011,1
DA:1012,0
DA:1013,0
DA:1014,0
DA:1017,0
DA:1018,0
DA:1020,0
DA:1021,0
DA:1027,0
DA:1030,0
DA:1032,0
DA:1033,0
DA:1040,0
DA:1041,0
DA:1048,0
DA:1049,0
DA:1056,0
DA:1057,0
DA:1059,0
DA:1066,0
DA:1067,0
DA:1076,0
DA:1078,0
DA:1090,0
DA:1094,0
DA:1106,1
DA:1107,0
DA:1109,0
DA:1110,0
DA:1113,0
DA:1119,0
DA:1124,0
DA:1130,0
LF:341
LH:95
BRDA:25,0,0,0
BRDA:25,0,1,15
BRDA:25,1,0,15
BRDA:25,1,1,15
BRDA:35,2,0,5
BRDA:35,2,1,10
BRDA:35,3,0,15
BRDA:35,3,1,13
BRDA:35,3,2,11
BRDA:48,4,0,4
BRDA:48,4,1,1
BRDA:50,5,0,1
BRDA:50,5,1,4
BRDA:62,6,0,4
BRDA:62,6,1,0
BRDA:92,7,0,4
BRDA:92,7,1,0
BRDA:113,8,0,4
BRDA:113,8,1,0
BRDA:113,9,0,4
BRDA:113,9,1,0
BRDA:146,10,0,5
BRDA:146,10,1,0
BRDA:160,11,0,0
BRDA:160,11,1,6
BRDA:160,12,0,6
BRDA:160,12,1,6
BRDA:167,13,0,6
BRDA:167,13,1,0
BRDA:169,14,0,0
BRDA:169,14,1,6
BRDA:169,15,0,6
BRDA:169,15,1,6
BRDA:169,15,2,6
BRDA:183,16,0,4
BRDA:183,16,1,2
BRDA:195,17,0,2
BRDA:195,17,1,0
BRDA:197,18,0,0
BRDA:197,18,1,2
BRDA:207,19,0,0
BRDA:207,19,1,2
BRDA:226,20,0,0
BRDA:226,20,1,0
BRDA:228,21,0,0
BRDA:228,21,1,0
BRDA:286,22,0,0
BRDA:286,22,1,1
BRDA:286,23,0,1
BRDA:286,23,1,1
BRDA:294,24,0,1
BRDA:294,24,1,0
BRDA:294,25,0,1
BRDA:294,25,1,1
BRDA:294,25,2,1
BRDA:294,25,3,0
BRDA:294,25,4,0
BRDA:294,25,5,0
BRDA:294,25,6,0
BRDA:303,26,0,0
BRDA:303,26,1,0
BRDA:312,27,0,0
BRDA:312,27,1,0
BRDA:321,28,0,0
BRDA:321,28,1,0
BRDA:353,29,0,0
BRDA:353,29,1,0
BRDA:353,30,0,0
BRDA:353,30,1,0
BRDA:398,31,0,0
BRDA:398,31,1,0
BRDA:398,32,0,0
BRDA:398,32,1,0
BRDA:405,33,0,0
BRDA:405,33,1,0
BRDA:407,34,0,0
BRDA:407,34,1,0
BRDA:407,35,0,0
BRDA:407,35,1,0
BRDA:407,35,2,0
BRDA:421,36,0,0
BRDA:421,36,1,0
BRDA:433,37,0,0
BRDA:433,37,1,0
BRDA:435,38,0,0
BRDA:435,38,1,0
BRDA:445,39,0,0
BRDA:445,39,1,0
BRDA:464,40,0,0
BRDA:464,40,1,0
BRDA:466,41,0,0
BRDA:466,41,1,0
BRDA:532,42,0,0
BRDA:532,42,1,0
BRDA:562,43,0,0
BRDA:562,43,1,0
BRDA:585,44,0,0
BRDA:585,44,1,0
BRDA:585,45,0,0
BRDA:585,45,1,0
BRDA:590,46,0,0
BRDA:590,47,0,0
BRDA:590,48,0,0
BRDA:620,49,0,0
BRDA:620,49,1,0
BRDA:649,50,0,0
BRDA:649,50,1,0
BRDA:649,51,0,0
BRDA:649,51,1,0
BRDA:654,52,0,0
BRDA:654,53,0,0
BRDA:654,54,0,0
BRDA:683,55,0,0
BRDA:683,55,1,0
BRDA:712,56,0,0
BRDA:712,56,1,0
BRDA:712,57,0,0
BRDA:712,57,1,0
BRDA:717,58,0,0
BRDA:717,59,0,0
BRDA:717,60,0,0
BRDA:747,61,0,0
BRDA:747,61,1,0
BRDA:776,62,0,0
BRDA:776,62,1,0
BRDA:776,63,0,0
BRDA:776,63,1,0
BRDA:781,64,0,0
BRDA:781,65,0,0
BRDA:781,66,0,0
BRDA:810,67,0,0
BRDA:810,67,1,0
BRDA:840,68,0,0
BRDA:840,68,1,0
BRDA:840,69,0,0
BRDA:840,69,1,0
BRDA:840,69,2,0
BRDA:844,70,0,0
BRDA:844,71,0,0
BRDA:847,72,0,0
BRDA:847,72,1,0
BRDA:848,73,0,0
BRDA:848,73,1,0
BRDA:850,74,0,0
BRDA:850,74,1,0
BRDA:864,75,0,0
BRDA:864,75,1,0
BRDA:873,76,0,0
BRDA:873,76,1,0
BRDA:887,77,0,0
BRDA:887,77,1,0
BRDA:888,78,0,0
BRDA:888,78,1,0
BRDA:889,79,0,0
BRDA:889,79,1,0
BRDA:890,80,0,0
BRDA:890,80,1,0
BRDA:891,81,0,0
BRDA:891,81,1,0
BRDA:891,82,0,0
BRDA:891,82,1,0
BRDA:892,83,0,0
BRDA:892,83,1,0
BRDA:892,84,0,0
BRDA:892,84,1,0
BRDA:919,85,0,0
BRDA:919,85,1,0
BRDA:919,86,0,0
BRDA:919,86,1,0
BRDA:926,87,0,0
BRDA:926,87,1,0
BRDA:938,88,0,0
BRDA:938,88,1,0
BRDA:946,89,0,0
BRDA:946,89,1,0
BRDA:954,90,0,0
BRDA:954,90,1,0
BRDA:1013,91,0,0
BRDA:1013,91,1,0
BRDA:1013,92,0,0
BRDA:1013,92,1,0
BRDA:1020,93,0,0
BRDA:1020,93,1,0
BRDA:1032,94,0,0
BRDA:1032,94,1,0
BRDA:1040,95,0,0
BRDA:1040,95,1,0
BRDA:1048,96,0,0
BRDA:1048,96,1,0
BRF:189
BRH:37
end_of_record
TN:
SF:controllers\razorpayWebhookController.js
FN:14,(anonymous_0)
FN:70,handlePaymentAuthorized
FN:114,handlePaymentCaptured
FN:158,handlePaymentFailed
FN:200,handleRefundCreated
FN:247,handleRefundProcessed
FN:287,sendPaymentNotification
FN:323,sendWorkerPaymentNotification
FN:359,sendFailureNotification
FN:379,sendRefundNotification
FNF:10
FNH:0
FNDA:0,(anonymous_0)
FNDA:0,handlePaymentAuthorized
FNDA:0,handlePaymentCaptured
FNDA:0,handlePaymentFailed
FNDA:0,handleRefundCreated
FNDA:0,handleRefundProcessed
FNDA:0,sendPaymentNotification
FNDA:0,sendWorkerPaymentNotification
FNDA:0,sendFailureNotification
FNDA:0,sendRefundNotification
DA:2,0
DA:3,0
DA:4,0
DA:5,0
DA:6,0
DA:7,0
DA:8,0
DA:14,0
DA:15,0
DA:16,0
DA:17,0
DA:19,0
DA:22,0
DA:24,0
DA:25,0
DA:26,0
DA:29,0
DA:31,0
DA:33,0
DA:35,0
DA:36,0
DA:39,0
DA:40,0
DA:43,0
DA:44,0
DA:47,0
DA:48,0
DA:51,0
DA:52,0
DA:55,0
DA:59,0
DA:61,0
DA:63,0
DA:71,0
DA:72,0
DA:73,0
DA:75,0
DA:76,0
DA:78,0
DA:81,0
DA:83,0
DA:84,0
DA:85,0
DA:86,0
DA:89,0
DA:90,0
DA:91,0
DA:95,0
DA:97,0
DA:98,0
DA:99,0
DA:100,0
DA:103,0
DA:104,0
DA:107,0
DA:115,0
DA:116,0
DA:117,0
DA:119,0
DA:120,0
DA:122,0
DA:125,0
DA:127,0
DA:128,0
DA:129,0
DA:130,0
DA:131,0
DA:133,0
DA:134,0
DA:135,0
DA:139,0
DA:141,0
DA:142,0
DA:143,0
DA:144,0
DA:145,0
DA:147,0
DA:148,0
DA:151,0
DA:159,0
DA:160,0
DA:161,0
DA:163,0
DA:164,0
DA:166,0
DA:169,0
DA:171,0
DA:172,0
DA:173,0
DA:174,0
DA:176,0
DA:177,0
DA:178,0
DA:182,0
DA:184,0
DA:185,0
DA:186,0
DA:187,0
DA:189,0
DA:190,0
DA:193,0
DA:201,0
DA:202,0
DA:203,0
DA:205,0
DA:206,0
DA:207,0
DA:209,0
DA:212,0
DA:214,0
DA:215,0
DA:216,0
DA:217,0
DA:218,0
DA:219,0
DA:221,0
DA:222,0
DA:223,0
DA:227,0
DA:229,0
DA:230,0
DA:231,0
DA:232,0
DA:233,0
DA:234,0
DA:236,0
DA:237,0
DA:240,0
DA:248,0
DA:249,0
DA:250,0
DA:252,0
DA:253,0
DA:255,0
DA:258,0
DA:260,0
DA:261,0
DA:262,0
DA:263,0
DA:265,0
DA:266,0
DA:270,0
DA:272,0
DA:273,0
DA:274,0
DA:275,0
DA:277,0
DA:280,0
DA:288,0
DA:290,0
DA:291,0
DA:301,0
DA:305,0
DA:314,0
DA:316,0
DA:324,0
DA:326,0
DA:327,0
DA:337,0
DA:341,0
DA:350,0
DA:352,0
DA:360,0
DA:361,0
DA:370,0
DA:372,0
DA:380,0
DA:381,0
DA:390,0
DA:392,0
LF:170
LH:0
BRDA:24,0,0,0
BRDA:24,0,1,0
BRDA:33,1,0,0
BRDA:33,1,1,0
BRDA:33,1,2,0
BRDA:33,1,3,0
BRDA:33,1,4,0
BRDA:33,1,5,0
BRDA:73,2,0,0
BRDA:73,2,1,0
BRDA:83,3,0,0
BRDA:83,3,1,0
BRDA:97,4,0,0
BRDA:97,4,1,0
BRDA:117,5,0,0
BRDA:117,5,1,0
BRDA:127,6,0,0
BRDA:127,6,1,0
BRDA:141,7,0,0
BRDA:141,7,1,0
BRDA:161,8,0,0
BRDA:161,8,1,0
BRDA:171,9,0,0
BRDA:171,9,1,0
BRDA:184,10,0,0
BRDA:184,10,1,0
BRDA:203,11,0,0
BRDA:203,11,1,0
BRDA:214,12,0,0
BRDA:214,12,1,0
BRDA:229,13,0,0
BRDA:229,13,1,0
BRDA:250,14,0,0
BRDA:250,14,1,0
BRDA:260,15,0,0
BRDA:260,15,1,0
BRDA:272,16,0,0
BRDA:272,16,1,0
BRDA:290,17,0,0
BRDA:290,17,1,0
BRDA:309,18,0,0
BRDA:309,18,1,0
BRDA:326,19,0,0
BRDA:326,19,1,0
BRDA:345,20,0,0
BRDA:345,20,1,0
BRDA:366,21,0,0
BRDA:366,21,1,0
BRF:48
BRH:0
end_of_record
TN:
SF:controllers\sample_controller.js
FNF:0
FNH:0
LF:0
LH:0
BRF:0
BRH:0
end_of_record
TN:
SF:controllers\superadminController.js
FN:16,(anonymous_0)
FNF:1
FNH:0
FNDA:0,(anonymous_0)
DA:2,0
DA:3,0
DA:4,0
DA:5,0
DA:6,0
DA:7,0
DA:8,0
DA:16,0
DA:17,0
DA:18,0
DA:21,0
DA:22,0
DA:23,0
DA:24,0
DA:37,0
DA:50,0
DA:82,0
DA:93,0
DA:116,0
DA:117,0
DA:118,0
DA:119,0
DA:120,0
DA:122,0
DA:144,0
DA:145,0
DA:147,0
DA:157,0
DA:158,0
LF:29
LH:0
BRDA:116,0,0,0
BRDA:116,0,1,0
BRDA:117,1,0,0
BRDA:117,1,1,0
BRDA:118,2,0,0
BRDA:118,2,1,0
BRDA:119,3,0,0
BRDA:119,3,1,0
BRDA:120,4,0,0
BRDA:120,4,1,0
BRDA:140,5,0,0
BRDA:140,5,1,0
BRF:12
BRH:0
end_of_record
TN:
SF:controllers\superadminauditController.js
FN:6,(anonymous_0)
FN:15,(anonymous_1)
FNF:2
FNH:0
FNDA:0,(anonymous_0)
FNDA:0,(anonymous_1)
DA:4,0
DA:6,0
DA:7,0
DA:9,0
DA:15,0
DA:24,0
DA:29,0
DA:30,0
LF:8
LH:0
BRDA:20,0,0,0
BRDA:20,0,1,0
BRF:2
BRH:0
end_of_record
TN:
SF:controllers\superadminexecutivesController.js
FN:4,(anonymous_0)
FN:11,(anonymous_1)
FN:36,(anonymous_2)
FN:95,(anonymous_3)
FN:118,(anonymous_4)
FNF:5
FNH:0
FNDA:0,(anonymous_0)
FNDA:0,(anonymous_1)
FNDA:0,(anonymous_2)
FNDA:0,(anonymous_3)
FNDA:0,(anonymous_4)
DA:2,0
DA:4,0
DA:5,0
DA:6,0
DA:11,0
DA:12,0
DA:13,0
DA:14,0
DA:16,0
DA:19,0
DA:22,0
DA:27,0
DA:28,0
DA:36,0
DA:37,0
DA:38,0
DA:40,0
DA:41,0
DA:48,0
DA:50,0
DA:51,0
DA:52,0
DA:58,0
DA:69,0
DA:71,0
DA:85,0
DA:86,0
DA:95,0
DA:96,0
DA:97,0
DA:98,0
DA:99,0
DA:100,0
DA:102,0
DA:107,0
DA:108,0
DA:110,0
DA:112,0
DA:113,0
DA:118,0
DA:119,0
DA:120,0
DA:121,0
DA:122,0
DA:123,0
DA:125,0
DA:127,0
DA:128,0
LF:48
LH:0
BRDA:12,0,0,0
BRDA:12,0,1,0
BRDA:14,1,0,0
BRDA:14,1,1,0
BRDA:14,2,0,0
BRDA:14,2,1,0
BRDA:38,3,0,0
BRDA:40,4,0,0
BRDA:40,4,1,0
BRDA:40,5,0,0
BRDA:40,5,1,0
BRDA:40,5,2,0
BRDA:51,6,0,0
BRDA:51,6,1,0
BRDA:99,7,0,0
BRDA:99,7,1,0
BRDA:107,8,0,0
BRDA:107,8,1,0
BRDA:122,9,0,0
BRDA:122,9,1,0
BRF:20
BRH:0
end_of_record
TN:
SF:controllers\superadminfinancialController.js
FN:7,(anonymous_0)
FN:19,(anonymous_1)
FN:28,(anonymous_2)
FN:75,(anonymous_3)
FN:96,(anonymous_4)
FNF:5
FNH:0
FNDA:0,(anonymous_0)
FNDA:0,(anonymous_1)
FNDA:0,(anonymous_2)
FNDA:0,(anonymous_3)
FNDA:0,(anonymous_4)
DA:2,0
DA:3,0
DA:4,0
DA:5,0
DA:7,0
DA:8,0
DA:9,0
DA:19,0
DA:20,0
DA:21,0
DA:22,0
DA:23,0
DA:26,0
DA:30,0
DA:32,0
DA:33,0
DA:35,0
DA:36,0
DA:37,0
DA:39,0
DA:40,0
DA:42,0
DA:43,0
DA:46,0
DA:76,0
DA:77,0
DA:81,0
DA:84,0
DA:85,0
DA:86,0
DA:88,0
DA:89,0
DA:90,0
DA:92,0
DA:93,0
DA:96,0
DA:102,0
DA:103,0
DA:109,0
DA:111,0
DA:123,0
DA:124,0
DA:127,0
DA:141,0
DA:142,0
LF:45
LH:0
BRDA:21,0,0,0
BRDA:35,1,0,0
BRDA:35,1,1,0
BRDA:36,2,0,0
BRDA:36,2,1,0
BRDA:37,3,0,0
BRDA:37,3,1,0
BRDA:85,4,0,0
BRDA:85,4,1,0
BRDA:89,5,0,0
BRDA:89,5,1,0
BRDA:93,6,0,0
BRDA:93,6,1,0
BRDA:123,7,0,0
BRDA:123,7,1,0
BRDA:135,8,0,0
BRDA:135,8,1,0
BRF:17
BRH:0
end_of_record
TN:
SF:controllers\superadminownerController.js
FN:16,(anonymous_0)
FN:28,(anonymous_1)
FN:29,(anonymous_2)
FN:31,(anonymous_3)
FN:46,(anonymous_4)
FN:50,(anonymous_5)
FN:51,(anonymous_6)
FNF:7
FNH:0
FNDA:0,(anonymous_0)
FNDA:0,(anonymous_1)
FNDA:0,(anonymous_2)
FNDA:0,(anonymous_3)
FNDA:0,(anonymous_4)
FNDA:0,(anonymous_5)
FNDA:0,(anonymous_6)
DA:2,0
DA:3,0
DA:4,0
DA:5,0
DA:6,0
DA:7,0
DA:8,0
DA:16,0
DA:17,0
DA:18,0
DA:19,0
DA:20,0
DA:23,0
DA:24,0
DA:25,0
DA:28,0
DA:29,0
DA:30,0
DA:31,0
DA:32,0
DA:35,0
DA:46,0
DA:50,0
DA:51,0
DA:52,0
DA:54,0
DA:71,0
DA:73,0
DA:83,0
DA:84,0
LF:30
LH:0
BRDA:29,0,0,0
BRDA:29,0,1,0
BRDA:31,1,0,0
BRDA:31,1,1,0
BRDA:32,2,0,0
BRDA:32,2,1,0
BRDA:32,3,0,0
BRDA:32,3,1,0
BRDA:37,4,0,0
BRDA:37,4,1,0
BRDA:38,5,0,0
BRDA:38,5,1,0
BRDA:39,6,0,0
BRDA:39,6,1,0
BRDA:39,6,2,0
BRDA:41,7,0,0
BRDA:41,7,1,0
BRDA:44,8,0,0
BRDA:44,8,1,0
BRDA:45,9,0,0
BRDA:45,9,1,0
BRDA:46,10,0,0
BRDA:46,10,1,0
BRDA:46,11,0,0
BRDA:46,11,1,0
BRDA:50,12,0,0
BRDA:50,12,1,0
BRDA:51,13,0,0
BRDA:51,13,1,0
BRDA:52,14,0,0
BRDA:52,14,1,0
BRDA:52,14,2,0
BRDA:52,15,0,0
BRDA:52,15,1,0
BRDA:52,16,0,0
BRDA:52,16,1,0
BRF:36
BRH:0
end_of_record
TN:
SF:controllers\superadminsettingsController.js
FN:7,loadSettings
FN:25,(anonymous_1)
FN:41,(anonymous_2)
FNF:3
FNH:0
FNDA:0,loadSettings
FNDA:0,(anonymous_1)
FNDA:0,(anonymous_2)
DA:3,0
DA:5,0
DA:8,0
DA:9,0
DA:10,0
DA:11,0
DA:18,0
DA:19,0
DA:23,0
DA:25,0
DA:26,0
DA:27,0
DA:28,0
DA:33,0
DA:41,0
DA:42,0
DA:43,0
DA:45,0
DA:46,0
DA:47,0
DA:48,0
DA:53,0
DA:55,0
DA:56,0
DA:58,0
DA:59,0
DA:62,0
DA:68,0
DA:70,0
DA:76,0
DA:77,0
LF:31
LH:0
BRDA:8,0,0,0
BRDA:8,0,1,0
BRDA:10,1,0,0
BRDA:10,1,1,0
BRDA:46,2,0,0
BRDA:46,2,1,0
BRDA:47,3,0,0
BRDA:47,3,1,0
BRDA:47,4,0,0
BRDA:47,4,1,0
BRDA:47,4,2,0
BRDA:55,5,0,0
BRDA:55,5,1,0
BRDA:58,6,0,0
BRDA:58,6,1,0
BRF:15
BRH:0
end_of_record
TN:
SF:controllers\superadmintenantPaymentController.js
FN:5,(anonymous_0)
FN:78,(anonymous_1)
FN:93,(anonymous_2)
FNF:3
FNH:0
FNDA:0,(anonymous_0)
FNDA:0,(anonymous_1)
FNDA:0,(anonymous_2)
DA:2,0
DA:3,0
DA:5,0
DA:6,0
DA:7,0
DA:10,0
DA:13,0
DA:14,0
DA:18,0
DA:19,0
DA:22,0
DA:46,0
DA:47,0
DA:50,0
DA:53,0
DA:57,0
DA:58,0
DA:61,0
DA:75,0
DA:76,0
DA:77,0
DA:78,0
DA:79,0
DA:80,0
DA:81,0
DA:82,0
DA:87,0
DA:88,0
DA:89,0
DA:90,0
DA:93,0
DA:94,0
DA:96,0
DA:102,0
DA:137,0
DA:156,0
DA:157,0
LF:37
LH:0
BRDA:7,0,0,0
BRDA:7,1,0,0
BRDA:14,2,0,0
BRDA:14,2,1,0
BRDA:46,3,0,0
BRDA:46,3,1,0
BRDA:47,4,0,0
BRDA:47,4,1,0
BRDA:50,5,0,0
BRDA:50,5,1,0
BRDA:53,6,0,0
BRDA:53,6,1,0
BRDA:58,7,0,0
BRDA:58,7,1,0
BRDA:58,8,0,0
BRDA:58,8,1,0
BRDA:76,9,0,0
BRDA:76,9,1,0
BRDA:76,10,0,0
BRDA:76,10,1,0
BRDA:79,11,0,0
BRDA:79,11,1,0
BRDA:79,12,0,0
BRDA:79,12,1,0
BRDA:80,13,0,0
BRDA:80,13,1,0
BRDA:81,14,0,0
BRDA:81,14,1,0
BRDA:81,15,0,0
BRDA:81,15,1,0
BRDA:82,16,0,0
BRDA:82,16,1,0
BRDA:82,16,2,0
BRDA:96,17,0,0
BRDA:96,17,1,0
BRDA:96,18,0,0
BRDA:96,18,1,0
BRDA:98,19,0,0
BRDA:98,19,1,0
BRDA:104,20,0,0
BRDA:104,20,1,0
BRDA:107,21,0,0
BRDA:107,21,1,0
BRDA:107,22,0,0
BRDA:107,22,1,0
BRDA:108,23,0,0
BRDA:108,23,1,0
BRDA:109,24,0,0
BRDA:109,24,1,0
BRDA:111,25,0,0
BRDA:111,25,1,0
BRDA:112,26,0,0
BRDA:112,26,1,0
BRDA:115,27,0,0
BRDA:115,27,1,0
BRDA:116,28,0,0
BRDA:116,28,1,0
BRDA:116,28,2,0
BRDA:119,29,0,0
BRDA:119,29,1,0
BRDA:122,30,0,0
BRDA:122,30,1,0
BRDA:122,31,0,0
BRDA:122,31,1,0
BRDA:123,32,0,0
BRDA:123,32,1,0
BRDA:126,33,0,0
BRDA:126,33,1,0
BRDA:129,34,0,0
BRDA:129,34,1,0
BRDA:129,34,2,0
BRDA:130,35,0,0
BRDA:130,35,1,0
BRDA:131,36,0,0
BRDA:131,36,1,0
BRDA:132,37,0,0
BRDA:132,37,1,0
BRDA:133,38,0,0
BRDA:133,38,1,0
BRF:79
BRH:0
end_of_record
TN:
SF:controllers\superadminworkerController.js
FN:7,(anonymous_0)
FN:17,(anonymous_1)
FN:55,(anonymous_2)
FNF:3
FNH:0
FNDA:0,(anonymous_0)
FNDA:0,(anonymous_1)
FNDA:0,(anonymous_2)
DA:2,0
DA:3,0
DA:4,0
DA:5,0
DA:7,0
DA:8,0
DA:9,0
DA:13,0
DA:14,0
DA:16,0
DA:18,0
DA:22,0
DA:24,0
DA:37,0
DA:39,0
DA:45,0
DA:54,0
DA:56,0
DA:57,0
DA:59,0
DA:67,0
DA:82,0
DA:99,0
DA:101,0
DA:102,0
LF:25
LH:0
BRDA:22,0,0,0
BRDA:22,0,1,0
BRDA:37,1,0,0
BRDA:37,1,1,0
BRDA:57,2,0,0
BRDA:57,2,1,0
BRDA:70,3,0,0
BRDA:70,3,1,0
BRDA:71,4,0,0
BRDA:71,4,1,0
BRDA:73,5,0,0
BRDA:73,5,1,0
BRDA:75,6,0,0
BRDA:75,6,1,0
BRDA:76,7,0,0
BRDA:76,7,1,0
BRDA:77,8,0,0
BRDA:77,8,1,0
BRDA:77,8,2,0
BRF:19
BRH:0
end_of_record
TN:
SF:controllers\tenantController.js
FN:2,(anonymous_0)
FN:29,(anonymous_1)
FN:75,(anonymous_2)
FN:173,(anonymous_3)
FN:199,(anonymous_4)
FN:227,(anonymous_5)
FN:240,(anonymous_6)
FN:272,(anonymous_7)
FN:322,(anonymous_8)
FN:324,(anonymous_9)
FN:326,(anonymous_10)
FN:328,(anonymous_11)
FN:334,(anonymous_12)
FN:352,(anonymous_13)
FN:371,(anonymous_14)
FN:378,(anonymous_15)
FN:379,(anonymous_16)
FN:380,(anonymous_17)
FN:382,(anonymous_18)
FN:448,(anonymous_19)
FN:507,(anonymous_20)
FN:564,(anonymous_21)
FN:622,(anonymous_22)
FN:644,(anonymous_23)
FN:738,(anonymous_24)
FN:802,(anonymous_25)
FN:891,(anonymous_26)
FN:1005,(anonymous_27)
FN:1072,(anonymous_28)
FN:1123,(anonymous_29)
FN:1258,(anonymous_30)
FN:1315,(anonymous_31)
FN:1425,(anonymous_32)
FN:1477,(anonymous_33)
FN:1518,(anonymous_34)
FN:1527,(anonymous_35)
FN:1602,(anonymous_36)
FN:1625,(anonymous_37)
FN:1645,(anonymous_38)
FNF:39
FNH:0
FNDA:0,(anonymous_0)
FNDA:0,(anonymous_1)
FNDA:0,(anonymous_2)
FNDA:0,(anonymous_3)
FNDA:0,(anonymous_4)
FNDA:0,(anonymous_5)
FNDA:0,(anonymous_6)
FNDA:0,(anonymous_7)
FNDA:0,(anonymous_8)
FNDA:0,(anonymous_9)
FNDA:0,(anonymous_10)
FNDA:0,(anonymous_11)
FNDA:0,(anonymous_12)
FNDA:0,(anonymous_13)
FNDA:0,(anonymous_14)
FNDA:0,(anonymous_15)
FNDA:0,(anonymous_16)
FNDA:0,(anonymous_17)
FNDA:0,(anonymous_18)
FNDA:0,(anonymous_19)
FNDA:0,(anonymous_20)
FNDA:0,(anonymous_21)
FNDA:0,(anonymous_22)
FNDA:0,(anonymous_23)
FNDA:0,(anonymous_24)
FNDA:0,(anonymous_25)
FNDA:0,(anonymous_26)
FNDA:0,(anonymous_27)
FNDA:0,(anonymous_28)
FNDA:0,(anonymous_29)
FNDA:0,(anonymous_30)
FNDA:0,(anonymous_31)
FNDA:0,(anonymous_32)
FNDA:0,(anonymous_33)
FNDA:0,(anonymous_34)
FNDA:0,(anonymous_35)
FNDA:0,(anonymous_36)
FNDA:0,(anonymous_37)
FNDA:0,(anonymous_38)
DA:2,0
DA:3,0
DA:4,0
DA:5,0
DA:7,0
DA:8,0
DA:9,0
DA:10,0
DA:12,0
DA:13,0
DA:14,0
DA:15,0
DA:17,0
DA:18,0
DA:20,0
DA:21,0
DA:22,0
DA:24,0
DA:25,0
DA:29,0
DA:30,0
DA:31,0
DA:32,0
DA:34,0
DA:35,0
DA:36,0
DA:38,0
DA:39,0
DA:40,0
DA:42,0
DA:43,0
DA:45,0
DA:46,0
DA:47,0
DA:48,0
DA:50,0
DA:51,0
DA:54,0
DA:55,0
DA:56,0
DA:57,0
DA:58,0
DA:59,0
DA:60,0
DA:61,0
DA:62,0
DA:63,0
DA:64,0
DA:65,0
DA:66,0
DA:67,0
DA:68,0
DA:69,0
DA:75,0
DA:76,0
DA:77,0
DA:78,0
DA:79,0
DA:81,0
DA:82,0
DA:84,0
DA:97,0
DA:98,0
DA:99,0
DA:105,0
DA:106,0
DA:107,0
DA:111,0
DA:115,0
DA:118,0
DA:120,0
DA:121,0
DA:122,0
DA:125,0
DA:129,0
DA:134,0
DA:139,0
DA:146,0
DA:150,0
DA:152,0
DA:158,0
DA:165,0
DA:166,0
DA:173,0
DA:187,0
DA:199,0
DA:212,0
DA:213,0
DA:227,0
DA:228,0
DA:229,0
DA:230,0
DA:233,0
DA:234,0
DA:235,0
DA:238,0
DA:242,0
DA:243,0
DA:246,0
DA:247,0
DA:249,0
DA:250,0
DA:253,0
DA:254,0
DA:257,0
DA:267,0
DA:268,0
DA:270,0
DA:271,0
DA:272,0
DA:273,0
DA:274,0
DA:275,0
DA:278,0
DA:284,0
DA:285,0
DA:290,0
DA:296,0
DA:301,0
DA:302,0
DA:308,0
DA:309,0
DA:310,0
DA:311,0
DA:321,0
DA:322,0
DA:323,0
DA:324,0
DA:326,0
DA:327,0
DA:328,0
DA:331,0
DA:334,0
DA:346,0
DA:347,0
DA:352,0
DA:367,0
DA:368,0
DA:370,0
DA:371,0
DA:372,0
DA:373,0
DA:378,0
DA:379,0
DA:380,0
DA:382,0
DA:383,0
DA:384,0
DA:385,0
DA:388,0
DA:398,0
DA:400,0
DA:421,0
DA:422,0
DA:428,0
DA:442,0
DA:443,0
DA:448,0
DA:449,0
DA:450,0
DA:451,0
DA:452,0
DA:456,0
DA:457,0
DA:458,0
DA:465,0
DA:466,0
DA:467,0
DA:468,0
DA:473,0
DA:483,0
DA:485,0
DA:489,0
DA:493,0
DA:499,0
DA:500,0
DA:507,0
DA:508,0
DA:509,0
DA:510,0
DA:511,0
DA:515,0
DA:516,0
DA:517,0
DA:523,0
DA:524,0
DA:525,0
DA:526,0
DA:531,0
DA:540,0
DA:542,0
DA:546,0
DA:550,0
DA:556,0
DA:557,0
DA:564,0
DA:565,0
DA:566,0
DA:567,0
DA:568,0
DA:572,0
DA:573,0
DA:574,0
DA:580,0
DA:581,0
DA:582,0
DA:583,0
DA:588,0
DA:593,0
DA:594,0
DA:595,0
DA:596,0
DA:597,0
DA:599,0
DA:606,0
DA:614,0
DA:616,0
DA:620,0
DA:622,0
DA:625,0
DA:630,0
DA:636,0
DA:637,0
DA:644,0
DA:645,0
DA:646,0
DA:647,0
DA:648,0
DA:652,0
DA:653,0
DA:654,0
DA:663,0
DA:664,0
DA:665,0
DA:670,0
DA:671,0
DA:672,0
DA:678,0
DA:682,0
DA:683,0
DA:684,0
DA:690,0
DA:691,0
DA:692,0
DA:693,0
DA:694,0
DA:695,0
DA:697,0
DA:698,0
DA:704,0
DA:705,0
DA:706,0
DA:713,0
DA:718,0
DA:730,0
DA:731,0
DA:738,0
DA:739,0
DA:740,0
DA:741,0
DA:742,0
DA:746,0
DA:747,0
DA:748,0
DA:754,0
DA:755,0
DA:756,0
DA:761,0
DA:762,0
DA:763,0
DA:769,0
DA:770,0
DA:771,0
DA:772,0
DA:778,0
DA:779,0
DA:780,0
DA:785,0
DA:786,0
DA:788,0
DA:789,0
DA:794,0
DA:795,0
DA:802,0
DA:803,0
DA:804,0
DA:805,0
DA:806,0
DA:816,0
DA:817,0
DA:818,0
DA:831,0
DA:832,0
DA:833,0
DA:835,0
DA:836,0
DA:838,0
DA:839,0
DA:841,0
DA:842,0
DA:844,0
DA:845,0
DA:847,0
DA:851,0
DA:857,0
DA:858,0
DA:859,0
DA:866,0
DA:871,0
DA:883,0
DA:884,0
DA:891,0
DA:892,0
DA:893,0
DA:894,0
DA:895,0
DA:896,0
DA:898,0
DA:899,0
DA:905,0
DA:908,0
DA:909,0
DA:910,0
DA:913,0
DA:914,0
DA:915,0
DA:919,0
DA:920,0
DA:921,0
DA:925,0
DA:926,0
DA:927,0
DA:933,0
DA:934,0
DA:935,0
DA:936,0
DA:942,0
DA:943,0
DA:944,0
DA:945,0
DA:950,0
DA:951,0
DA:952,0
DA:953,0
DA:958,0
DA:962,0
DA:963,0
DA:969,0
DA:974,0
DA:975,0
DA:979,0
DA:980,0
DA:986,0
DA:993,0
DA:998,0
DA:1005,0
DA:1006,0
DA:1007,0
DA:1008,0
DA:1009,0
DA:1013,0
DA:1014,0
DA:1015,0
DA:1020,0
DA:1021,0
DA:1022,0
DA:1026,0
DA:1027,0
DA:1028,0
DA:1034,0
DA:1040,0
DA:1041,0
DA:1045,0
DA:1051,0
DA:1056,0
DA:1065,0
DA:1066,0
DA:1072,0
DA:1073,0
DA:1074,0
DA:1075,0
DA:1076,0
DA:1080,0
DA:1081,0
DA:1083,0
DA:1084,0
DA:1085,0
DA:1086,0
DA:1091,0
DA:1092,0
DA:1093,0
DA:1100,0
DA:1101,0
DA:1102,0
DA:1109,0
DA:1110,0
DA:1116,0
DA:1117,0
DA:1123,0
DA:1124,0
DA:1125,0
DA:1126,0
DA:1127,0
DA:1131,0
DA:1132,0
DA:1133,0
DA:1140,0
DA:1141,0
DA:1142,0
DA:1147,0
DA:1148,0
DA:1149,0
DA:1155,0
DA:1156,0
DA:1157,0
DA:1158,0
DA:1164,0
DA:1165,0
DA:1166,0
DA:1173,0
DA:1174,0
DA:1179,0
DA:1187,0
DA:1188,0
DA:1189,0
DA:1190,0
DA:1192,0
DA:1206,0
DA:1209,0
DA:1214,0
DA:1222,0
DA:1228,0
DA:1229,0
DA:1230,0
DA:1231,0
DA:1232,0
DA:1233,0
DA:1234,0
DA:1237,0
DA:1238,0
DA:1251,0
DA:1252,0
DA:1258,0
DA:1259,0
DA:1260,0
DA:1261,0
DA:1262,0
DA:1266,0
DA:1267,0
DA:1270,0
DA:1271,0
DA:1274,0
DA:1278,0
DA:1280,0
DA:1281,0
DA:1282,0
DA:1290,0
DA:1291,0
DA:1292,0
DA:1300,0
DA:1301,0
DA:1308,0
DA:1309,0
DA:1315,0
DA:1316,0
DA:1317,0
DA:1318,0
DA:1319,0
DA:1323,0
DA:1324,0
DA:1325,0
DA:1328,0
DA:1329,0
DA:1330,0
DA:1336,0
DA:1337,0
DA:1338,0
DA:1339,0
DA:1345,0
DA:1346,0
DA:1347,0
DA:1353,0
DA:1354,0
DA:1355,0
DA:1356,0
DA:1363,0
DA:1367,0
DA:1368,0
DA:1369,0
DA:1376,0
DA:1377,0
DA:1378,0
DA:1379,0
DA:1380,0
DA:1381,0
DA:1385,0
DA:1388,0
DA:1389,0
DA:1395,0
DA:1398,0
DA:1399,0
DA:1405,0
DA:1409,0
DA:1411,0
DA:1412,0
DA:1417,0
DA:1418,0
DA:1425,0
DA:1426,0
DA:1427,0
DA:1428,0
DA:1432,0
DA:1433,0
DA:1434,0
DA:1435,0
DA:1439,0
DA:1440,0
DA:1444,0
DA:1445,0
DA:1446,0
DA:1447,0
DA:1448,0
DA:1452,0
DA:1463,0
DA:1464,0
DA:1470,0
DA:1471,0
DA:1477,0
DA:1478,0
DA:1479,0
DA:1480,0
DA:1485,0
DA:1486,0
DA:1487,0
DA:1488,0
DA:1493,0
DA:1494,0
DA:1495,0
DA:1501,0
DA:1502,0
DA:1509,0
DA:1510,0
DA:1515,0
DA:1518,0
DA:1521,0
DA:1522,0
DA:1527,0
DA:1531,0
DA:1532,0
DA:1533,0
DA:1538,0
DA:1539,0
DA:1548,0
DA:1550,0
DA:1567,0
DA:1568,0
DA:1569,0
DA:1570,0
DA:1573,0
DA:1576,0
DA:1583,0
DA:1590,0
DA:1595,0
DA:1602,0
DA:1603,0
DA:1604,0
DA:1605,0
DA:1606,0
DA:1607,0
DA:1611,0
DA:1612,0
DA:1618,0
DA:1620,0
DA:1625,0
DA:1626,0
DA:1627,0
DA:1628,0
DA:1630,0
DA:1631,0
DA:1636,0
DA:1639,0
DA:1645,0
DA:1647,0
DA:1652,0
DA:1653,0
LF:585
LH:0
BRDA:4,0,0,0
BRDA:4,0,1,0
BRDA:4,1,0,0
BRDA:4,1,1,0
BRDA:9,2,0,0
BRDA:9,2,1,0
BRDA:9,3,0,0
BRDA:9,3,1,0
BRDA:14,4,0,0
BRDA:14,4,1,0
BRDA:17,5,0,0
BRDA:17,5,1,0
BRDA:31,6,0,0
BRDA:31,6,1,0
BRDA:31,7,0,0
BRDA:31,7,1,0
BRDA:35,8,0,0
BRDA:35,8,1,0
BRDA:35,9,0,0
BRDA:35,9,1,0
BRDA:39,10,0,0
BRDA:39,10,1,0
BRDA:42,11,0,0
BRDA:42,11,1,0
BRDA:77,12,0,0
BRDA:77,12,1,0
BRDA:77,13,0,0
BRDA:77,13,1,0
BRDA:97,14,0,0
BRDA:97,14,1,0
BRDA:106,15,0,0
BRDA:106,15,1,0
BRDA:106,16,0,0
BRDA:106,16,1,0
BRDA:121,17,0,0
BRDA:121,17,1,0
BRDA:121,18,0,0
BRDA:121,18,1,0
BRDA:176,19,0,0
BRDA:176,19,1,0
BRDA:179,20,0,0
BRDA:179,20,1,0
BRDA:197,21,0,0
BRDA:197,21,1,0
BRDA:205,22,0,0
BRDA:205,22,1,0
BRDA:229,23,0,0
BRDA:229,23,1,0
BRDA:229,24,0,0
BRDA:229,24,1,0
BRDA:249,25,0,0
BRDA:249,25,1,0
BRDA:249,26,0,0
BRDA:249,26,1,0
BRDA:270,27,0,0
BRDA:270,27,1,0
BRDA:270,28,0,0
BRDA:270,28,1,0
BRDA:272,29,0,0
BRDA:272,29,1,0
BRDA:273,30,0,0
BRDA:273,30,1,0
BRDA:274,31,0,0
BRDA:274,31,1,0
BRDA:274,32,0,0
BRDA:274,32,1,0
BRDA:274,32,2,0
BRDA:284,33,0,0
BRDA:284,33,1,0
BRDA:301,34,0,0
BRDA:301,34,1,0
BRDA:301,35,0,0
BRDA:301,35,1,0
BRDA:308,36,0,0
BRDA:308,36,1,0
BRDA:321,37,0,0
BRDA:321,37,1,0
BRDA:331,38,0,0
BRDA:331,38,1,0
BRDA:334,39,0,0
BRDA:334,39,1,0
BRDA:340,40,0,0
BRDA:340,40,1,0
BRDA:355,41,0,0
BRDA:355,41,1,0
BRDA:358,42,0,0
BRDA:358,42,1,0
BRDA:370,43,0,0
BRDA:370,43,1,0
BRDA:382,44,0,0
BRDA:382,44,1,0
BRDA:383,45,0,0
BRDA:383,45,1,0
BRDA:384,46,0,0
BRDA:384,46,1,0
BRDA:390,47,0,0
BRDA:390,47,1,0
BRDA:392,48,0,0
BRDA:392,48,1,0
BRDA:393,49,0,0
BRDA:393,49,1,0
BRDA:409,50,0,0
BRDA:409,50,1,0
BRDA:412,51,0,0
BRDA:412,51,1,0
BRDA:421,52,0,0
BRDA:421,52,1,0
BRDA:436,53,0,0
BRDA:436,53,1,0
BRDA:450,54,0,0
BRDA:450,54,1,0
BRDA:450,55,0,0
BRDA:450,55,1,0
BRDA:466,56,0,0
BRDA:466,56,1,0
BRDA:479,57,0,0
BRDA:479,57,1,0
BRDA:509,58,0,0
BRDA:509,58,1,0
BRDA:509,59,0,0
BRDA:509,59,1,0
BRDA:524,60,0,0
BRDA:524,60,1,0
BRDA:566,61,0,0
BRDA:566,61,1,0
BRDA:566,62,0,0
BRDA:566,62,1,0
BRDA:581,63,0,0
BRDA:581,63,1,0
BRDA:593,64,0,0
BRDA:593,64,1,0
BRDA:646,65,0,0
BRDA:646,65,1,0
BRDA:646,66,0,0
BRDA:646,66,1,0
BRDA:663,67,0,0
BRDA:663,67,1,0
BRDA:663,68,0,0
BRDA:663,68,1,0
BRDA:663,68,2,0
BRDA:670,69,0,0
BRDA:670,69,1,0
BRDA:682,70,0,0
BRDA:682,70,1,0
BRDA:691,71,0,0
BRDA:691,71,1,0
BRDA:692,72,0,0
BRDA:692,72,1,0
BRDA:693,73,0,0
BRDA:693,73,1,0
BRDA:694,74,0,0
BRDA:694,74,1,0
BRDA:695,75,0,0
BRDA:695,75,1,0
BRDA:704,76,0,0
BRDA:704,76,1,0
BRDA:725,77,0,0
BRDA:725,77,1,0
BRDA:726,78,0,0
BRDA:726,78,1,0
BRDA:740,79,0,0
BRDA:740,79,1,0
BRDA:740,80,0,0
BRDA:740,80,1,0
BRDA:754,81,0,0
BRDA:754,81,1,0
BRDA:754,82,0,0
BRDA:754,82,1,0
BRDA:761,83,0,0
BRDA:761,83,1,0
BRDA:770,84,0,0
BRDA:770,84,1,0
BRDA:778,85,0,0
BRDA:778,85,1,0
BRDA:804,86,0,0
BRDA:804,86,1,0
BRDA:804,87,0,0
BRDA:804,87,1,0
BRDA:832,88,0,0
BRDA:832,88,1,0
BRDA:834,89,0,0
BRDA:834,89,1,0
BRDA:835,90,0,0
BRDA:835,90,1,0
BRDA:837,91,0,0
BRDA:837,91,1,0
BRDA:838,92,0,0
BRDA:838,92,1,0
BRDA:840,93,0,0
BRDA:840,93,1,0
BRDA:841,94,0,0
BRDA:841,94,1,0
BRDA:843,95,0,0
BRDA:843,95,1,0
BRDA:844,96,0,0
BRDA:844,96,1,0
BRDA:845,97,0,0
BRDA:845,97,1,0
BRDA:857,98,0,0
BRDA:857,98,1,0
BRDA:894,99,0,0
BRDA:894,99,1,0
BRDA:894,100,0,0
BRDA:894,100,1,0
BRDA:898,101,0,0
BRDA:898,101,1,0
BRDA:913,102,0,0
BRDA:913,102,1,0
BRDA:919,103,0,0
BRDA:919,103,1,0
BRDA:925,104,0,0
BRDA:925,104,1,0
BRDA:934,105,0,0
BRDA:934,105,1,0
BRDA:943,106,0,0
BRDA:943,106,1,0
BRDA:950,107,0,0
BRDA:950,107,1,0
BRDA:951,108,0,0
BRDA:951,108,1,0
BRDA:974,109,0,0
BRDA:974,109,1,0
BRDA:1007,110,0,0
BRDA:1007,110,1,0
BRDA:1007,111,0,0
BRDA:1007,111,1,0
BRDA:1020,112,0,0
BRDA:1020,112,1,0
BRDA:1026,113,0,0
BRDA:1026,113,1,0
BRDA:1040,114,0,0
BRDA:1040,114,1,0
BRDA:1074,115,0,0
BRDA:1074,115,1,0
BRDA:1074,116,0,0
BRDA:1074,116,1,0
BRDA:1084,117,0,0
BRDA:1084,117,1,0
BRDA:1100,118,0,0
BRDA:1100,118,1,0
BRDA:1125,119,0,0
BRDA:1125,119,1,0
BRDA:1125,120,0,0
BRDA:1125,120,1,0
BRDA:1140,121,0,0
BRDA:1140,121,1,0
BRDA:1140,122,0,0
BRDA:1140,122,1,0
BRDA:1140,122,2,0
BRDA:1147,123,0,0
BRDA:1147,123,1,0
BRDA:1147,124,0,0
BRDA:1147,124,1,0
BRDA:1156,125,0,0
BRDA:1156,125,1,0
BRDA:1173,126,0,0
BRDA:1173,126,1,0
BRDA:1189,127,0,0
BRDA:1189,127,1,0
BRDA:1190,128,0,0
BRDA:1190,128,1,0
BRDA:1228,129,0,0
BRDA:1228,129,1,0
BRDA:1260,130,0,0
BRDA:1260,130,1,0
BRDA:1260,131,0,0
BRDA:1260,131,1,0
BRDA:1280,132,0,0
BRDA:1280,132,1,0
BRDA:1290,133,0,0
BRDA:1290,133,1,0
BRDA:1317,134,0,0
BRDA:1317,134,1,0
BRDA:1317,135,0,0
BRDA:1317,135,1,0
BRDA:1328,136,0,0
BRDA:1328,136,1,0
BRDA:1337,137,0,0
BRDA:1337,137,1,0
BRDA:1345,138,0,0
BRDA:1345,138,1,0
BRDA:1354,139,0,0
BRDA:1354,139,1,0
BRDA:1367,140,0,0
BRDA:1367,140,1,0
BRDA:1388,141,0,0
BRDA:1388,141,1,0
BRDA:1427,142,0,0
BRDA:1427,142,1,0
BRDA:1427,143,0,0
BRDA:1427,143,1,0
BRDA:1434,144,0,0
BRDA:1434,144,1,0
BRDA:1434,145,0,0
BRDA:1434,145,1,0
BRDA:1434,145,2,0
BRDA:1434,145,3,0
BRDA:1439,146,0,0
BRDA:1439,146,1,0
BRDA:1439,147,0,0
BRDA:1439,147,1,0
BRDA:1447,148,0,0
BRDA:1447,148,1,0
BRDA:1479,149,0,0
BRDA:1479,149,1,0
BRDA:1479,150,0,0
BRDA:1479,150,1,0
BRDA:1487,151,0,0
BRDA:1487,151,1,0
BRDA:1501,152,0,0
BRDA:1501,152,1,0
BRDA:1521,153,0,0
BRDA:1521,153,1,0
BRDA:1532,154,0,0
BRDA:1532,154,1,0
BRDA:1538,155,0,0
BRDA:1538,155,1,0
BRDA:1554,156,0,0
BRDA:1554,156,1,0
BRDA:1559,157,0,0
BRDA:1559,157,1,0
BRDA:1606,158,0,0
BRDA:1606,158,1,0
BRDA:1611,159,0,0
BRDA:1611,159,1,0
BRDA:1630,160,0,0
BRDA:1630,160,1,0
BRF:327
BRH:0
end_of_record
TN:
SF:controllers\verificationController.js
FN:4,(anonymous_0)
FN:49,(anonymous_1)
FN:58,(anonymous_2)
FNF:3
FNH:0
FNDA:0,(anonymous_0)
FNDA:0,(anonymous_1)
FNDA:0,(anonymous_2)
DA:1,0
DA:4,0
DA:5,0
DA:7,0
DA:8,0
DA:15,0
DA:16,0
DA:18,0
DA:20,0
DA:22,0
DA:23,0
DA:24,0
DA:31,0
DA:32,0
DA:39,0
DA:40,0
DA:49,0
DA:50,0
DA:51,0
DA:52,0
DA:53,0
DA:54,0
DA:58,0
DA:63,0
DA:64,0
DA:65,0
DA:72,0
DA:73,0
DA:74,0
DA:76,0
DA:77,0
DA:79,0
DA:80,0
LF:33
LH:0
BRDA:7,0,0,0
BRDA:7,0,1,0
BRDA:7,1,0,0
BRDA:7,1,1,0
BRDA:16,2,0,0
BRDA:16,2,1,0
BRDA:22,3,0,0
BRDA:22,3,1,0
BRDA:52,4,0,0
BRDA:52,4,1,0
BRDA:52,5,0,0
BRDA:52,5,1,0
BRDA:54,6,0,0
BRDA:54,6,1,0
BRDA:54,7,0,0
BRDA:54,7,1,0
BRDA:64,8,0,0
BRDA:64,8,1,0
BRF:18
BRH:0
end_of_record
TN:
SF:controllers\workerController.js
FN:2,(anonymous_0)
FN:15,(anonymous_1)
FN:16,(anonymous_2)
FN:17,(anonymous_3)
FN:17,(anonymous_4)
FN:19,(anonymous_5)
FN:20,(anonymous_6)
FN:33,(anonymous_7)
FN:74,(anonymous_8)
FN:112,(anonymous_9)
FN:120,(anonymous_10)
FN:138,(anonymous_11)
FN:173,(anonymous_12)
FN:208,(anonymous_13)
FN:210,(anonymous_14)
FN:215,(anonymous_15)
FN:215,(anonymous_16)
FN:239,(anonymous_17)
FN:252,(anonymous_18)
FN:256,(anonymous_19)
FN:267,(anonymous_20)
FN:287,(anonymous_21)
FN:327,(anonymous_22)
FN:349,(anonymous_23)
FN:368,(anonymous_24)
FN:392,(anonymous_25)
FN:426,(anonymous_26)
FN:592,(anonymous_27)
FN:640,(anonymous_28)
FN:661,(anonymous_29)
FN:723,(anonymous_30)
FN:741,(anonymous_31)
FN:799,(anonymous_32)
FN:820,(anonymous_33)
FN:876,(anonymous_34)
FN:951,(anonymous_35)
FN:999,(anonymous_36)
FN:1006,(anonymous_37)
FN:1050,(anonymous_38)
FN:1090,(anonymous_39)
FN:1096,(anonymous_40)
FN:1122,(anonymous_41)
FN:1272,(anonymous_42)
FN:1294,(anonymous_43)
FN:1364,(anonymous_44)
FN:1373,(anonymous_45)
FN:1431,(anonymous_46)
FN:1444,(anonymous_47)
FN:1483,(anonymous_48)
FN:1501,(anonymous_49)
FN:1509,(anonymous_50)
FN:1512,(anonymous_51)
FN:1515,(anonymous_52)
FN:1537,(anonymous_53)
FN:1548,(anonymous_54)
FN:1548,(anonymous_55)
FN:1549,(anonymous_56)
FN:1549,(anonymous_57)
FN:1556,(anonymous_58)
FN:1574,(anonymous_59)
FN:1626,(anonymous_60)
FN:1649,(anonymous_61)
FN:1714,(anonymous_62)
FN:1761,(anonymous_63)
FN:1781,(anonymous_64)
FNF:65
FNH:0
FNDA:0,(anonymous_0)
FNDA:0,(anonymous_1)
FNDA:0,(anonymous_2)
FNDA:0,(anonymous_3)
FNDA:0,(anonymous_4)
FNDA:0,(anonymous_5)
FNDA:0,(anonymous_6)
FNDA:0,(anonymous_7)
FNDA:0,(anonymous_8)
FNDA:0,(anonymous_9)
FNDA:0,(anonymous_10)
FNDA:0,(anonymous_11)
FNDA:0,(anonymous_12)
FNDA:0,(anonymous_13)
FNDA:0,(anonymous_14)
FNDA:0,(anonymous_15)
FNDA:0,(anonymous_16)
FNDA:0,(anonymous_17)
FNDA:0,(anonymous_18)
FNDA:0,(anonymous_19)
FNDA:0,(anonymous_20)
FNDA:0,(anonymous_21)
FNDA:0,(anonymous_22)
FNDA:0,(anonymous_23)
FNDA:0,(anonymous_24)
FNDA:0,(anonymous_25)
FNDA:0,(anonymous_26)
FNDA:0,(anonymous_27)
FNDA:0,(anonymous_28)
FNDA:0,(anonymous_29)
FNDA:0,(anonymous_30)
FNDA:0,(anonymous_31)
FNDA:0,(anonymous_32)
FNDA:0,(anonymous_33)
FNDA:0,(anonymous_34)
FNDA:0,(anonymous_35)
FNDA:0,(anonymous_36)
FNDA:0,(anonymous_37)
FNDA:0,(anonymous_38)
FNDA:0,(anonymous_39)
FNDA:0,(anonymous_40)
FNDA:0,(anonymous_41)
FNDA:0,(anonymous_42)
FNDA:0,(anonymous_43)
FNDA:0,(anonymous_44)
FNDA:0,(anonymous_45)
FNDA:0,(anonymous_46)
FNDA:0,(anonymous_47)
FNDA:0,(anonymous_48)
FNDA:0,(anonymous_49)
FNDA:0,(anonymous_50)
FNDA:0,(anonymous_51)
FNDA:0,(anonymous_52)
FNDA:0,(anonymous_53)
FNDA:0,(anonymous_54)
FNDA:0,(anonymous_55)
FNDA:0,(anonymous_56)
FNDA:0,(anonymous_57)
FNDA:0,(anonymous_58)
FNDA:0,(anonymous_59)
FNDA:0,(anonymous_60)
FNDA:0,(anonymous_61)
FNDA:0,(anonymous_62)
FNDA:0,(anonymous_63)
FNDA:0,(anonymous_64)
DA:2,0
DA:3,0
DA:4,0
DA:7,0
DA:10,0
DA:14,0
DA:15,0
DA:16,0
DA:17,0
DA:18,0
DA:19,0
DA:20,0
DA:21,0
DA:27,0
DA:28,0
DA:33,0
DA:34,0
DA:35,0
DA:36,0
DA:44,0
DA:45,0
DA:47,0
DA:48,0
DA:52,0
DA:53,0
DA:56,0
DA:61,0
DA:65,0
DA:66,0
DA:68,0
DA:69,0
DA:74,0
DA:75,0
DA:76,0
DA:77,0
DA:79,0
DA:80,0
DA:82,0
DA:87,0
DA:88,0
DA:90,0
DA:93,0
DA:94,0
DA:97,0
DA:98,0
DA:99,0
DA:100,0
DA:101,0
DA:102,0
DA:103,0
DA:104,0
DA:105,0
DA:106,0
DA:107,0
DA:108,0
DA:109,0
DA:112,0
DA:113,0
DA:114,0
DA:116,0
DA:120,0
DA:121,0
DA:122,0
DA:124,0
DA:125,0
DA:127,0
DA:129,0
DA:131,0
DA:133,0
DA:138,0
DA:139,0
DA:140,0
DA:141,0
DA:142,0
DA:145,0
DA:146,0
DA:147,0
DA:148,0
DA:151,0
DA:153,0
DA:155,0
DA:169,0
DA:173,0
DA:193,0
DA:200,0
DA:208,0
DA:209,0
DA:210,0
DA:214,0
DA:215,0
DA:219,0
DA:223,0
DA:235,0
DA:239,0
DA:250,0
DA:252,0
DA:256,0
DA:262,0
DA:263,0
DA:267,0
DA:280,0
DA:287,0
DA:298,0
DA:299,0
DA:300,0
DA:301,0
DA:302,0
DA:304,0
DA:317,0
DA:322,0
DA:327,0
DA:328,0
DA:329,0
DA:330,0
DA:332,0
DA:333,0
DA:334,0
DA:335,0
DA:336,0
DA:341,0
DA:343,0
DA:344,0
DA:349,0
DA:350,0
DA:351,0
DA:355,0
DA:357,0
DA:362,0
DA:363,0
DA:368,0
DA:369,0
DA:370,0
DA:371,0
DA:373,0
DA:374,0
DA:379,0
DA:384,0
DA:385,0
DA:392,0
DA:393,0
DA:394,0
DA:395,0
DA:398,0
DA:399,0
DA:401,0
DA:402,0
DA:407,0
DA:408,0
DA:409,0
DA:410,0
DA:411,0
DA:417,0
DA:419,0
DA:420,0
DA:426,0
DA:427,0
DA:442,0
DA:444,0
DA:445,0
DA:446,0
DA:447,0
DA:449,0
DA:450,0
DA:452,0
DA:465,0
DA:475,0
DA:490,0
DA:491,0
DA:497,0
DA:498,0
DA:504,0
DA:505,0
DA:509,0
DA:510,0
DA:516,0
DA:517,0
DA:521,0
DA:522,0
DA:526,0
DA:527,0
DA:531,0
DA:532,0
DA:533,0
DA:537,0
DA:538,0
DA:539,0
DA:540,0
DA:541,0
DA:542,0
DA:543,0
DA:544,0
DA:545,0
DA:546,0
DA:547,0
DA:548,0
DA:549,0
DA:552,0
DA:553,0
DA:556,0
DA:557,0
DA:558,0
DA:559,0
DA:561,0
DA:566,0
DA:572,0
DA:576,0
DA:578,0
DA:583,0
DA:584,0
DA:592,0
DA:593,0
DA:594,0
DA:598,0
DA:610,0
DA:611,0
DA:612,0
DA:613,0
DA:614,0
DA:617,0
DA:618,0
DA:621,0
DA:626,0
DA:631,0
DA:632,0
DA:634,0
DA:635,0
DA:640,0
DA:641,0
DA:642,0
DA:643,0
DA:645,0
DA:646,0
DA:648,0
DA:649,0
DA:652,0
DA:654,0
DA:655,0
DA:656,0
DA:661,0
DA:662,0
DA:663,0
DA:666,0
DA:678,0
DA:679,0
DA:680,0
DA:681,0
DA:682,0
DA:685,0
DA:686,0
DA:687,0
DA:688,0
DA:689,0
DA:690,0
DA:691,0
DA:693,0
DA:694,0
DA:697,0
DA:698,0
DA:701,0
DA:702,0
DA:705,0
DA:710,0
DA:714,0
DA:715,0
DA:717,0
DA:718,0
DA:723,0
DA:724,0
DA:725,0
DA:726,0
DA:727,0
DA:729,0
DA:731,0
DA:733,0
DA:735,0
DA:736,0
DA:741,0
DA:742,0
DA:743,0
DA:744,0
DA:745,0
DA:749,0
DA:751,0
DA:752,0
DA:756,0
DA:757,0
DA:762,0
DA:763,0
DA:769,0
DA:770,0
DA:778,0
DA:779,0
DA:780,0
DA:781,0
DA:782,0
DA:783,0
DA:784,0
DA:785,0
DA:787,0
DA:788,0
DA:793,0
DA:794,0
DA:799,0
DA:800,0
DA:801,0
DA:802,0
DA:804,0
DA:805,0
DA:808,0
DA:809,0
DA:812,0
DA:814,0
DA:815,0
DA:820,0
DA:821,0
DA:822,0
DA:823,0
DA:825,0
DA:826,0
DA:827,0
DA:830,0
DA:831,0
DA:834,0
DA:835,0
DA:840,0
DA:841,0
DA:845,0
DA:846,0
DA:847,0
DA:848,0
DA:850,0
DA:854,0
DA:857,0
DA:862,0
DA:863,0
DA:865,0
DA:868,0
DA:870,0
DA:871,0
DA:876,0
DA:877,0
DA:878,0
DA:879,0
DA:882,0
DA:883,0
DA:884,0
DA:886,0
DA:887,0
DA:891,0
DA:896,0
DA:897,0
DA:902,0
DA:903,0
DA:904,0
DA:907,0
DA:908,0
DA:911,0
DA:912,0
DA:913,0
DA:916,0
DA:917,0
DA:921,0
DA:922,0
DA:923,0
DA:925,0
DA:938,0
DA:940,0
DA:945,0
DA:946,0
DA:951,0
DA:952,0
DA:953,0
DA:954,0
DA:955,0
DA:957,0
DA:958,0
DA:961,0
DA:971,0
DA:972,0
DA:977,0
DA:978,0
DA:979,0
DA:981,0
DA:982,0
DA:985,0
DA:987,0
DA:990,0
DA:994,0
DA:995,0
DA:998,0
DA:999,0
DA:1001,0
DA:1002,0
DA:1006,0
DA:1007,0
DA:1008,0
DA:1009,0
DA:1011,0
DA:1014,0
DA:1022,0
DA:1026,0
DA:1036,0
DA:1042,0
DA:1043,0
DA:1050,0
DA:1051,0
DA:1052,0
DA:1053,0
DA:1054,0
DA:1055,0
DA:1056,0
DA:1060,0
DA:1074,0
DA:1076,0
DA:1077,0
DA:1083,0
DA:1085,0
DA:1090,0
DA:1091,0
DA:1092,0
DA:1093,0
DA:1096,0
DA:1114,0
DA:1116,0
DA:1117,0
DA:1122,0
DA:1123,0
DA:1124,0
DA:1136,0
DA:1138,0
DA:1140,0
DA:1141,0
DA:1147,0
DA:1148,0
DA:1152,0
DA:1153,0
DA:1161,0
DA:1162,0
DA:1166,0
DA:1167,0
DA:1175,0
DA:1176,0
DA:1180,0
DA:1181,0
DA:1182,0
DA:1187,0
DA:1188,0
DA:1192,0
DA:1193,0
DA:1194,0
DA:1202,0
DA:1203,0
DA:1212,0
DA:1213,0
DA:1214,0
DA:1215,0
DA:1218,0
DA:1219,0
DA:1223,0
DA:1224,0
DA:1228,0
DA:1232,0
DA:1239,0
DA:1240,0
DA:1241,0
DA:1246,0
DA:1247,0
DA:1252,0
DA:1253,0
DA:1258,0
DA:1261,0
DA:1265,0
DA:1267,0
DA:1268,0
DA:1272,0
DA:1273,0
DA:1274,0
DA:1275,0
DA:1280,0
DA:1281,0
DA:1283,0
DA:1284,0
DA:1285,0
DA:1288,0
DA:1289,0
DA:1290,0
DA:1294,0
DA:1295,0
DA:1301,0
DA:1307,0
DA:1308,0
DA:1309,0
DA:1310,0
DA:1314,0
DA:1315,0
DA:1320,0
DA:1330,0
DA:1335,0
[...]
BRDA:1065,173,0,0
BRDA:1065,173,1,0
BRDA:1067,174,0,0
BRDA:1067,174,1,0
BRDA:1068,175,0,0
BRDA:1068,175,1,0
BRDA:1070,176,0,0
BRDA:1070,176,1,0
BRDA:1076,177,0,0
BRDA:1076,177,1,0
BRDA:1098,178,0,0
BRDA:1098,178,1,0
BRDA:1100,179,0,0
BRDA:1100,179,1,0
BRDA:1101,180,0,0
BRDA:1101,180,1,0
BRDA:1104,181,0,0
BRDA:1104,181,1,0
BRDA:1106,182,0,0
BRDA:1106,182,1,0
BRDA:1109,183,0,0
BRDA:1109,183,1,0
BRDA:1112,184,0,0
BRDA:1112,184,1,0
BRDA:1140,185,0,0
BRDA:1140,185,1,0
BRDA:1147,186,0,0
BRDA:1147,186,1,0
BRDA:1147,187,0,0
BRDA:1147,187,1,0
BRDA:1152,188,0,0
BRDA:1152,188,1,0
BRDA:1161,189,0,0
BRDA:1161,189,1,0
BRDA:1161,190,0,0
BRDA:1161,190,1,0
BRDA:1166,191,0,0
BRDA:1166,191,1,0
BRDA:1175,192,0,0
BRDA:1175,192,1,0
BRDA:1175,193,0,0
BRDA:1175,193,1,0
BRDA:1181,194,0,0
BRDA:1181,194,1,0
BRDA:1187,195,0,0
BRDA:1187,195,1,0
BRDA:1187,196,0,0
BRDA:1187,196,1,0
BRDA:1193,197,0,0
BRDA:1193,197,1,0
BRDA:1202,198,0,0
BRDA:1202,198,1,0
BRDA:1202,199,0,0
BRDA:1202,199,1,0
BRDA:1202,199,2,0
BRDA:1218,200,0,0
BRDA:1218,200,1,0
BRDA:1218,201,0,0
BRDA:1218,201,1,0
BRDA:1223,202,0,0
BRDA:1223,202,1,0
BRDA:1223,203,0,0
BRDA:1223,203,1,0
BRDA:1223,203,2,0
BRDA:1228,204,0,0
BRDA:1228,204,1,0
BRDA:1229,205,0,0
BRDA:1229,205,1,0
BRDA:1239,206,0,0
BRDA:1239,206,1,0
BRDA:1239,207,0,0
BRDA:1239,207,1,0
BRDA:1240,208,0,0
BRDA:1240,208,1,0
BRDA:1240,209,0,0
BRDA:1240,209,1,0
BRDA:1246,210,0,0
BRDA:1246,210,1,0
BRDA:1252,211,0,0
BRDA:1252,211,1,0
BRDA:1274,212,0,0
BRDA:1274,212,1,0
BRDA:1274,213,0,0
BRDA:1274,213,1,0
BRDA:1284,214,0,0
BRDA:1284,214,1,0
BRDA:1289,215,0,0
BRDA:1289,215,1,0
BRDA:1294,216,0,0
BRDA:1294,216,1,0
BRDA:1307,217,0,0
BRDA:1307,217,1,0
BRDA:1307,218,0,0
BRDA:1307,218,1,0
BRDA:1314,219,0,0
BRDA:1314,219,1,0
BRDA:1353,220,0,0
BRDA:1353,220,1,0
BRDA:1433,221,0,0
BRDA:1433,221,1,0
BRDA:1433,222,0,0
BRDA:1433,222,1,0
BRDA:1458,223,0,0
BRDA:1458,223,1,0
BRDA:1458,224,0,0
BRDA:1458,224,1,0
BRDA:1468,225,0,0
BRDA:1468,225,1,0
BRDA:1469,226,0,0
BRDA:1469,226,1,0
BRDA:1470,227,0,0
BRDA:1470,227,1,0
BRDA:1471,228,0,0
BRDA:1471,228,1,0
BRDA:1472,229,0,0
BRDA:1472,229,1,0
BRDA:1473,230,0,0
BRDA:1473,230,1,0
BRDA:1478,231,0,0
BRDA:1478,231,1,0
BRDA:1483,232,0,0
BRDA:1483,232,1,0
BRDA:1484,233,0,0
BRDA:1484,233,1,0
BRDA:1487,234,0,0
BRDA:1487,234,1,0
BRDA:1487,234,2,0
BRDA:1489,235,0,0
BRDA:1489,235,1,0
BRDA:1490,236,0,0
BRDA:1490,236,1,0
BRDA:1491,237,0,0
BRDA:1491,237,1,0
BRDA:1493,238,0,0
BRDA:1493,238,1,0
BRDA:1494,239,0,0
BRDA:1494,239,1,0
BRDA:1495,240,0,0
BRDA:1495,240,1,0
BRDA:1496,241,0,0
BRDA:1496,241,1,0
BRDA:1501,242,0,0
BRDA:1501,242,1,0
BRDA:1504,243,0,0
BRDA:1504,243,1,0
BRDA:1517,244,0,0
BRDA:1517,244,1,0
BRDA:1521,245,0,0
BRDA:1521,245,1,0
BRDA:1522,246,0,0
BRDA:1522,246,1,0
BRDA:1523,247,0,0
BRDA:1523,247,1,0
BRDA:1524,248,0,0
BRDA:1524,248,1,0
BRDA:1525,249,0,0
BRDA:1525,249,1,0
BRDA:1525,250,0,0
BRDA:1525,250,1,0
BRDA:1526,251,0,0
BRDA:1526,251,1,0
BRDA:1527,252,0,0
BRDA:1527,252,1,0
BRDA:1528,253,0,0
BRDA:1528,253,1,0
BRDA:1540,254,0,0
BRDA:1540,254,1,0
BRDA:1541,255,0,0
BRDA:1541,255,1,0
BRDA:1542,256,0,0
BRDA:1542,256,1,0
BRDA:1543,257,0,0
BRDA:1543,257,1,0
BRDA:1544,258,0,0
BRDA:1544,258,1,0
BRDA:1554,259,0,0
BRDA:1554,259,1,0
BRDA:1555,260,0,0
BRDA:1555,260,1,0
BRDA:1556,261,0,0
BRDA:1556,261,1,0
BRDA:1557,262,0,0
BRDA:1557,262,1,0
BRDA:1558,263,0,0
BRDA:1558,263,1,0
BRDA:1559,264,0,0
BRDA:1559,264,1,0
BRDA:1560,265,0,0
BRDA:1560,265,1,0
BRDA:1561,266,0,0
BRDA:1561,266,1,0
BRDA:1562,267,0,0
BRDA:1562,267,1,0
BRDA:1562,267,2,0
BRDA:1576,268,0,0
BRDA:1576,268,1,0
BRDA:1577,269,0,0
BRDA:1577,269,1,0
BRDA:1578,270,0,0
BRDA:1578,270,1,0
BRDA:1579,271,0,0
BRDA:1579,271,1,0
BRDA:1580,272,0,0
BRDA:1580,272,1,0
BRDA:1602,273,0,0
BRDA:1602,273,1,0
BRDA:1614,274,0,0
BRDA:1614,274,1,0
BRDA:1637,275,0,0
BRDA:1637,275,1,0
BRDA:1654,276,0,0
BRDA:1654,276,1,0
BRDA:1654,277,0,0
BRDA:1654,277,1,0
BRDA:1684,278,0,0
BRDA:1684,278,1,0
BRDA:1719,279,0,0
BRDA:1719,279,1,0
BRDA:1719,280,0,0
BRDA:1719,280,1,0
BRDA:1719,280,2,0
BRDA:1735,281,0,0
BRDA:1735,281,1,0
BRDA:1740,282,0,0
BRDA:1740,282,1,0
BRDA:1766,283,0,0
BRDA:1766,283,1,0
BRF:585
BRH:0
end_of_record
TN:
SF:middleware\auth.js
FN:5,(anonymous_0)
FN:30,(anonymous_1)
FN:43,(anonymous_2)
FN:66,(anonymous_3)
FNF:4
FNH:2
FNDA:23,(anonymous_0)
FNDA:23,(anonymous_1)
FNDA:0,(anonymous_2)
FNDA:0,(anonymous_3)
DA:2,1
DA:5,1
DA:7,23
DA:9,23
DA:11,10
DA:12,10
DA:13,3
DA:17,23
DA:18,8
DA:21,15
DA:22,15
DA:23,7
DA:25,8
DA:30,1
DA:31,23
DA:32,23
DA:33,7
DA:35,16
DA:43,1
DA:44,0
DA:45,0
DA:48,0
DA:49,0
DA:55,0
DA:56,0
DA:58,0
DA:66,1
DA:67,0
DA:68,0
DA:70,0
DA:71,0
DA:77,0
DA:78,0
DA:80,0
DA:87,1
LF:35
LH:21
BRDA:9,0,0,10
BRDA:9,0,1,13
BRDA:12,1,0,3
BRDA:12,1,1,7
BRDA:12,2,0,10
BRDA:12,2,1,4
BRDA:17,3,0,8
BRDA:17,3,1,15
BRDA:37,4,0,16
BRDA:37,4,1,0
BRDA:48,5,0,0
BRDA:48,5,1,0
BRDA:48,6,0,0
BRDA:48,6,1,0
BRDA:60,7,0,0
BRDA:60,7,1,0
BRDA:70,8,0,0
BRDA:70,8,1,0
BRDA:82,9,0,0
BRDA:82,9,1,0
BRF:20
BRH:9
end_of_record
TN:
SF:middleware\errorLogger.js
FN:15,(anonymous_0)
FN:31,(anonymous_1)
FN:41,(anonymous_2)
FN:61,(anonymous_3)
FN:64,(anonymous_4)
FN:73,(anonymous_5)
FNF:6
FNH:0
FNDA:0,(anonymous_0)
FNDA:0,(anonymous_1)
FNDA:0,(anonymous_2)
FNDA:0,(anonymous_3)
FNDA:0,(anonymous_4)
FNDA:0,(anonymous_5)
DA:2,0
DA:3,0
DA:4,0
DA:5,0
DA:8,0
DA:9,0
DA:10,0
DA:14,0
DA:16,0
DA:17,0
DA:18,0
DA:19,0
DA:20,0
DA:21,0
DA:31,0
DA:32,0
DA:34,0
DA:38,0
DA:39,0
DA:40,0
DA:41,0
DA:42,0
DA:44,0
DA:47,0
DA:61,0
DA:63,0
DA:64,0
DA:65,0
DA:66,0
DA:68,0
DA:71,0
DA:73,0
DA:77,0
LF:33
LH:0
BRDA:9,0,0,0
BRDA:9,0,1,0
BRDA:16,1,0,0
BRDA:16,1,1,0
BRDA:32,2,0,0
BRDA:32,2,1,0
BRDA:34,3,0,0
BRDA:34,3,1,0
BRDA:35,4,0,0
BRDA:35,4,1,0
BRDA:35,5,0,0
BRDA:35,5,1,0
BRDA:35,6,0,0
BRDA:35,6,1,0
BRDA:39,7,0,0
BRDA:39,7,1,0
BRDA:39,8,0,0
BRDA:39,8,1,0
BRDA:42,9,0,0
BRDA:42,9,1,0
BRDA:56,10,0,0
BRDA:56,10,1,0
BRDA:65,11,0,0
BRDA:65,11,1,0
BRDA:65,12,0,0
BRDA:65,12,1,0
BRF:26
BRH:0
end_of_record
TN:
SF:middleware\logger.js
FN:15,(anonymous_0)
FN:30,(anonymous_1)
FN:34,(anonymous_2)
FN:38,(anonymous_3)
FN:42,(anonymous_4)
FN:54,(anonymous_5)
FN:73,(anonymous_6)
FN:74,(anonymous_7)
FNF:8
FNH:0
FNDA:0,(anonymous_0)
FNDA:0,(anonymous_1)
FNDA:0,(anonymous_2)
FNDA:0,(anonymous_3)
FNDA:0,(anonymous_4)
FNDA:0,(anonymous_5)
FNDA:0,(anonymous_6)
FNDA:0,(anonymous_7)
DA:2,0
DA:3,0
DA:4,0
DA:5,0
DA:8,0
DA:9,0
DA:10,0
DA:14,0
DA:16,0
DA:17,0
DA:18,0
DA:19,0
DA:20,0
DA:21,0
DA:30,0
DA:31,0
DA:34,0
DA:35,0
DA:38,0
DA:39,0
DA:42,0
DA:44,0
DA:49,0
DA:51,0
DA:54,0
DA:55,0
DA:63,0
DA:69,0
DA:73,0
DA:74,0
DA:75,0
DA:76,0
DA:81,0
LF:33
LH:0
BRDA:9,0,0,0
BRDA:9,0,1,0
BRDA:16,1,0,0
BRDA:16,1,1,0
BRDA:31,2,0,0
BRDA:31,2,1,0
BRDA:31,3,0,0
BRDA:31,3,1,0
BRDA:31,3,2,0
BRDA:35,4,0,0
BRDA:35,4,1,0
BRDA:35,5,0,0
BRDA:35,5,1,0
BRDA:35,5,2,0
BRDA:39,6,0,0
BRDA:39,6,1,0
BRDA:39,7,0,0
BRDA:39,7,1,0
BRDA:39,7,2,0
BRDA:44,8,0,0
BRDA:44,8,1,0
BRDA:45,9,0,0
BRDA:45,9,1,0
BRDA:45,9,2,0
BRDA:51,10,0,0
BRDA:51,10,1,0
BRDA:56,11,0,0
BRDA:56,11,1,0
BRDA:56,11,2,0
BRDA:56,11,3,0
BRDA:75,12,0,0
BRDA:75,12,1,0
BRF:32
BRH:0
end_of_record
TN:
SF:middleware\metricsMiddleware.js
FN:13,metricsMiddleware
FN:21,(anonymous_1)
FN:57,cacheMetricsIntegration
FN:58,(anonymous_3)
FNF:4
FNH:0
FNDA:0,metricsMiddleware
FNDA:0,(anonymous_1)
FNDA:0,cacheMetricsIntegration
FNDA:0,(anonymous_3)
DA:7,0
DA:15,0
DA:18,0
DA:21,0
DA:22,0
DA:23,0
DA:24,0
DA:25,0
DA:28,0
DA:29,0
DA:31,0
DA:32,0
DA:33,0
DA:37,0
DA:47,0
DA:50,0
DA:58,0
DA:59,0
DA:61,0
DA:66,0
DA:70,0
LF:21
LH:0
BRDA:23,0,0,0
BRDA:23,0,1,0
BRDA:31,1,0,0
BRDA:31,1,1,0
BRDA:31,2,0,0
BRDA:31,2,1,0
BRDA:32,3,0,0
BRDA:32,3,1,0
BRDA:61,4,0,0
BRDA:61,4,1,0
BRDA:61,5,0,0
BRDA:61,5,1,0
BRDA:61,5,2,0
BRF:13
BRH:0
end_of_record
TN:
SF:middleware\sample_middleware.js
FNF:0
FNH:0
LF:0
LH:0
BRF:0
BRH:0
end_of_record
TN:
SF:middleware\uploadCloudinary.js
FN:8,(anonymous_0)
FN:30,(anonymous_1)
FN:44,(anonymous_2)
FNF:3
FNH:0
FNDA:0,(anonymous_0)
FNDA:0,(anonymous_1)
FNDA:0,(anonymous_2)
DA:1,0
DA:2,0
DA:3,0
DA:6,0
DA:9,0
DA:10,0
DA:19,0
DA:27,0
DA:31,0
DA:32,0
DA:33,0
DA:35,0
DA:41,0
DA:45,0
DA:46,0
DA:48,0
DA:53,0
LF:17
LH:0
BRDA:12,0,0,0
BRDA:12,0,1,0
BRDA:32,1,0,0
BRDA:32,1,1,0
BRDA:45,2,0,0
BRDA:45,2,1,0
BRF:6
BRH:0
end_of_record
TN:
SF:utils\aggregationPipelines.js
FN:21,buildOwnerDashboardPipeline
FN:118,buildTenantDashboardPipeline
FN:225,buildOwnerEarningsPipeline
FN:330,buildPlatformStatsPipeline
FN:398,buildMaintenanceRequestsPipeline
FN:493,buildFinancialAnalyticsPipeline
FN:576,buildWorkerDashboardPipeline
FN:666,buildPropertySearchPipeline
FNF:8
FNH:0
FNDA:0,buildOwnerDashboardPipeline
FNDA:0,buildTenantDashboardPipeline
FNDA:0,buildOwnerEarningsPipeline
FNDA:0,buildPlatformStatsPipeline
FNDA:0,buildMaintenanceRequestsPipeline
FNDA:0,buildFinancialAnalyticsPipeline
FNDA:0,buildWorkerDashboardPipeline
FNDA:0,buildPropertySearchPipeline
DA:14,0
DA:22,0
DA:119,0
DA:226,0
DA:331,0
DA:399,0
DA:494,0
DA:577,0
DA:667,0
DA:669,0
DA:670,0
DA:672,0
DA:673,0
DA:675,0
DA:676,0
DA:678,0
DA:679,0
DA:680,0
DA:681,0
DA:683,0
DA:684,0
DA:687,0
DA:752,0
LF:23
LH:0
BRDA:398,0,0,0
BRDA:666,1,0,0
BRDA:666,2,0,0
BRDA:666,3,0,0
BRDA:669,4,0,0
BRDA:669,4,1,0
BRDA:672,5,0,0
BRDA:672,5,1,0
BRDA:675,6,0,0
BRDA:675,6,1,0
BRDA:678,7,0,0
BRDA:678,7,1,0
BRDA:678,8,0,0
BRDA:678,8,1,0
BRDA:680,9,0,0
BRDA:680,9,1,0
BRDA:681,10,0,0
BRDA:681,10,1,0
BRDA:683,11,0,0
BRDA:683,11,1,0
BRF:20
BRH:0
end_of_record
TN:
SF:utils\cacheWrapper.js
FN:31,cachedQuery
FN:80,(anonymous_1)
FN:121,invalidateCache
FN:137,invalidateCachePattern
FN:153,getStats
FN:167,getHitRate
FN:176,updateAverageCacheTime
FN:189,updateAverageQueryTime
FN:202,resetStats
FN:214,getPerformanceComparison
FNF:10
FNH:6
FNDA:27,cachedQuery
FNDA:1,(anonymous_1)
FNDA:0,invalidateCache
FNDA:0,invalidateCachePattern
FNDA:21,getStats
FNDA:36,getHitRate
FNDA:4,updateAverageCacheTime
FNDA:12,updateAverageQueryTime
FNDA:0,resetStats
FNDA:0,getPerformanceComparison
DA:10,1
DA:15,1
DA:32,27
DA:33,3
DA:35,24
DA:36,3
DA:39,21
DA:40,21
DA:41,21
DA:42,21
DA:44,21
DA:46,21
DA:47,21
DA:48,19
DA:50,19
DA:52,4
DA:53,4
DA:55,4
DA:61,4
DA:71,15
DA:72,15
DA:73,15
DA:74,12
DA:76,12
DA:79,12
DA:80,11
DA:81,1
DA:85,11
DA:92,11
DA:102,6
DA:104,6
DA:108,6
DA:122,0
DA:124,0
DA:125,0
DA:126,0
DA:127,0
DA:129,0
DA:130,0
DA:138,0
DA:140,0
DA:141,0
DA:142,0
DA:143,0
DA:145,0
DA:146,0
DA:154,21
DA:155,21
DA:157,21
DA:168,36
DA:169,36
DA:170,36
DA:177,4
DA:178,4
DA:179,1
DA:181,3
DA:190,12
DA:191,12
DA:192,1
DA:194,11
DA:203,0
DA:204,0
DA:205,0
DA:206,0
DA:207,0
DA:208,0
DA:215,0
DA:216,0
DA:218,0
DA:222,0
DA:223,0
DA:226,0
DA:228,0
DA:232,0
DA:260,1
LF:75
LH:47
BRDA:31,0,0,1
BRDA:32,1,0,3
BRDA:32,1,1,24
BRDA:32,2,0,27
BRDA:32,2,1,25
BRDA:35,3,0,3
BRDA:35,3,1,21
BRDA:50,4,0,4
BRDA:50,4,1,15
BRDA:50,5,0,19
BRDA:50,5,1,5
BRDA:79,6,0,11
BRDA:79,6,1,1
BRDA:79,7,0,12
BRDA:79,7,1,11
BRDA:122,8,0,0
BRDA:122,8,1,0
BRDA:138,9,0,0
BRDA:138,9,1,0
BRDA:169,10,0,0
BRDA:169,10,1,36
BRDA:178,11,0,1
BRDA:178,11,1,3
BRDA:191,12,0,1
BRDA:191,12,1,11
BRDA:222,13,0,0
BRDA:222,13,1,0
BRDA:223,14,0,0
BRDA:223,14,1,0
BRDA:228,15,0,0
BRDA:228,15,1,0
BRF:31
BRH:20
end_of_record
TN:
SF:utils\jwt.js
FN:12,signToken
FN:19,verifyToken
FNF:2
FNH:2
FNDA:31,signToken
FNDA:29,verifyToken
DA:3,2
DA:5,2
DA:6,2
DA:7,0
DA:13,31
DA:14,31
DA:15,25
DA:16,31
DA:20,29
DA:23,2
LF:10
LH:9
BRDA:6,0,0,0
BRDA:6,0,1,2
BRDA:12,1,0,25
BRDA:14,2,0,6
BRDA:14,2,1,25
BRF:5
BRH:4
end_of_record
TN:
SF:utils\metricsCollector.js
FN:91,recordEndpointMetric
FN:132,(anonymous_1)
FN:164,recordDatabaseQuery
FN:173,getMetricsDashboard
FN:176,(anonymous_4)
FN:177,(anonymous_5)
FN:186,(anonymous_6)
FN:188,(anonymous_7)
FN:190,(anonymous_8)
FN:206,(anonymous_9)
FN:224,(anonymous_10)
FN:239,(anonymous_11)
FN:253,getPrometheusMetrics
FN:260,checkPerformanceAlerts
FN:310,resetMetrics
FN:335,getPhaseComparisonReport
FN:365,(anonymous_16)
FNF:17
FNH:0
FNDA:0,recordEndpointMetric
FNDA:0,(anonymous_1)
FNDA:0,recordDatabaseQuery
FNDA:0,getMetricsDashboard
FNDA:0,(anonymous_4)
FNDA:0,(anonymous_5)
FNDA:0,(anonymous_6)
FNDA:0,(anonymous_7)
FNDA:0,(anonymous_8)
FNDA:0,(anonymous_9)
FNDA:0,(anonymous_10)
FNDA:0,(anonymous_11)
FNDA:0,getPrometheusMetrics
FNDA:0,checkPerformanceAlerts
FNDA:0,resetMetrics
FNDA:0,getPhaseComparisonReport
FNDA:0,(anonymous_16)
DA:7,0
DA:10,0
DA:17,0
DA:23,0
DA:29,0
DA:35,0
DA:41,0
DA:48,0
DA:54,0
DA:60,0
DA:68,0
DA:92,0
DA:93,0
DA:110,0
DA:111,0
DA:112,0
DA:113,0
DA:114,0
DA:115,0
DA:118,0
DA:119,0
DA:122,0
DA:123,0
DA:125,0
DA:128,0
DA:129,0
DA:132,0
DA:133,0
DA:134,0
DA:137,0
DA:138,0
DA:139,0
DA:140,0
DA:141,0
DA:142,0
DA:143,0
DA:144,0
DA:145,0
DA:146,0
DA:147,0
DA:151,0
DA:152,0
DA:157,0
DA:158,0
DA:165,0
DA:166,0
DA:167,0
DA:175,0
DA:176,0
DA:177,0
DA:179,0
DA:180,0
DA:181,0
DA:182,0
DA:185,0
DA:186,0
DA:187,0
DA:188,0
DA:189,0
DA:190,0
DA:193,0
DA:194,0
DA:195,0
DA:196,0
DA:197,0
DA:199,0
DA:206,0
DA:224,0
DA:239,0
DA:254,0
DA:261,0
DA:262,0
DA:265,0
DA:266,0
DA:267,0
DA:275,0
DA:276,0
DA:277,0
DA:285,0
DA:286,0
DA:287,0
DA:295,0
DA:296,0
DA:297,0
DA:304,0
DA:311,0
DA:336,0
DA:338,0
DA:365,0
DA:375,0
LF:90
LH:0
BRDA:92,0,0,0
BRDA:92,0,1,0
BRDA:118,1,0,0
BRDA:118,1,1,0
BRDA:122,2,0,0
BRDA:122,2,1,0
BRDA:122,3,0,0
BRDA:122,3,1,0
BRDA:134,4,0,0
BRDA:134,4,1,0
BRDA:137,5,0,0
BRDA:137,5,1,0
BRDA:141,6,0,0
BRDA:141,6,1,0
BRDA:145,7,0,0
BRDA:145,7,1,0
BRDA:152,8,0,0
BRDA:152,8,1,0
BRDA:176,9,0,0
BRDA:176,9,1,0
BRDA:180,10,0,0
BRDA:180,10,1,0
BRDA:181,11,0,0
BRDA:181,11,1,0
BRDA:182,12,0,0
BRDA:182,12,1,0
BRDA:204,13,0,0
BRDA:204,13,1,0
BRDA:205,14,0,0
BRDA:205,14,1,0
BRDA:216,15,0,0
BRDA:216,15,1,0
BRDA:228,16,0,0
BRDA:228,16,1,0
BRDA:232,17,0,0
BRDA:232,17,1,0
BRDA:235,18,0,0
BRDA:235,18,1,0
BRDA:266,19,0,0
BRDA:266,19,1,0
BRDA:276,20,0,0
BRDA:276,20,1,0
BRDA:276,21,0,0
BRDA:276,21,1,0
BRDA:286,22,0,0
BRDA:286,22,1,0
BRDA:296,23,0,0
BRDA:296,23,1,0
BRF:48
BRH:0
end_of_record
TN:
SF:utils\performanceMetrics.js
FN:9,(anonymous_0)
FN:16,(anonymous_1)
FN:45,(anonymous_2)
FN:64,(anonymous_3)
FN:75,(anonymous_4)
FN:81,(anonymous_5)
FN:86,(anonymous_6)
FN:96,(anonymous_7)
FN:97,(anonymous_8)
FN:98,(anonymous_9)
FN:107,(anonymous_10)
FN:115,(anonymous_11)
FN:157,(anonymous_12)
FN:164,(anonymous_13)
FN:268,validatePerformance
FN:295,generateComparisonReport
FN:305,(anonymous_16)
FN:334,(anonymous_17)
FN:336,(anonymous_18)
FN:338,(anonymous_19)
FN:340,(anonymous_20)
FNF:21
FNH:0
FNDA:0,(anonymous_0)
FNDA:0,(anonymous_1)
FNDA:0,(anonymous_2)
FNDA:0,(anonymous_3)
FNDA:0,(anonymous_4)
FNDA:0,(anonymous_5)
FNDA:0,(anonymous_6)
FNDA:0,(anonymous_7)
FNDA:0,(anonymous_8)
FNDA:0,(anonymous_9)
FNDA:0,(anonymous_10)
FNDA:0,(anonymous_11)
FNDA:0,(anonymous_12)
FNDA:0,(anonymous_13)
FNDA:0,validatePerformance
FNDA:0,generateComparisonReport
FNDA:0,(anonymous_16)
FNDA:0,(anonymous_17)
FNDA:0,(anonymous_18)
FNDA:0,(anonymous_19)
FNDA:0,(anonymous_20)
DA:10,0
DA:17,0
DA:18,0
DA:28,0
DA:29,0
DA:30,0
DA:31,0
DA:32,0
DA:33,0
DA:34,0
DA:37,0
DA:38,0
DA:46,0
DA:47,0
DA:49,0
DA:65,0
DA:66,0
DA:67,0
DA:69,0
DA:76,0
DA:77,0
DA:78,0
DA:80,0
DA:81,0
DA:84,0
DA:85,0
DA:86,0
DA:96,0
DA:97,0
DA:98,0
DA:100,0
DA:101,0
DA:102,0
DA:103,0
DA:104,0
DA:105,0
DA:106,0
DA:107,0
DA:109,0
DA:116,0
DA:117,0
DA:119,0
DA:120,0
DA:121,0
DA:124,0
DA:125,0
DA:127,0
DA:128,0
DA:129,0
DA:130,0
DA:143,0
DA:144,0
DA:145,0
DA:146,0
DA:148,0
DA:158,0
DA:165,0
DA:175,0
DA:269,0
DA:270,0
DA:272,0
DA:273,0
DA:275,0
DA:296,0
DA:297,0
DA:298,0
DA:300,0
DA:301,0
DA:303,0
DA:305,0
DA:306,0
DA:307,0
DA:309,0
DA:310,0
DA:312,0
DA:322,0
DA:323,0
DA:324,0
DA:325,0
DA:326,0
DA:329,0
DA:330,0
DA:333,0
DA:334,0
DA:335,0
DA:336,0
DA:337,0
DA:338,0
DA:339,0
DA:340,0
DA:342,0
DA:343,0
DA:345,0
DA:346,0
DA:347,0
DA:349,0
DA:353,0
LF:97
LH:0
BRDA:16,0,0,0
BRDA:17,1,0,0
BRDA:17,1,1,0
BRDA:37,2,0,0
BRDA:37,2,1,0
BRDA:47,3,0,0
BRDA:47,3,1,0
BRDA:47,4,0,0
BRDA:47,4,1,0
BRDA:119,5,0,0
BRDA:119,5,1,0
BRDA:119,6,0,0
BRDA:119,6,1,0
BRDA:268,7,0,0
BRDA:270,8,0,0
BRDA:270,8,1,0
BRDA:280,9,0,0
BRDA:280,9,1,0
BRDA:284,10,0,0
BRDA:284,10,1,0
BRF:20
BRH:0
end_of_record
TN:
SF:utils\razorpay.js
FN:7,(anonymous_0)
FN:14,(anonymous_1)
FN:16,(anonymous_2)
FN:17,(anonymous_3)
FN:39,(anonymous_4)
FN:65,(anonymous_5)
FN:85,(anonymous_6)
FN:104,(anonymous_7)
FN:120,(anonymous_8)
FN:138,(anonymous_9)
FN:163,(anonymous_10)
FNF:11
FNH:0
FNDA:0,(anonymous_0)
FNDA:0,(anonymous_1)
FNDA:0,(anonymous_2)
FNDA:0,(anonymous_3)
FNDA:0,(anonymous_4)
FNDA:0,(anonymous_5)
FNDA:0,(anonymous_6)
FNDA:0,(anonymous_7)
FNDA:0,(anonymous_8)
FNDA:0,(anonymous_9)
FNDA:0,(anonymous_10)
DA:2,0
DA:5,0
DA:7,0
DA:8,0
DA:10,0
DA:11,0
DA:13,0
DA:14,0
DA:16,0
DA:17,0
DA:22,0
DA:23,0
DA:28,0
DA:39,0
DA:40,0
DA:41,0
DA:42,0
DA:49,0
DA:50,0
DA:51,0
DA:53,0
DA:54,0
DA:65,0
DA:66,0
DA:67,0
DA:72,0
DA:74,0
DA:75,0
DA:85,0
DA:86,0
DA:87,0
DA:92,0
DA:94,0
DA:95,0
DA:104,0
DA:105,0
DA:106,0
DA:107,0
DA:108,0
DA:110,0
DA:111,0
DA:120,0
DA:121,0
DA:122,0
DA:123,0
DA:124,0
DA:126,0
DA:127,0
DA:138,0
DA:139,0
DA:140,0
DA:141,0
DA:145,0
DA:146,0
DA:149,0
DA:150,0
DA:152,0
DA:153,0
DA:163,0
DA:164,0
DA:167,0
LF:61
LH:0
BRDA:8,0,0,0
BRDA:8,0,1,0
BRDA:10,1,0,0
BRDA:10,1,1,0
BRDA:10,2,0,0
BRDA:10,2,1,0
BRDA:39,3,0,0
BRDA:39,4,0,0
BRDA:39,5,0,0
BRDA:138,6,0,0
BRDA:138,7,0,0
BRDA:145,8,0,0
BRDA:145,8,1,0
BRF:13
BRH:0
end_of_record
TN:
SF:utils\sample_util.js
FNF:0
FNH:0
LF:0
LH:0
BRF:0
BRH:0
end_of_record
TN:
SF:utils\solrSearch.js
FN:35,solrSearch
FN:67,(anonymous_1)
FN:99,(anonymous_2)
FN:149,mongoSearch
FN:258,formatSolrResults
FN:263,(anonymous_5)
FN:267,(anonymous_6)
FN:298,getSearchStats
FN:321,resetSearchStats
FNF:9
FNH:7
FNDA:19,solrSearch
FNDA:6,(anonymous_1)
FNDA:7,(anonymous_2)
FNDA:3,mongoSearch
FNDA:22,formatSolrResults
FNDA:48,(anonymous_5)
FNDA:7,(anonymous_6)
FNDA:0,getSearchStats
FNDA:0,resetSearchStats
DA:7,1
DA:8,1
DA:9,1
DA:12,1
DA:36,19
DA:38,19
DA:39,19
DA:42,19
DA:45,19
DA:46,6
DA:47,6
DA:49,13
DA:53,19
DA:54,3
DA:55,3
DA:59,19
DA:60,1
DA:61,1
DA:65,19
DA:67,3
DA:68,6
DA:69,6
DA:71,3
DA:76,19
DA:79,19
DA:80,17
DA:86,17
DA:87,17
DA:89,17
DA:90,17
DA:91,17
DA:92,17
DA:94,17
DA:95,16
DA:98,16
DA:99,7
DA:103,16
DA:105,16
DA:106,16
DA:122,1
DA:123,1
DA:128,3
DA:130,0
DA:132,0
DA:150,3
DA:151,3
DA:152,3
DA:154,3
DA:159,3
DA:161,3
DA:162,0
DA:167,3
DA:168,0
DA:173,3
DA:174,2
DA:183,3
DA:184,0
DA:189,3
DA:190,0
DA:195,3
DA:196,2
DA:202,3
DA:214,3
DA:215,2
DA:217,2
DA:218,2
DA:219,2
DA:221,2
DA:222,1
DA:224,1
DA:240,2
DA:241,2
DA:259,22
DA:260,0
DA:263,22
DA:265,48
DA:266,48
DA:267,7
DA:268,46
DA:269,7
DA:272,48
DA:299,0
DA:300,0
DA:302,0
DA:322,0
DA:333,1
LF:86
LH:75
BRDA:39,0,0,0
BRDA:39,1,0,1
BRDA:45,2,0,6
BRDA:45,2,1,13
BRDA:45,3,0,19
BRDA:45,3,1,6
BRDA:53,4,0,3
BRDA:53,4,1,16
BRDA:53,5,0,19
BRDA:53,5,1,3
BRDA:59,6,0,1
BRDA:59,6,1,18
BRDA:59,7,0,19
BRDA:59,7,1,1
BRDA:59,7,2,1
BRDA:65,8,0,3
BRDA:65,8,1,16
BRDA:65,9,0,19
BRDA:65,9,1,19
BRDA:79,10,0,17
BRDA:79,10,1,2
BRDA:94,11,0,16
BRDA:94,11,1,1
BRDA:98,12,0,4
BRDA:98,12,1,12
BRDA:98,13,0,16
BRDA:98,13,1,4
BRDA:99,14,0,7
BRDA:99,14,1,1
BRDA:151,15,0,0
BRDA:151,16,0,0
BRDA:161,17,0,0
BRDA:161,17,1,3
BRDA:161,18,0,3
BRDA:161,18,1,0
BRDA:167,19,0,0
BRDA:167,19,1,3
BRDA:167,20,0,3
BRDA:167,20,1,0
BRDA:167,20,2,0
BRDA:173,21,0,2
BRDA:173,21,1,1
BRDA:173,22,0,3
BRDA:173,22,1,2
BRDA:183,23,0,0
BRDA:183,23,1,3
BRDA:183,24,0,3
BRDA:183,24,1,3
BRDA:189,25,0,0
BRDA:189,25,1,3
BRDA:189,26,0,3
BRDA:189,26,1,0
BRDA:195,27,0,2
BRDA:195,27,1,1
BRDA:221,28,0,1
BRDA:221,28,1,0
BRDA:222,29,0,1
BRDA:222,29,1,0
BRDA:228,30,0,0
BRDA:228,30,1,1
BRDA:259,31,0,0
BRDA:259,31,1,22
BRDA:259,32,0,22
BRDA:259,32,1,22
BRDA:266,33,0,2
BRDA:266,33,1,46
BRDA:268,34,0,7
BRDA:268,34,1,39
BRDA:274,35,0,48
BRDA:274,35,1,7
BRDA:275,36,0,48
BRDA:275,36,1,48
BRDA:276,37,0,48
BRDA:276,37,1,48
BRDA:277,38,0,48
BRDA:277,38,1,42
BRDA:278,39,0,48
BRDA:278,39,1,46
BRDA:280,40,0,48
BRDA:280,40,1,39
BRDA:281,41,0,48
BRDA:281,41,1,47
BRDA:282,42,0,48
BRDA:282,42,1,47
BRDA:283,43,0,48
BRDA:283,43,1,48
BRDA:284,44,0,48
BRDA:284,44,1,48
BRDA:285,45,0,48
BRDA:285,45,1,46
BRDA:286,46,0,1
BRDA:286,46,1,47
BRDA:287,47,0,0
BRDA:287,47,1,48
BRDA:300,48,0,0
BRDA:300,48,1,0
BRDA:311,49,0,0
BRDA:311,49,1,0
BRF:98
BRH:78
end_of_record
